{"C:\\Users\\DELL\\CascadeProjects\\chapechape_residences\\backend\\src\\controllers\\admin.controller.js": {"path":"C:\\Users\\DELL\\CascadeProjects\\chapechape_residences\\backend\\src\\controllers\\admin.controller.js","statementMap":{"0":{"start":{"line":1,"column":13},"end":{"line":1,"column":44}},"1":{"start":{"line":2,"column":16},"end":{"line":2,"column":50}},"2":{"start":{"line":3,"column":18},"end":{"line":3,"column":54}},"3":{"start":{"line":4,"column":20},"end":{"line":4,"column":58}},"4":{"start":{"line":5,"column":16},"end":{"line":5,"column":50}},"5":{"start":{"line":6,"column":21},"end":{"line":6,"column":57}},"6":{"start":{"line":7,"column":28},"end":{"line":7,"column":71}},"7":{"start":{"line":8,"column":21},"end":{"line":8,"column":51}},"8":{"start":{"line":11,"column":0},"end":{"line":18,"column":3}},"9":{"start":{"line":12,"column":18},"end":{"line":12,"column":52}},"10":{"start":{"line":14,"column":4},"end":{"line":17,"column":7}},"11":{"start":{"line":21,"column":0},"end":{"line":38,"column":3}},"12":{"start":{"line":22,"column":35},"end":{"line":22,"column":44}},"13":{"start":{"line":24,"column":46},"end":{"line":28,"column":6}},"14":{"start":{"line":30,"column":4},"end":{"line":37,"column":7}},"15":{"start":{"line":41,"column":0},"end":{"line":55,"column":3}},"16":{"start":{"line":42,"column":28},"end":{"line":42,"column":38}},"17":{"start":{"line":43,"column":35},"end":{"line":43,"column":44}},"18":{"start":{"line":45,"column":25},"end":{"line":49,"column":5}},"19":{"start":{"line":51,"column":4},"end":{"line":54,"column":7}},"20":{"start":{"line":57,"column":0},"end":{"line":75,"column":3}},"21":{"start":{"line":58,"column":28},"end":{"line":58,"column":38}},"22":{"start":{"line":59,"column":35},"end":{"line":59,"column":43}},"23":{"start":{"line":61,"column":4},"end":{"line":66,"column":5}},"24":{"start":{"line":62,"column":8},"end":{"line":65,"column":11}},"25":{"start":{"line":68,"column":22},"end":{"line":68,"column":95}},"26":{"start":{"line":70,"column":4},"end":{"line":74,"column":7}},"27":{"start":{"line":77,"column":0},"end":{"line":95,"column":3}},"28":{"start":{"line":78,"column":28},"end":{"line":78,"column":38}},"29":{"start":{"line":79,"column":35},"end":{"line":79,"column":43}},"30":{"start":{"line":81,"column":4},"end":{"line":86,"column":5}},"31":{"start":{"line":82,"column":8},"end":{"line":85,"column":11}},"32":{"start":{"line":88,"column":22},"end":{"line":88,"column":97}},"33":{"start":{"line":90,"column":4},"end":{"line":94,"column":7}},"34":{"start":{"line":98,"column":0},"end":{"line":104,"column":3}},"35":{"start":{"line":99,"column":18},"end":{"line":99,"column":71}},"36":{"start":{"line":100,"column":4},"end":{"line":103,"column":7}},"37":{"start":{"line":106,"column":0},"end":{"line":120,"column":3}},"38":{"start":{"line":107,"column":17},"end":{"line":107,"column":71}},"39":{"start":{"line":109,"column":4},"end":{"line":114,"column":5}},"40":{"start":{"line":110,"column":8},"end":{"line":113,"column":11}},"41":{"start":{"line":116,"column":4},"end":{"line":119,"column":7}},"42":{"start":{"line":122,"column":0},"end":{"line":140,"column":3}},"43":{"start":{"line":123,"column":17},"end":{"line":127,"column":25}},"44":{"start":{"line":129,"column":4},"end":{"line":134,"column":5}},"45":{"start":{"line":130,"column":8},"end":{"line":133,"column":11}},"46":{"start":{"line":136,"column":4},"end":{"line":139,"column":7}},"47":{"start":{"line":142,"column":0},"end":{"line":156,"column":3}},"48":{"start":{"line":143,"column":17},"end":{"line":143,"column":60}},"49":{"start":{"line":145,"column":4},"end":{"line":150,"column":5}},"50":{"start":{"line":146,"column":8},"end":{"line":149,"column":11}},"51":{"start":{"line":152,"column":4},"end":{"line":155,"column":7}},"52":{"start":{"line":159,"column":0},"end":{"line":165,"column":3}},"53":{"start":{"line":160,"column":21},"end":{"line":160,"column":41}},"54":{"start":{"line":161,"column":4},"end":{"line":164,"column":7}},"55":{"start":{"line":167,"column":0},"end":{"line":181,"column":3}},"56":{"start":{"line":168,"column":20},"end":{"line":168,"column":57}},"57":{"start":{"line":170,"column":4},"end":{"line":175,"column":5}},"58":{"start":{"line":171,"column":8},"end":{"line":174,"column":11}},"59":{"start":{"line":177,"column":4},"end":{"line":180,"column":7}},"60":{"start":{"line":183,"column":0},"end":{"line":201,"column":3}},"61":{"start":{"line":184,"column":20},"end":{"line":188,"column":5}},"62":{"start":{"line":190,"column":4},"end":{"line":195,"column":5}},"63":{"start":{"line":191,"column":8},"end":{"line":194,"column":11}},"64":{"start":{"line":197,"column":4},"end":{"line":200,"column":7}},"65":{"start":{"line":203,"column":0},"end":{"line":217,"column":3}},"66":{"start":{"line":204,"column":20},"end":{"line":204,"column":66}},"67":{"start":{"line":206,"column":4},"end":{"line":211,"column":5}},"68":{"start":{"line":207,"column":8},"end":{"line":210,"column":11}},"69":{"start":{"line":213,"column":4},"end":{"line":216,"column":7}},"70":{"start":{"line":219,"column":0},"end":{"line":237,"column":3}},"71":{"start":{"line":220,"column":20},"end":{"line":224,"column":5}},"72":{"start":{"line":226,"column":4},"end":{"line":231,"column":5}},"73":{"start":{"line":227,"column":8},"end":{"line":230,"column":11}},"74":{"start":{"line":233,"column":4},"end":{"line":236,"column":7}},"75":{"start":{"line":240,"column":0},"end":{"line":247,"column":3}},"76":{"start":{"line":241,"column":23},"end":{"line":241,"column":79}},"77":{"start":{"line":243,"column":4},"end":{"line":246,"column":7}},"78":{"start":{"line":249,"column":0},"end":{"line":257,"column":3}},"79":{"start":{"line":250,"column":23},"end":{"line":251,"column":42}},"80":{"start":{"line":253,"column":4},"end":{"line":256,"column":7}},"81":{"start":{"line":259,"column":0},"end":{"line":274,"column":3}},"82":{"start":{"line":260,"column":22},"end":{"line":261,"column":42}},"83":{"start":{"line":263,"column":4},"end":{"line":268,"column":5}},"84":{"start":{"line":264,"column":8},"end":{"line":267,"column":11}},"85":{"start":{"line":270,"column":4},"end":{"line":273,"column":7}},"86":{"start":{"line":276,"column":0},"end":{"line":294,"column":3}},"87":{"start":{"line":277,"column":22},"end":{"line":281,"column":5}},"88":{"start":{"line":283,"column":4},"end":{"line":288,"column":5}},"89":{"start":{"line":284,"column":8},"end":{"line":287,"column":11}},"90":{"start":{"line":290,"column":4},"end":{"line":293,"column":7}},"91":{"start":{"line":296,"column":0},"end":{"line":318,"column":3}},"92":{"start":{"line":297,"column":23},"end":{"line":297,"column":31}},"93":{"start":{"line":298,"column":22},"end":{"line":305,"column":5}},"94":{"start":{"line":307,"column":4},"end":{"line":312,"column":5}},"95":{"start":{"line":308,"column":8},"end":{"line":311,"column":11}},"96":{"start":{"line":314,"column":4},"end":{"line":317,"column":7}},"97":{"start":{"line":320,"column":0},"end":{"line":342,"column":3}},"98":{"start":{"line":321,"column":22},"end":{"line":329,"column":5}},"99":{"start":{"line":331,"column":4},"end":{"line":336,"column":5}},"100":{"start":{"line":332,"column":8},"end":{"line":335,"column":11}},"101":{"start":{"line":338,"column":4},"end":{"line":341,"column":7}}},"fnMap":{"0":{"name":"(anonymous_0)","decl":{"start":{"line":11,"column":41},"end":{"line":11,"column":42}},"loc":{"start":{"line":11,"column":61},"end":{"line":18,"column":1}},"line":11},"1":{"name":"(anonymous_1)","decl":{"start":{"line":21,"column":40},"end":{"line":21,"column":41}},"loc":{"start":{"line":21,"column":60},"end":{"line":38,"column":1}},"line":21},"2":{"name":"(anonymous_2)","decl":{"start":{"line":41,"column":48},"end":{"line":41,"column":49}},"loc":{"start":{"line":41,"column":68},"end":{"line":55,"column":1}},"line":41},"3":{"name":"(anonymous_3)","decl":{"start":{"line":57,"column":43},"end":{"line":57,"column":44}},"loc":{"start":{"line":57,"column":63},"end":{"line":75,"column":1}},"line":57},"4":{"name":"(anonymous_4)","decl":{"start":{"line":77,"column":45},"end":{"line":77,"column":46}},"loc":{"start":{"line":77,"column":65},"end":{"line":95,"column":1}},"line":77},"5":{"name":"(anonymous_5)","decl":{"start":{"line":98,"column":35},"end":{"line":98,"column":36}},"loc":{"start":{"line":98,"column":55},"end":{"line":104,"column":1}},"line":98},"6":{"name":"(anonymous_6)","decl":{"start":{"line":106,"column":31},"end":{"line":106,"column":32}},"loc":{"start":{"line":106,"column":51},"end":{"line":120,"column":1}},"line":106},"7":{"name":"(anonymous_7)","decl":{"start":{"line":122,"column":34},"end":{"line":122,"column":35}},"loc":{"start":{"line":122,"column":54},"end":{"line":140,"column":1}},"line":122},"8":{"name":"(anonymous_8)","decl":{"start":{"line":142,"column":34},"end":{"line":142,"column":35}},"loc":{"start":{"line":142,"column":54},"end":{"line":156,"column":1}},"line":142},"9":{"name":"(anonymous_9)","decl":{"start":{"line":159,"column":38},"end":{"line":159,"column":39}},"loc":{"start":{"line":159,"column":58},"end":{"line":165,"column":1}},"line":159},"10":{"name":"(anonymous_10)","decl":{"start":{"line":167,"column":34},"end":{"line":167,"column":35}},"loc":{"start":{"line":167,"column":54},"end":{"line":181,"column":1}},"line":167},"11":{"name":"(anonymous_11)","decl":{"start":{"line":183,"column":37},"end":{"line":183,"column":38}},"loc":{"start":{"line":183,"column":57},"end":{"line":201,"column":1}},"line":183},"12":{"name":"(anonymous_12)","decl":{"start":{"line":203,"column":37},"end":{"line":203,"column":38}},"loc":{"start":{"line":203,"column":57},"end":{"line":217,"column":1}},"line":203},"13":{"name":"(anonymous_13)","decl":{"start":{"line":219,"column":37},"end":{"line":219,"column":38}},"loc":{"start":{"line":219,"column":57},"end":{"line":237,"column":1}},"line":219},"14":{"name":"(anonymous_14)","decl":{"start":{"line":240,"column":40},"end":{"line":240,"column":41}},"loc":{"start":{"line":240,"column":60},"end":{"line":247,"column":1}},"line":240},"15":{"name":"(anonymous_15)","decl":{"start":{"line":249,"column":44},"end":{"line":249,"column":45}},"loc":{"start":{"line":249,"column":64},"end":{"line":257,"column":1}},"line":249},"16":{"name":"(anonymous_16)","decl":{"start":{"line":259,"column":36},"end":{"line":259,"column":37}},"loc":{"start":{"line":259,"column":56},"end":{"line":274,"column":1}},"line":259},"17":{"name":"(anonymous_17)","decl":{"start":{"line":276,"column":41},"end":{"line":276,"column":42}},"loc":{"start":{"line":276,"column":61},"end":{"line":294,"column":1}},"line":276},"18":{"name":"(anonymous_18)","decl":{"start":{"line":296,"column":39},"end":{"line":296,"column":40}},"loc":{"start":{"line":296,"column":59},"end":{"line":318,"column":1}},"line":296},"19":{"name":"(anonymous_19)","decl":{"start":{"line":320,"column":39},"end":{"line":320,"column":40}},"loc":{"start":{"line":320,"column":59},"end":{"line":342,"column":1}},"line":320}},"branchMap":{"0":{"loc":{"start":{"line":61,"column":4},"end":{"line":66,"column":5}},"type":"if","locations":[{"start":{"line":61,"column":4},"end":{"line":66,"column":5}},{"start":{},"end":{}}],"line":61},"1":{"loc":{"start":{"line":61,"column":8},"end":{"line":61,"column":30}},"type":"binary-expr","locations":[{"start":{"line":61,"column":8},"end":{"line":61,"column":18}},{"start":{"line":61,"column":22},"end":{"line":61,"column":30}}],"line":61},"2":{"loc":{"start":{"line":81,"column":4},"end":{"line":86,"column":5}},"type":"if","locations":[{"start":{"line":81,"column":4},"end":{"line":86,"column":5}},{"start":{},"end":{}}],"line":81},"3":{"loc":{"start":{"line":81,"column":8},"end":{"line":81,"column":30}},"type":"binary-expr","locations":[{"start":{"line":81,"column":8},"end":{"line":81,"column":18}},{"start":{"line":81,"column":22},"end":{"line":81,"column":30}}],"line":81},"4":{"loc":{"start":{"line":109,"column":4},"end":{"line":114,"column":5}},"type":"if","locations":[{"start":{"line":109,"column":4},"end":{"line":114,"column":5}},{"start":{},"end":{}}],"line":109},"5":{"loc":{"start":{"line":129,"column":4},"end":{"line":134,"column":5}},"type":"if","locations":[{"start":{"line":129,"column":4},"end":{"line":134,"column":5}},{"start":{},"end":{}}],"line":129},"6":{"loc":{"start":{"line":145,"column":4},"end":{"line":150,"column":5}},"type":"if","locations":[{"start":{"line":145,"column":4},"end":{"line":150,"column":5}},{"start":{},"end":{}}],"line":145},"7":{"loc":{"start":{"line":170,"column":4},"end":{"line":175,"column":5}},"type":"if","locations":[{"start":{"line":170,"column":4},"end":{"line":175,"column":5}},{"start":{},"end":{}}],"line":170},"8":{"loc":{"start":{"line":190,"column":4},"end":{"line":195,"column":5}},"type":"if","locations":[{"start":{"line":190,"column":4},"end":{"line":195,"column":5}},{"start":{},"end":{}}],"line":190},"9":{"loc":{"start":{"line":206,"column":4},"end":{"line":211,"column":5}},"type":"if","locations":[{"start":{"line":206,"column":4},"end":{"line":211,"column":5}},{"start":{},"end":{}}],"line":206},"10":{"loc":{"start":{"line":226,"column":4},"end":{"line":231,"column":5}},"type":"if","locations":[{"start":{"line":226,"column":4},"end":{"line":231,"column":5}},{"start":{},"end":{}}],"line":226},"11":{"loc":{"start":{"line":263,"column":4},"end":{"line":268,"column":5}},"type":"if","locations":[{"start":{"line":263,"column":4},"end":{"line":268,"column":5}},{"start":{},"end":{}}],"line":263},"12":{"loc":{"start":{"line":283,"column":4},"end":{"line":288,"column":5}},"type":"if","locations":[{"start":{"line":283,"column":4},"end":{"line":288,"column":5}},{"start":{},"end":{}}],"line":283},"13":{"loc":{"start":{"line":307,"column":4},"end":{"line":312,"column":5}},"type":"if","locations":[{"start":{"line":307,"column":4},"end":{"line":312,"column":5}},{"start":{},"end":{}}],"line":307},"14":{"loc":{"start":{"line":331,"column":4},"end":{"line":336,"column":5}},"type":"if","locations":[{"start":{"line":331,"column":4},"end":{"line":336,"column":5}},{"start":{},"end":{}}],"line":331}},"s":{"0":13,"1":13,"2":13,"3":13,"4":13,"5":13,"6":13,"7":13,"8":13,"9":0,"10":0,"11":13,"12":0,"13":0,"14":0,"15":13,"16":0,"17":0,"18":0,"19":0,"20":13,"21":0,"22":0,"23":0,"24":0,"25":0,"26":0,"27":13,"28":0,"29":0,"30":0,"31":0,"32":0,"33":0,"34":13,"35":0,"36":0,"37":13,"38":0,"39":0,"40":0,"41":0,"42":13,"43":0,"44":0,"45":0,"46":0,"47":13,"48":0,"49":0,"50":0,"51":0,"52":13,"53":0,"54":0,"55":13,"56":0,"57":0,"58":0,"59":0,"60":13,"61":0,"62":0,"63":0,"64":0,"65":13,"66":0,"67":0,"68":0,"69":0,"70":13,"71":0,"72":0,"73":0,"74":0,"75":13,"76":0,"77":0,"78":13,"79":0,"80":0,"81":13,"82":0,"83":0,"84":0,"85":0,"86":13,"87":0,"88":0,"89":0,"90":0,"91":13,"92":0,"93":0,"94":0,"95":0,"96":0,"97":13,"98":0,"99":0,"100":0,"101":0},"f":{"0":0,"1":0,"2":0,"3":0,"4":0,"5":0,"6":0,"7":0,"8":0,"9":0,"10":0,"11":0,"12":0,"13":0,"14":0,"15":0,"16":0,"17":0,"18":0,"19":0},"b":{"0":[0,0],"1":[0,0],"2":[0,0],"3":[0,0],"4":[0,0],"5":[0,0],"6":[0,0],"7":[0,0],"8":[0,0],"9":[0,0],"10":[0,0],"11":[0,0],"12":[0,0],"13":[0,0],"14":[0,0]},"_coverageSchema":"1a1c01bbd47fc00a2c39e90264f33305004495a9","hash":"7b517878ae940f0ada25b4fcea43d3600143e3de"}
,"C:\\Users\\DELL\\CascadeProjects\\chapechape_residences\\backend\\src\\controllers\\favorite.controller.js": {"path":"C:\\Users\\DELL\\CascadeProjects\\chapechape_residences\\backend\\src\\controllers\\favorite.controller.js","statementMap":{"0":{"start":{"line":1,"column":17},"end":{"line":1,"column":52}},"1":{"start":{"line":2,"column":18},"end":{"line":2,"column":54}},"2":{"start":{"line":3,"column":17},"end":{"line":3,"column":45}},"3":{"start":{"line":4,"column":21},"end":{"line":4,"column":51}},"4":{"start":{"line":5,"column":28},"end":{"line":5,"column":71}},"5":{"start":{"line":6,"column":31},"end":{"line":6,"column":60}},"6":{"start":{"line":11,"column":0},"end":{"line":48,"column":3}},"7":{"start":{"line":12,"column":28},"end":{"line":12,"column":36}},"8":{"start":{"line":15,"column":22},"end":{"line":15,"column":59}},"9":{"start":{"line":16,"column":4},"end":{"line":18,"column":5}},"10":{"start":{"line":17,"column":8},"end":{"line":17,"column":55}},"11":{"start":{"line":21,"column":29},"end":{"line":24,"column":6}},"12":{"start":{"line":26,"column":4},"end":{"line":28,"column":5}},"13":{"start":{"line":27,"column":8},"end":{"line":27,"column":66}},"14":{"start":{"line":31,"column":21},"end":{"line":34,"column":6}},"15":{"start":{"line":37,"column":4},"end":{"line":42,"column":6}},"16":{"start":{"line":44,"column":4},"end":{"line":47,"column":7}},"17":{"start":{"line":53,"column":0},"end":{"line":62,"column":3}},"18":{"start":{"line":54,"column":22},"end":{"line":55,"column":30}},"19":{"start":{"line":57,"column":4},"end":{"line":61,"column":7}},"20":{"start":{"line":67,"column":0},"end":{"line":91,"column":3}},"21":{"start":{"line":68,"column":21},"end":{"line":71,"column":28}},"22":{"start":{"line":73,"column":4},"end":{"line":75,"column":5}},"23":{"start":{"line":74,"column":8},"end":{"line":74,"column":54}},"24":{"start":{"line":77,"column":4},"end":{"line":77,"column":52}},"25":{"start":{"line":80,"column":4},"end":{"line":85,"column":6}},"26":{"start":{"line":87,"column":4},"end":{"line":90,"column":7}},"27":{"start":{"line":96,"column":0},"end":{"line":106,"column":3}},"28":{"start":{"line":97,"column":21},"end":{"line":100,"column":6}},"29":{"start":{"line":102,"column":4},"end":{"line":105,"column":7}},"30":{"start":{"line":111,"column":0},"end":{"line":147,"column":3}},"31":{"start":{"line":112,"column":18},"end":{"line":141,"column":6}},"32":{"start":{"line":143,"column":4},"end":{"line":146,"column":7}}},"fnMap":{"0":{"name":"(anonymous_0)","decl":{"start":{"line":11,"column":38},"end":{"line":11,"column":39}},"loc":{"start":{"line":11,"column":58},"end":{"line":48,"column":1}},"line":11},"1":{"name":"(anonymous_1)","decl":{"start":{"line":53,"column":36},"end":{"line":53,"column":37}},"loc":{"start":{"line":53,"column":56},"end":{"line":62,"column":1}},"line":53},"2":{"name":"(anonymous_2)","decl":{"start":{"line":67,"column":43},"end":{"line":67,"column":44}},"loc":{"start":{"line":67,"column":63},"end":{"line":91,"column":1}},"line":67},"3":{"name":"(anonymous_3)","decl":{"start":{"line":96,"column":37},"end":{"line":96,"column":38}},"loc":{"start":{"line":96,"column":57},"end":{"line":106,"column":1}},"line":96},"4":{"name":"(anonymous_4)","decl":{"start":{"line":111,"column":40},"end":{"line":111,"column":41}},"loc":{"start":{"line":111,"column":60},"end":{"line":147,"column":1}},"line":111}},"branchMap":{"0":{"loc":{"start":{"line":16,"column":4},"end":{"line":18,"column":5}},"type":"if","locations":[{"start":{"line":16,"column":4},"end":{"line":18,"column":5}},{"start":{},"end":{}}],"line":16},"1":{"loc":{"start":{"line":26,"column":4},"end":{"line":28,"column":5}},"type":"if","locations":[{"start":{"line":26,"column":4},"end":{"line":28,"column":5}},{"start":{},"end":{}}],"line":26},"2":{"loc":{"start":{"line":73,"column":4},"end":{"line":75,"column":5}},"type":"if","locations":[{"start":{"line":73,"column":4},"end":{"line":75,"column":5}},{"start":{},"end":{}}],"line":73}},"s":{"0":13,"1":13,"2":13,"3":13,"4":13,"5":13,"6":13,"7":0,"8":0,"9":0,"10":0,"11":0,"12":0,"13":0,"14":0,"15":0,"16":0,"17":13,"18":0,"19":0,"20":13,"21":0,"22":0,"23":0,"24":0,"25":0,"26":0,"27":13,"28":0,"29":0,"30":13,"31":0,"32":0},"f":{"0":0,"1":0,"2":0,"3":0,"4":0},"b":{"0":[0,0],"1":[0,0],"2":[0,0]},"_coverageSchema":"1a1c01bbd47fc00a2c39e90264f33305004495a9","hash":"2a6b77d95639ec0410508d2e68042ba7af02a32f"}
,"C:\\Users\\DELL\\CascadeProjects\\chapechape_residences\\backend\\src\\controllers\\notification.controller.js": {"path":"C:\\Users\\DELL\\CascadeProjects\\chapechape_residences\\backend\\src\\controllers\\notification.controller.js","statementMap":{"0":{"start":{"line":1,"column":21},"end":{"line":1,"column":51}},"1":{"start":{"line":2,"column":28},"end":{"line":2,"column":71}},"2":{"start":{"line":3,"column":31},"end":{"line":3,"column":60}},"3":{"start":{"line":8,"column":0},"end":{"line":16,"column":3}},"4":{"start":{"line":9,"column":28},"end":{"line":9,"column":37}},"5":{"start":{"line":10,"column":19},"end":{"line":10,"column":91}},"6":{"start":{"line":12,"column":4},"end":{"line":15,"column":7}},"7":{"start":{"line":21,"column":0},"end":{"line":35,"column":3}},"8":{"start":{"line":22,"column":25},"end":{"line":22,"column":89}},"9":{"start":{"line":24,"column":4},"end":{"line":29,"column":5}},"10":{"start":{"line":25,"column":8},"end":{"line":28,"column":11}},"11":{"start":{"line":31,"column":4},"end":{"line":34,"column":7}},"12":{"start":{"line":40,"column":0},"end":{"line":47,"column":3}},"13":{"start":{"line":41,"column":4},"end":{"line":41,"column":57}},"14":{"start":{"line":43,"column":4},"end":{"line":46,"column":7}},"15":{"start":{"line":52,"column":0},"end":{"line":66,"column":3}},"16":{"start":{"line":53,"column":25},"end":{"line":53,"column":97}},"17":{"start":{"line":55,"column":4},"end":{"line":60,"column":5}},"18":{"start":{"line":56,"column":8},"end":{"line":59,"column":11}},"19":{"start":{"line":62,"column":4},"end":{"line":65,"column":7}},"20":{"start":{"line":71,"column":0},"end":{"line":78,"column":3}},"21":{"start":{"line":72,"column":4},"end":{"line":72,"column":67}},"22":{"start":{"line":74,"column":4},"end":{"line":77,"column":7}}},"fnMap":{"0":{"name":"(anonymous_0)","decl":{"start":{"line":8,"column":40},"end":{"line":8,"column":41}},"loc":{"start":{"line":8,"column":60},"end":{"line":16,"column":1}},"line":8},"1":{"name":"(anonymous_1)","decl":{"start":{"line":21,"column":34},"end":{"line":21,"column":35}},"loc":{"start":{"line":21,"column":54},"end":{"line":35,"column":1}},"line":21},"2":{"name":"(anonymous_2)","decl":{"start":{"line":40,"column":37},"end":{"line":40,"column":38}},"loc":{"start":{"line":40,"column":57},"end":{"line":47,"column":1}},"line":40},"3":{"name":"(anonymous_3)","decl":{"start":{"line":52,"column":42},"end":{"line":52,"column":43}},"loc":{"start":{"line":52,"column":62},"end":{"line":66,"column":1}},"line":52},"4":{"name":"(anonymous_4)","decl":{"start":{"line":71,"column":47},"end":{"line":71,"column":48}},"loc":{"start":{"line":71,"column":67},"end":{"line":78,"column":1}},"line":71}},"branchMap":{"0":{"loc":{"start":{"line":24,"column":4},"end":{"line":29,"column":5}},"type":"if","locations":[{"start":{"line":24,"column":4},"end":{"line":29,"column":5}},{"start":{},"end":{}}],"line":24},"1":{"loc":{"start":{"line":55,"column":4},"end":{"line":60,"column":5}},"type":"if","locations":[{"start":{"line":55,"column":4},"end":{"line":60,"column":5}},{"start":{},"end":{}}],"line":55}},"s":{"0":13,"1":13,"2":13,"3":13,"4":0,"5":0,"6":0,"7":13,"8":0,"9":0,"10":0,"11":0,"12":13,"13":0,"14":0,"15":13,"16":0,"17":0,"18":0,"19":0,"20":13,"21":0,"22":0},"f":{"0":0,"1":0,"2":0,"3":0,"4":0},"b":{"0":[0,0],"1":[0,0]},"_coverageSchema":"1a1c01bbd47fc00a2c39e90264f33305004495a9","hash":"4e9820c0e3ed4559f40cf62f5f20d350b848643e"}
,"C:\\Users\\DELL\\CascadeProjects\\chapechape_residences\\backend\\src\\controllers\\partner.controller.js": {"path":"C:\\Users\\DELL\\CascadeProjects\\chapechape_residences\\backend\\src\\controllers\\partner.controller.js","statementMap":{"0":{"start":{"line":1,"column":21},"end":{"line":1,"column":51}},"1":{"start":{"line":2,"column":21},"end":{"line":2,"column":57}},"2":{"start":{"line":3,"column":18},"end":{"line":3,"column":54}},"3":{"start":{"line":4,"column":20},"end":{"line":4,"column":58}},"4":{"start":{"line":5,"column":16},"end":{"line":5,"column":50}},"5":{"start":{"line":8,"column":0},"end":{"line":16,"column":3}},"6":{"start":{"line":9,"column":22},"end":{"line":9,"column":33}},"7":{"start":{"line":10,"column":18},"end":{"line":10,"column":63}},"8":{"start":{"line":12,"column":4},"end":{"line":15,"column":7}},"9":{"start":{"line":19,"column":0},"end":{"line":53,"column":3}},"10":{"start":{"line":20,"column":22},"end":{"line":20,"column":33}},"11":{"start":{"line":21,"column":35},"end":{"line":21,"column":44}},"12":{"start":{"line":23,"column":21},"end":{"line":47,"column":6}},"13":{"start":{"line":49,"column":4},"end":{"line":52,"column":7}},"14":{"start":{"line":56,"column":0},"end":{"line":145,"column":3}},"15":{"start":{"line":57,"column":22},"end":{"line":57,"column":33}},"16":{"start":{"line":58,"column":35},"end":{"line":58,"column":44}},"17":{"start":{"line":61,"column":23},"end":{"line":61,"column":67}},"18":{"start":{"line":62,"column":25},"end":{"line":62,"column":51}},"19":{"start":{"line":62,"column":45},"end":{"line":62,"column":50}},"20":{"start":{"line":65,"column":29},"end":{"line":120,"column":6}},"21":{"start":{"line":123,"column":22},"end":{"line":136,"column":6}},"22":{"start":{"line":138,"column":4},"end":{"line":144,"column":7}},"23":{"start":{"line":148,"column":0},"end":{"line":158,"column":3}},"24":{"start":{"line":149,"column":22},"end":{"line":149,"column":33}},"25":{"start":{"line":150,"column":55},"end":{"line":150,"column":64}},"26":{"start":{"line":152,"column":19},"end":{"line":152,"column":86}},"27":{"start":{"line":154,"column":4},"end":{"line":157,"column":7}}},"fnMap":{"0":{"name":"(anonymous_0)","decl":{"start":{"line":8,"column":41},"end":{"line":8,"column":42}},"loc":{"start":{"line":8,"column":61},"end":{"line":16,"column":1}},"line":8},"1":{"name":"(anonymous_1)","decl":{"start":{"line":19,"column":35},"end":{"line":19,"column":36}},"loc":{"start":{"line":19,"column":55},"end":{"line":53,"column":1}},"line":19},"2":{"name":"(anonymous_2)","decl":{"start":{"line":56,"column":41},"end":{"line":56,"column":42}},"loc":{"start":{"line":56,"column":61},"end":{"line":145,"column":1}},"line":56},"3":{"name":"(anonymous_3)","decl":{"start":{"line":62,"column":40},"end":{"line":62,"column":41}},"loc":{"start":{"line":62,"column":45},"end":{"line":62,"column":50}},"line":62},"4":{"name":"(anonymous_4)","decl":{"start":{"line":148,"column":33},"end":{"line":148,"column":34}},"loc":{"start":{"line":148,"column":53},"end":{"line":158,"column":1}},"line":148}},"branchMap":{"0":{"loc":{"start":{"line":29,"column":24},"end":{"line":29,"column":66}},"type":"binary-expr","locations":[{"start":{"line":29,"column":24},"end":{"line":29,"column":33}},{"start":{"line":29,"column":37},"end":{"line":29,"column":66}}],"line":29},"1":{"loc":{"start":{"line":30,"column":24},"end":{"line":30,"column":62}},"type":"binary-expr","locations":[{"start":{"line":30,"column":24},"end":{"line":30,"column":31}},{"start":{"line":30,"column":35},"end":{"line":30,"column":62}}],"line":30},"2":{"loc":{"start":{"line":70,"column":24},"end":{"line":70,"column":66}},"type":"binary-expr","locations":[{"start":{"line":70,"column":24},"end":{"line":70,"column":33}},{"start":{"line":70,"column":37},"end":{"line":70,"column":66}}],"line":70},"3":{"loc":{"start":{"line":71,"column":24},"end":{"line":71,"column":62}},"type":"binary-expr","locations":[{"start":{"line":71,"column":24},"end":{"line":71,"column":31}},{"start":{"line":71,"column":35},"end":{"line":71,"column":62}}],"line":71},"4":{"loc":{"start":{"line":150,"column":12},"end":{"line":150,"column":30}},"type":"default-arg","locations":[{"start":{"line":150,"column":21},"end":{"line":150,"column":30}}],"line":150}},"s":{"0":0,"1":0,"2":0,"3":0,"4":0,"5":0,"6":0,"7":0,"8":0,"9":0,"10":0,"11":0,"12":0,"13":0,"14":0,"15":0,"16":0,"17":0,"18":0,"19":0,"20":0,"21":0,"22":0,"23":0,"24":0,"25":0,"26":0,"27":0},"f":{"0":0,"1":0,"2":0,"3":0,"4":0},"b":{"0":[0,0],"1":[0,0],"2":[0,0],"3":[0,0],"4":[0]}}
,"C:\\Users\\DELL\\CascadeProjects\\chapechape_residences\\backend\\src\\controllers\\residence.controller.js": {"path":"C:\\Users\\DELL\\CascadeProjects\\chapechape_residences\\backend\\src\\controllers\\residence.controller.js","statementMap":{"0":{"start":{"line":1,"column":18},"end":{"line":1,"column":54}},"1":{"start":{"line":2,"column":22},"end":{"line":2,"column":55}},"2":{"start":{"line":3,"column":21},"end":{"line":3,"column":62}},"3":{"start":{"line":8,"column":0},"end":{"line":48,"column":3}},"4":{"start":{"line":19,"column":6},"end":{"line":19,"column":15}},"5":{"start":{"line":22,"column":17},"end":{"line":22,"column":19}},"6":{"start":{"line":23,"column":2},"end":{"line":23,"column":31}},"7":{"start":{"line":23,"column":12},"end":{"line":23,"column":31}},"8":{"start":{"line":24,"column":2},"end":{"line":24,"column":37}},"9":{"start":{"line":24,"column":14},"end":{"line":24,"column":37}},"10":{"start":{"line":25,"column":2},"end":{"line":25,"column":60}},"11":{"start":{"line":25,"column":12},"end":{"line":25,"column":60}},"12":{"start":{"line":26,"column":2},"end":{"line":26,"column":54}},"13":{"start":{"line":26,"column":16},"end":{"line":26,"column":54}},"14":{"start":{"line":27,"column":2},"end":{"line":31,"column":3}},"15":{"start":{"line":28,"column":4},"end":{"line":28,"column":22}},"16":{"start":{"line":29,"column":4},"end":{"line":29,"column":55}},"17":{"start":{"line":29,"column":18},"end":{"line":29,"column":55}},"18":{"start":{"line":30,"column":4},"end":{"line":30,"column":55}},"19":{"start":{"line":30,"column":18},"end":{"line":30,"column":55}},"20":{"start":{"line":33,"column":21},"end":{"line":37,"column":42}},"21":{"start":{"line":39,"column":16},"end":{"line":39,"column":54}},"22":{"start":{"line":41,"column":2},"end":{"line":47,"column":5}},"23":{"start":{"line":53,"column":0},"end":{"line":66,"column":3}},"24":{"start":{"line":54,"column":20},"end":{"line":56,"column":41}},"25":{"start":{"line":58,"column":2},"end":{"line":60,"column":3}},"26":{"start":{"line":59,"column":4},"end":{"line":59,"column":91}},"27":{"start":{"line":62,"column":2},"end":{"line":65,"column":5}},"28":{"start":{"line":71,"column":0},"end":{"line":80,"column":3}},"29":{"start":{"line":72,"column":2},"end":{"line":72,"column":33}},"30":{"start":{"line":74,"column":20},"end":{"line":74,"column":52}},"31":{"start":{"line":76,"column":2},"end":{"line":79,"column":5}},"32":{"start":{"line":85,"column":0},"end":{"line":106,"column":3}},"33":{"start":{"line":86,"column":18},"end":{"line":86,"column":57}},"34":{"start":{"line":88,"column":2},"end":{"line":90,"column":3}},"35":{"start":{"line":89,"column":4},"end":{"line":89,"column":91}},"36":{"start":{"line":93,"column":2},"end":{"line":95,"column":3}},"37":{"start":{"line":94,"column":4},"end":{"line":94,"column":106}},"38":{"start":{"line":97,"column":2},"end":{"line":100,"column":5}},"39":{"start":{"line":102,"column":2},"end":{"line":105,"column":5}},"40":{"start":{"line":111,"column":0},"end":{"line":129,"column":3}},"41":{"start":{"line":112,"column":20},"end":{"line":112,"column":59}},"42":{"start":{"line":114,"column":2},"end":{"line":116,"column":3}},"43":{"start":{"line":115,"column":4},"end":{"line":115,"column":91}},"44":{"start":{"line":119,"column":2},"end":{"line":121,"column":3}},"45":{"start":{"line":120,"column":4},"end":{"line":120,"column":106}},"46":{"start":{"line":123,"column":2},"end":{"line":123,"column":27}},"47":{"start":{"line":125,"column":2},"end":{"line":128,"column":5}},"48":{"start":{"line":134,"column":0},"end":{"line":155,"column":3}},"49":{"start":{"line":135,"column":20},"end":{"line":135,"column":59}},"50":{"start":{"line":137,"column":2},"end":{"line":139,"column":3}},"51":{"start":{"line":138,"column":4},"end":{"line":138,"column":91}},"52":{"start":{"line":141,"column":2},"end":{"line":143,"column":3}},"53":{"start":{"line":142,"column":4},"end":{"line":142,"column":77}},"54":{"start":{"line":145,"column":2},"end":{"line":145,"column":28}},"55":{"start":{"line":146,"column":2},"end":{"line":146,"column":37}},"56":{"start":{"line":147,"column":2},"end":{"line":147,"column":36}},"57":{"start":{"line":149,"column":2},"end":{"line":149,"column":25}},"58":{"start":{"line":151,"column":2},"end":{"line":154,"column":5}}},"fnMap":{"0":{"name":"(anonymous_0)","decl":{"start":{"line":8,"column":37},"end":{"line":8,"column":38}},"loc":{"start":{"line":8,"column":63},"end":{"line":48,"column":1}},"line":8},"1":{"name":"(anonymous_1)","decl":{"start":{"line":53,"column":36},"end":{"line":53,"column":37}},"loc":{"start":{"line":53,"column":62},"end":{"line":66,"column":1}},"line":53},"2":{"name":"(anonymous_2)","decl":{"start":{"line":71,"column":39},"end":{"line":71,"column":40}},"loc":{"start":{"line":71,"column":65},"end":{"line":80,"column":1}},"line":71},"3":{"name":"(anonymous_3)","decl":{"start":{"line":85,"column":39},"end":{"line":85,"column":40}},"loc":{"start":{"line":85,"column":65},"end":{"line":106,"column":1}},"line":85},"4":{"name":"(anonymous_4)","decl":{"start":{"line":111,"column":39},"end":{"line":111,"column":40}},"loc":{"start":{"line":111,"column":65},"end":{"line":129,"column":1}},"line":111},"5":{"name":"(anonymous_5)","decl":{"start":{"line":134,"column":39},"end":{"line":134,"column":40}},"loc":{"start":{"line":134,"column":65},"end":{"line":155,"column":1}},"line":134}},"branchMap":{"0":{"loc":{"start":{"line":10,"column":4},"end":{"line":10,"column":12}},"type":"default-arg","locations":[{"start":{"line":10,"column":11},"end":{"line":10,"column":12}}],"line":10},"1":{"loc":{"start":{"line":11,"column":4},"end":{"line":11,"column":14}},"type":"default-arg","locations":[{"start":{"line":11,"column":12},"end":{"line":11,"column":14}}],"line":11},"2":{"loc":{"start":{"line":12,"column":4},"end":{"line":12,"column":23}},"type":"default-arg","locations":[{"start":{"line":12,"column":11},"end":{"line":12,"column":23}}],"line":12},"3":{"loc":{"start":{"line":23,"column":2},"end":{"line":23,"column":31}},"type":"if","locations":[{"start":{"line":23,"column":2},"end":{"line":23,"column":31}},{"start":{},"end":{}}],"line":23},"4":{"loc":{"start":{"line":24,"column":2},"end":{"line":24,"column":37}},"type":"if","locations":[{"start":{"line":24,"column":2},"end":{"line":24,"column":37}},{"start":{},"end":{}}],"line":24},"5":{"loc":{"start":{"line":25,"column":2},"end":{"line":25,"column":60}},"type":"if","locations":[{"start":{"line":25,"column":2},"end":{"line":25,"column":60}},{"start":{},"end":{}}],"line":25},"6":{"loc":{"start":{"line":26,"column":2},"end":{"line":26,"column":54}},"type":"if","locations":[{"start":{"line":26,"column":2},"end":{"line":26,"column":54}},{"start":{},"end":{}}],"line":26},"7":{"loc":{"start":{"line":27,"column":2},"end":{"line":31,"column":3}},"type":"if","locations":[{"start":{"line":27,"column":2},"end":{"line":31,"column":3}},{"start":{},"end":{}}],"line":27},"8":{"loc":{"start":{"line":27,"column":6},"end":{"line":27,"column":26}},"type":"binary-expr","locations":[{"start":{"line":27,"column":6},"end":{"line":27,"column":14}},{"start":{"line":27,"column":18},"end":{"line":27,"column":26}}],"line":27},"9":{"loc":{"start":{"line":29,"column":4},"end":{"line":29,"column":55}},"type":"if","locations":[{"start":{"line":29,"column":4},"end":{"line":29,"column":55}},{"start":{},"end":{}}],"line":29},"10":{"loc":{"start":{"line":30,"column":4},"end":{"line":30,"column":55}},"type":"if","locations":[{"start":{"line":30,"column":4},"end":{"line":30,"column":55}},{"start":{},"end":{}}],"line":30},"11":{"loc":{"start":{"line":58,"column":2},"end":{"line":60,"column":3}},"type":"if","locations":[{"start":{"line":58,"column":2},"end":{"line":60,"column":3}},{"start":{},"end":{}}],"line":58},"12":{"loc":{"start":{"line":88,"column":2},"end":{"line":90,"column":3}},"type":"if","locations":[{"start":{"line":88,"column":2},"end":{"line":90,"column":3}},{"start":{},"end":{}}],"line":88},"13":{"loc":{"start":{"line":93,"column":2},"end":{"line":95,"column":3}},"type":"if","locations":[{"start":{"line":93,"column":2},"end":{"line":95,"column":3}},{"start":{},"end":{}}],"line":93},"14":{"loc":{"start":{"line":93,"column":6},"end":{"line":93,"column":79}},"type":"binary-expr","locations":[{"start":{"line":93,"column":6},"end":{"line":93,"column":50}},{"start":{"line":93,"column":54},"end":{"line":93,"column":79}}],"line":93},"15":{"loc":{"start":{"line":114,"column":2},"end":{"line":116,"column":3}},"type":"if","locations":[{"start":{"line":114,"column":2},"end":{"line":116,"column":3}},{"start":{},"end":{}}],"line":114},"16":{"loc":{"start":{"line":119,"column":2},"end":{"line":121,"column":3}},"type":"if","locations":[{"start":{"line":119,"column":2},"end":{"line":121,"column":3}},{"start":{},"end":{}}],"line":119},"17":{"loc":{"start":{"line":119,"column":6},"end":{"line":119,"column":79}},"type":"binary-expr","locations":[{"start":{"line":119,"column":6},"end":{"line":119,"column":50}},{"start":{"line":119,"column":54},"end":{"line":119,"column":79}}],"line":119},"18":{"loc":{"start":{"line":137,"column":2},"end":{"line":139,"column":3}},"type":"if","locations":[{"start":{"line":137,"column":2},"end":{"line":139,"column":3}},{"start":{},"end":{}}],"line":137},"19":{"loc":{"start":{"line":141,"column":2},"end":{"line":143,"column":3}},"type":"if","locations":[{"start":{"line":141,"column":2},"end":{"line":143,"column":3}},{"start":{},"end":{}}],"line":141}},"s":{"0":0,"1":0,"2":0,"3":0,"4":0,"5":0,"6":0,"7":0,"8":0,"9":0,"10":0,"11":0,"12":0,"13":0,"14":0,"15":0,"16":0,"17":0,"18":0,"19":0,"20":0,"21":0,"22":0,"23":0,"24":0,"25":0,"26":0,"27":0,"28":0,"29":0,"30":0,"31":0,"32":0,"33":0,"34":0,"35":0,"36":0,"37":0,"38":0,"39":0,"40":0,"41":0,"42":0,"43":0,"44":0,"45":0,"46":0,"47":0,"48":0,"49":0,"50":0,"51":0,"52":0,"53":0,"54":0,"55":0,"56":0,"57":0,"58":0},"f":{"0":0,"1":0,"2":0,"3":0,"4":0,"5":0},"b":{"0":[0],"1":[0],"2":[0],"3":[0,0],"4":[0,0],"5":[0,0],"6":[0,0],"7":[0,0],"8":[0,0],"9":[0,0],"10":[0,0],"11":[0,0],"12":[0,0],"13":[0,0],"14":[0,0],"15":[0,0],"16":[0,0],"17":[0,0],"18":[0,0],"19":[0,0]}}
,"C:\\Users\\DELL\\CascadeProjects\\chapechape_residences\\backend\\src\\controllers\\review.controller.js": {"path":"C:\\Users\\DELL\\CascadeProjects\\chapechape_residences\\backend\\src\\controllers\\review.controller.js","statementMap":{"0":{"start":{"line":1,"column":15},"end":{"line":1,"column":48}},"1":{"start":{"line":2,"column":18},"end":{"line":2,"column":54}},"2":{"start":{"line":3,"column":20},"end":{"line":3,"column":58}},"3":{"start":{"line":6,"column":21},"end":{"line":46,"column":1}},"4":{"start":{"line":7,"column":4},"end":{"line":45,"column":5}},"5":{"start":{"line":8,"column":72},"end":{"line":8,"column":80}},"6":{"start":{"line":11,"column":31},"end":{"line":14,"column":10}},"7":{"start":{"line":16,"column":8},"end":{"line":21,"column":9}},"8":{"start":{"line":17,"column":12},"end":{"line":20,"column":15}},"9":{"start":{"line":24,"column":23},"end":{"line":31,"column":10}},"10":{"start":{"line":34,"column":8},"end":{"line":34,"column":67}},"11":{"start":{"line":36,"column":8},"end":{"line":39,"column":11}},"12":{"start":{"line":41,"column":8},"end":{"line":44,"column":11}},"13":{"start":{"line":49,"column":28},"end":{"line":86,"column":1}},"14":{"start":{"line":50,"column":4},"end":{"line":85,"column":5}},"15":{"start":{"line":51,"column":32},"end":{"line":51,"column":42}},"16":{"start":{"line":52,"column":62},"end":{"line":52,"column":71}},"17":{"start":{"line":55,"column":24},"end":{"line":59,"column":37}},"18":{"start":{"line":62,"column":22},"end":{"line":62,"column":65}},"19":{"start":{"line":65,"column":22},"end":{"line":65,"column":77}},"20":{"start":{"line":67,"column":8},"end":{"line":79,"column":11}},"21":{"start":{"line":81,"column":8},"end":{"line":84,"column":11}},"22":{"start":{"line":89,"column":24},"end":{"line":147,"column":1}},"23":{"start":{"line":90,"column":4},"end":{"line":146,"column":5}},"24":{"start":{"line":91,"column":23},"end":{"line":91,"column":33}},"25":{"start":{"line":92,"column":28},"end":{"line":92,"column":36}},"26":{"start":{"line":95,"column":23},"end":{"line":99,"column":14}},"27":{"start":{"line":101,"column":8},"end":{"line":106,"column":9}},"28":{"start":{"line":102,"column":12},"end":{"line":105,"column":15}},"29":{"start":{"line":109,"column":8},"end":{"line":114,"column":9}},"30":{"start":{"line":110,"column":12},"end":{"line":113,"column":15}},"31":{"start":{"line":117,"column":8},"end":{"line":120,"column":10}},"32":{"start":{"line":122,"column":8},"end":{"line":122,"column":28}},"33":{"start":{"line":125,"column":8},"end":{"line":134,"column":11}},"34":{"start":{"line":136,"column":8},"end":{"line":139,"column":11}},"35":{"start":{"line":141,"column":8},"end":{"line":141,"column":69}},"36":{"start":{"line":142,"column":8},"end":{"line":145,"column":11}},"37":{"start":{"line":150,"column":21},"end":{"line":190,"column":1}},"38":{"start":{"line":151,"column":4},"end":{"line":189,"column":5}},"39":{"start":{"line":152,"column":23},"end":{"line":152,"column":33}},"40":{"start":{"line":153,"column":44},"end":{"line":153,"column":52}},"41":{"start":{"line":156,"column":23},"end":{"line":156,"column":48}},"42":{"start":{"line":158,"column":8},"end":{"line":163,"column":9}},"43":{"start":{"line":159,"column":12},"end":{"line":162,"column":15}},"44":{"start":{"line":166,"column":8},"end":{"line":171,"column":9}},"45":{"start":{"line":167,"column":12},"end":{"line":170,"column":15}},"46":{"start":{"line":174,"column":8},"end":{"line":174,"column":48}},"47":{"start":{"line":175,"column":8},"end":{"line":175,"column":51}},"48":{"start":{"line":176,"column":8},"end":{"line":176,"column":48}},"49":{"start":{"line":178,"column":8},"end":{"line":178,"column":28}},"50":{"start":{"line":180,"column":8},"end":{"line":183,"column":11}},"51":{"start":{"line":185,"column":8},"end":{"line":188,"column":11}},"52":{"start":{"line":193,"column":21},"end":{"line":229,"column":1}},"53":{"start":{"line":194,"column":4},"end":{"line":228,"column":5}},"54":{"start":{"line":195,"column":23},"end":{"line":195,"column":33}},"55":{"start":{"line":198,"column":23},"end":{"line":198,"column":48}},"56":{"start":{"line":200,"column":8},"end":{"line":205,"column":9}},"57":{"start":{"line":201,"column":12},"end":{"line":204,"column":15}},"58":{"start":{"line":208,"column":8},"end":{"line":213,"column":9}},"59":{"start":{"line":209,"column":12},"end":{"line":212,"column":15}},"60":{"start":{"line":216,"column":8},"end":{"line":216,"column":44}},"61":{"start":{"line":218,"column":8},"end":{"line":221,"column":11}},"62":{"start":{"line":223,"column":8},"end":{"line":223,"column":74}},"63":{"start":{"line":224,"column":8},"end":{"line":227,"column":11}},"64":{"start":{"line":231,"column":0},"end":{"line":237,"column":2}}},"fnMap":{"0":{"name":"(anonymous_0)","decl":{"start":{"line":6,"column":21},"end":{"line":6,"column":22}},"loc":{"start":{"line":6,"column":41},"end":{"line":46,"column":1}},"line":6},"1":{"name":"(anonymous_1)","decl":{"start":{"line":49,"column":28},"end":{"line":49,"column":29}},"loc":{"start":{"line":49,"column":48},"end":{"line":86,"column":1}},"line":49},"2":{"name":"(anonymous_2)","decl":{"start":{"line":89,"column":24},"end":{"line":89,"column":25}},"loc":{"start":{"line":89,"column":44},"end":{"line":147,"column":1}},"line":89},"3":{"name":"(anonymous_3)","decl":{"start":{"line":150,"column":21},"end":{"line":150,"column":22}},"loc":{"start":{"line":150,"column":41},"end":{"line":190,"column":1}},"line":150},"4":{"name":"(anonymous_4)","decl":{"start":{"line":193,"column":21},"end":{"line":193,"column":22}},"loc":{"start":{"line":193,"column":41},"end":{"line":229,"column":1}},"line":193}},"branchMap":{"0":{"loc":{"start":{"line":16,"column":8},"end":{"line":21,"column":9}},"type":"if","locations":[{"start":{"line":16,"column":8},"end":{"line":21,"column":9}},{"start":{},"end":{}}],"line":16},"1":{"loc":{"start":{"line":30,"column":20},"end":{"line":30,"column":32}},"type":"binary-expr","locations":[{"start":{"line":30,"column":20},"end":{"line":30,"column":26}},{"start":{"line":30,"column":30},"end":{"line":30,"column":32}}],"line":30},"2":{"loc":{"start":{"line":52,"column":16},"end":{"line":52,"column":24}},"type":"default-arg","locations":[{"start":{"line":52,"column":23},"end":{"line":52,"column":24}}],"line":52},"3":{"loc":{"start":{"line":52,"column":26},"end":{"line":52,"column":36}},"type":"default-arg","locations":[{"start":{"line":52,"column":34},"end":{"line":52,"column":36}}],"line":52},"4":{"loc":{"start":{"line":52,"column":38},"end":{"line":52,"column":57}},"type":"default-arg","locations":[{"start":{"line":52,"column":45},"end":{"line":52,"column":57}}],"line":52},"5":{"loc":{"start":{"line":101,"column":8},"end":{"line":106,"column":9}},"type":"if","locations":[{"start":{"line":101,"column":8},"end":{"line":106,"column":9}},{"start":{},"end":{}}],"line":101},"6":{"loc":{"start":{"line":109,"column":8},"end":{"line":114,"column":9}},"type":"if","locations":[{"start":{"line":109,"column":8},"end":{"line":114,"column":9}},{"start":{},"end":{}}],"line":109},"7":{"loc":{"start":{"line":109,"column":12},"end":{"line":109,"column":84}},"type":"binary-expr","locations":[{"start":{"line":109,"column":12},"end":{"line":109,"column":29}},{"start":{"line":109,"column":33},"end":{"line":109,"column":84}}],"line":109},"8":{"loc":{"start":{"line":158,"column":8},"end":{"line":163,"column":9}},"type":"if","locations":[{"start":{"line":158,"column":8},"end":{"line":163,"column":9}},{"start":{},"end":{}}],"line":158},"9":{"loc":{"start":{"line":166,"column":8},"end":{"line":171,"column":9}},"type":"if","locations":[{"start":{"line":166,"column":8},"end":{"line":171,"column":9}},{"start":{},"end":{}}],"line":166},"10":{"loc":{"start":{"line":174,"column":24},"end":{"line":174,"column":47}},"type":"binary-expr","locations":[{"start":{"line":174,"column":24},"end":{"line":174,"column":30}},{"start":{"line":174,"column":34},"end":{"line":174,"column":47}}],"line":174},"11":{"loc":{"start":{"line":175,"column":25},"end":{"line":175,"column":50}},"type":"binary-expr","locations":[{"start":{"line":175,"column":25},"end":{"line":175,"column":32}},{"start":{"line":175,"column":36},"end":{"line":175,"column":50}}],"line":175},"12":{"loc":{"start":{"line":176,"column":24},"end":{"line":176,"column":47}},"type":"binary-expr","locations":[{"start":{"line":176,"column":24},"end":{"line":176,"column":30}},{"start":{"line":176,"column":34},"end":{"line":176,"column":47}}],"line":176},"13":{"loc":{"start":{"line":200,"column":8},"end":{"line":205,"column":9}},"type":"if","locations":[{"start":{"line":200,"column":8},"end":{"line":205,"column":9}},{"start":{},"end":{}}],"line":200},"14":{"loc":{"start":{"line":208,"column":8},"end":{"line":213,"column":9}},"type":"if","locations":[{"start":{"line":208,"column":8},"end":{"line":213,"column":9}},{"start":{},"end":{}}],"line":208},"15":{"loc":{"start":{"line":208,"column":12},"end":{"line":208,"column":79}},"type":"binary-expr","locations":[{"start":{"line":208,"column":12},"end":{"line":208,"column":50}},{"start":{"line":208,"column":54},"end":{"line":208,"column":79}}],"line":208}},"s":{"0":13,"1":13,"2":13,"3":13,"4":0,"5":0,"6":0,"7":0,"8":0,"9":0,"10":0,"11":0,"12":0,"13":13,"14":0,"15":0,"16":0,"17":0,"18":0,"19":0,"20":0,"21":0,"22":13,"23":0,"24":0,"25":0,"26":0,"27":0,"28":0,"29":0,"30":0,"31":0,"32":0,"33":0,"34":0,"35":0,"36":0,"37":13,"38":0,"39":0,"40":0,"41":0,"42":0,"43":0,"44":0,"45":0,"46":0,"47":0,"48":0,"49":0,"50":0,"51":0,"52":13,"53":0,"54":0,"55":0,"56":0,"57":0,"58":0,"59":0,"60":0,"61":0,"62":0,"63":0,"64":13},"f":{"0":0,"1":0,"2":0,"3":0,"4":0},"b":{"0":[0,0],"1":[0,0],"2":[0],"3":[0],"4":[0],"5":[0,0],"6":[0,0],"7":[0,0],"8":[0,0],"9":[0,0],"10":[0,0],"11":[0,0],"12":[0,0],"13":[0,0],"14":[0,0],"15":[0,0]},"_coverageSchema":"1a1c01bbd47fc00a2c39e90264f33305004495a9","hash":"9b23e952c0d51586e5da191d5d4f732da33c1605"}
,"C:\\Users\\DELL\\CascadeProjects\\chapechape_residences\\backend\\src\\controllers\\auth\\auth.controller.js": {"path":"C:\\Users\\DELL\\CascadeProjects\\chapechape_residences\\backend\\src\\controllers\\auth\\auth.controller.js","statementMap":{"0":{"start":{"line":1,"column":13},"end":{"line":1,"column":47}},"1":{"start":{"line":2,"column":16},"end":{"line":2,"column":53}},"2":{"start":{"line":3,"column":12},"end":{"line":3,"column":35}},"3":{"start":{"line":4,"column":15},"end":{"line":4,"column":34}},"4":{"start":{"line":5,"column":15},"end":{"line":5,"column":32}},"5":{"start":{"line":10,"column":0},"end":{"line":58,"column":2}},"6":{"start":{"line":11,"column":4},"end":{"line":57,"column":5}},"7":{"start":{"line":12,"column":76},"end":{"line":12,"column":84}},"8":{"start":{"line":15,"column":27},"end":{"line":15,"column":56}},"9":{"start":{"line":16,"column":8},"end":{"line":21,"column":9}},"10":{"start":{"line":17,"column":12},"end":{"line":20,"column":15}},"11":{"start":{"line":24,"column":21},"end":{"line":31,"column":10}},"12":{"start":{"line":34,"column":22},"end":{"line":38,"column":9}},"13":{"start":{"line":40,"column":8},"end":{"line":50,"column":11}},"14":{"start":{"line":52,"column":8},"end":{"line":52,"column":48}},"15":{"start":{"line":53,"column":8},"end":{"line":56,"column":11}},"16":{"start":{"line":63,"column":0},"end":{"line":122,"column":2}},"17":{"start":{"line":64,"column":4},"end":{"line":121,"column":5}},"18":{"start":{"line":65,"column":36},"end":{"line":65,"column":44}},"19":{"start":{"line":68,"column":8},"end":{"line":73,"column":9}},"20":{"start":{"line":69,"column":12},"end":{"line":72,"column":15}},"21":{"start":{"line":76,"column":21},"end":{"line":76,"column":70}},"22":{"start":{"line":77,"column":8},"end":{"line":82,"column":9}},"23":{"start":{"line":78,"column":12},"end":{"line":81,"column":15}},"24":{"start":{"line":85,"column":24},"end":{"line":85,"column":58}},"25":{"start":{"line":86,"column":8},"end":{"line":91,"column":9}},"26":{"start":{"line":87,"column":12},"end":{"line":90,"column":15}},"27":{"start":{"line":94,"column":8},"end":{"line":94,"column":36}},"28":{"start":{"line":95,"column":8},"end":{"line":95,"column":26}},"29":{"start":{"line":98,"column":22},"end":{"line":102,"column":9}},"30":{"start":{"line":104,"column":8},"end":{"line":114,"column":11}},"31":{"start":{"line":116,"column":8},"end":{"line":116,"column":45}},"32":{"start":{"line":117,"column":8},"end":{"line":120,"column":11}},"33":{"start":{"line":127,"column":0},"end":{"line":158,"column":2}},"34":{"start":{"line":128,"column":4},"end":{"line":157,"column":5}},"35":{"start":{"line":129,"column":21},"end":{"line":129,"column":53}},"36":{"start":{"line":131,"column":8},"end":{"line":136,"column":9}},"37":{"start":{"line":132,"column":12},"end":{"line":135,"column":15}},"38":{"start":{"line":138,"column":8},"end":{"line":150,"column":11}},"39":{"start":{"line":152,"column":8},"end":{"line":152,"column":45}},"40":{"start":{"line":153,"column":8},"end":{"line":156,"column":11}},"41":{"start":{"line":163,"column":0},"end":{"line":193,"column":2}},"42":{"start":{"line":164,"column":4},"end":{"line":192,"column":5}},"43":{"start":{"line":165,"column":26},"end":{"line":165,"column":34}},"44":{"start":{"line":167,"column":21},"end":{"line":167,"column":50}},"45":{"start":{"line":168,"column":8},"end":{"line":173,"column":9}},"46":{"start":{"line":169,"column":12},"end":{"line":172,"column":15}},"47":{"start":{"line":176,"column":27},"end":{"line":176,"column":55}},"48":{"start":{"line":177,"column":8},"end":{"line":177,"column":26}},"49":{"start":{"line":181,"column":8},"end":{"line":185,"column":11}},"50":{"start":{"line":187,"column":8},"end":{"line":187,"column":55}},"51":{"start":{"line":188,"column":8},"end":{"line":191,"column":11}},"52":{"start":{"line":198,"column":0},"end":{"line":235,"column":2}},"53":{"start":{"line":199,"column":4},"end":{"line":234,"column":5}},"54":{"start":{"line":201,"column":35},"end":{"line":204,"column":26}},"55":{"start":{"line":206,"column":21},"end":{"line":209,"column":10}},"56":{"start":{"line":211,"column":8},"end":{"line":216,"column":9}},"57":{"start":{"line":212,"column":12},"end":{"line":215,"column":15}},"58":{"start":{"line":219,"column":8},"end":{"line":219,"column":42}},"59":{"start":{"line":220,"column":8},"end":{"line":220,"column":44}},"60":{"start":{"line":221,"column":8},"end":{"line":221,"column":45}},"61":{"start":{"line":222,"column":8},"end":{"line":222,"column":26}},"62":{"start":{"line":224,"column":8},"end":{"line":227,"column":11}},"63":{"start":{"line":229,"column":8},"end":{"line":229,"column":54}},"64":{"start":{"line":230,"column":8},"end":{"line":233,"column":11}},"65":{"start":{"line":238,"column":22},"end":{"line":244,"column":1}},"66":{"start":{"line":239,"column":4},"end":{"line":243,"column":6}}},"fnMap":{"0":{"name":"(anonymous_0)","decl":{"start":{"line":10,"column":19},"end":{"line":10,"column":20}},"loc":{"start":{"line":10,"column":39},"end":{"line":58,"column":1}},"line":10},"1":{"name":"(anonymous_1)","decl":{"start":{"line":63,"column":16},"end":{"line":63,"column":17}},"loc":{"start":{"line":63,"column":36},"end":{"line":122,"column":1}},"line":63},"2":{"name":"(anonymous_2)","decl":{"start":{"line":127,"column":16},"end":{"line":127,"column":17}},"loc":{"start":{"line":127,"column":36},"end":{"line":158,"column":1}},"line":127},"3":{"name":"(anonymous_3)","decl":{"start":{"line":163,"column":25},"end":{"line":163,"column":26}},"loc":{"start":{"line":163,"column":45},"end":{"line":193,"column":1}},"line":163},"4":{"name":"(anonymous_4)","decl":{"start":{"line":198,"column":24},"end":{"line":198,"column":25}},"loc":{"start":{"line":198,"column":44},"end":{"line":235,"column":1}},"line":198},"5":{"name":"(anonymous_5)","decl":{"start":{"line":238,"column":22},"end":{"line":238,"column":23}},"loc":{"start":{"line":238,"column":34},"end":{"line":244,"column":1}},"line":238}},"branchMap":{"0":{"loc":{"start":{"line":16,"column":8},"end":{"line":21,"column":9}},"type":"if","locations":[{"start":{"line":16,"column":8},"end":{"line":21,"column":9}},{"start":{},"end":{}}],"line":16},"1":{"loc":{"start":{"line":30,"column":18},"end":{"line":30,"column":34}},"type":"binary-expr","locations":[{"start":{"line":30,"column":18},"end":{"line":30,"column":22}},{"start":{"line":30,"column":26},"end":{"line":30,"column":34}}],"line":30},"2":{"loc":{"start":{"line":68,"column":8},"end":{"line":73,"column":9}},"type":"if","locations":[{"start":{"line":68,"column":8},"end":{"line":73,"column":9}},{"start":{},"end":{}}],"line":68},"3":{"loc":{"start":{"line":68,"column":12},"end":{"line":68,"column":31}},"type":"binary-expr","locations":[{"start":{"line":68,"column":12},"end":{"line":68,"column":18}},{"start":{"line":68,"column":22},"end":{"line":68,"column":31}}],"line":68},"4":{"loc":{"start":{"line":77,"column":8},"end":{"line":82,"column":9}},"type":"if","locations":[{"start":{"line":77,"column":8},"end":{"line":82,"column":9}},{"start":{},"end":{}}],"line":77},"5":{"loc":{"start":{"line":86,"column":8},"end":{"line":91,"column":9}},"type":"if","locations":[{"start":{"line":86,"column":8},"end":{"line":91,"column":9}},{"start":{},"end":{}}],"line":86},"6":{"loc":{"start":{"line":131,"column":8},"end":{"line":136,"column":9}},"type":"if","locations":[{"start":{"line":131,"column":8},"end":{"line":136,"column":9}},{"start":{},"end":{}}],"line":131},"7":{"loc":{"start":{"line":168,"column":8},"end":{"line":173,"column":9}},"type":"if","locations":[{"start":{"line":168,"column":8},"end":{"line":173,"column":9}},{"start":{},"end":{}}],"line":168},"8":{"loc":{"start":{"line":211,"column":8},"end":{"line":216,"column":9}},"type":"if","locations":[{"start":{"line":211,"column":8},"end":{"line":216,"column":9}},{"start":{},"end":{}}],"line":211}},"s":{"0":13,"1":13,"2":13,"3":13,"4":13,"5":13,"6":1,"7":1,"8":1,"9":1,"10":0,"11":1,"12":0,"13":0,"14":1,"15":1,"16":13,"17":3,"18":3,"19":3,"20":0,"21":3,"22":3,"23":0,"24":3,"25":3,"26":0,"27":3,"28":3,"29":3,"30":0,"31":3,"32":3,"33":13,"34":0,"35":0,"36":0,"37":0,"38":0,"39":0,"40":0,"41":13,"42":0,"43":0,"44":0,"45":0,"46":0,"47":0,"48":0,"49":0,"50":0,"51":0,"52":13,"53":0,"54":0,"55":0,"56":0,"57":0,"58":0,"59":0,"60":0,"61":0,"62":0,"63":0,"64":0,"65":13,"66":0},"f":{"0":1,"1":3,"2":0,"3":0,"4":0,"5":0},"b":{"0":[0,1],"1":[1,0],"2":[0,3],"3":[3,3],"4":[0,3],"5":[0,3],"6":[0,0],"7":[0,0],"8":[0,0]},"_coverageSchema":"1a1c01bbd47fc00a2c39e90264f33305004495a9","hash":"628e8f897d119693170506f851aed6eed900d9e2"}
,"C:\\Users\\DELL\\CascadeProjects\\chapechape_residences\\backend\\src\\controllers\\auth\\user.controller.js": {"path":"C:\\Users\\DELL\\CascadeProjects\\chapechape_residences\\backend\\src\\controllers\\auth\\user.controller.js","statementMap":{"0":{"start":{"line":1,"column":13},"end":{"line":1,"column":47}},"1":{"start":{"line":2,"column":12},"end":{"line":2,"column":35}},"2":{"start":{"line":7,"column":0},"end":{"line":44,"column":2}},"3":{"start":{"line":8,"column":4},"end":{"line":43,"column":5}},"4":{"start":{"line":9,"column":64},"end":{"line":9,"column":72}},"5":{"start":{"line":12,"column":21},"end":{"line":18,"column":10}},"6":{"start":{"line":21,"column":22},"end":{"line":25,"column":9}},"7":{"start":{"line":27,"column":8},"end":{"line":37,"column":11}},"8":{"start":{"line":39,"column":8},"end":{"line":42,"column":11}},"9":{"start":{"line":49,"column":0},"end":{"line":103,"column":2}},"10":{"start":{"line":50,"column":4},"end":{"line":102,"column":5}},"11":{"start":{"line":51,"column":36},"end":{"line":51,"column":44}},"12":{"start":{"line":54,"column":8},"end":{"line":59,"column":9}},"13":{"start":{"line":55,"column":12},"end":{"line":58,"column":15}},"14":{"start":{"line":62,"column":21},"end":{"line":62,"column":70}},"15":{"start":{"line":63,"column":8},"end":{"line":68,"column":9}},"16":{"start":{"line":64,"column":12},"end":{"line":67,"column":15}},"17":{"start":{"line":71,"column":24},"end":{"line":71,"column":58}},"18":{"start":{"line":72,"column":8},"end":{"line":77,"column":9}},"19":{"start":{"line":73,"column":12},"end":{"line":76,"column":15}},"20":{"start":{"line":80,"column":22},"end":{"line":84,"column":9}},"21":{"start":{"line":86,"column":8},"end":{"line":96,"column":11}},"22":{"start":{"line":98,"column":8},"end":{"line":101,"column":11}}},"fnMap":{"0":{"name":"(anonymous_0)","decl":{"start":{"line":7,"column":19},"end":{"line":7,"column":20}},"loc":{"start":{"line":7,"column":39},"end":{"line":44,"column":1}},"line":7},"1":{"name":"(anonymous_1)","decl":{"start":{"line":49,"column":16},"end":{"line":49,"column":17}},"loc":{"start":{"line":49,"column":36},"end":{"line":103,"column":1}},"line":49}},"branchMap":{"0":{"loc":{"start":{"line":54,"column":8},"end":{"line":59,"column":9}},"type":"if","locations":[{"start":{"line":54,"column":8},"end":{"line":59,"column":9}},{"start":{},"end":{}}],"line":54},"1":{"loc":{"start":{"line":54,"column":12},"end":{"line":54,"column":31}},"type":"binary-expr","locations":[{"start":{"line":54,"column":12},"end":{"line":54,"column":18}},{"start":{"line":54,"column":22},"end":{"line":54,"column":31}}],"line":54},"2":{"loc":{"start":{"line":63,"column":8},"end":{"line":68,"column":9}},"type":"if","locations":[{"start":{"line":63,"column":8},"end":{"line":68,"column":9}},{"start":{},"end":{}}],"line":63},"3":{"loc":{"start":{"line":72,"column":8},"end":{"line":77,"column":9}},"type":"if","locations":[{"start":{"line":72,"column":8},"end":{"line":77,"column":9}},{"start":{},"end":{}}],"line":72}},"s":{"0":13,"1":13,"2":13,"3":0,"4":0,"5":0,"6":0,"7":0,"8":0,"9":13,"10":0,"11":0,"12":0,"13":0,"14":0,"15":0,"16":0,"17":0,"18":0,"19":0,"20":0,"21":0,"22":0},"f":{"0":0,"1":0},"b":{"0":[0,0],"1":[0,0],"2":[0,0],"3":[0,0]},"_coverageSchema":"1a1c01bbd47fc00a2c39e90264f33305004495a9","hash":"b82e8441a75585951bb3474d92ca55acc9da1d2d"}
,"C:\\Users\\DELL\\CascadeProjects\\chapechape_residences\\backend\\src\\controllers\\booking\\booking.controller.js": {"path":"C:\\Users\\DELL\\CascadeProjects\\chapechape_residences\\backend\\src\\controllers\\booking\\booking.controller.js","statementMap":{"0":{"start":{"line":1,"column":16},"end":{"line":1,"column":53}},"1":{"start":{"line":2,"column":18},"end":{"line":2,"column":57}},"2":{"start":{"line":3,"column":16},"end":{"line":3,"column":53}},"3":{"start":{"line":4,"column":17},"end":{"line":4,"column":48}},"4":{"start":{"line":5,"column":21},"end":{"line":5,"column":60}},"5":{"start":{"line":6,"column":28},"end":{"line":6,"column":74}},"6":{"start":{"line":9,"column":0},"end":{"line":54,"column":2}},"7":{"start":{"line":10,"column":4},"end":{"line":53,"column":5}},"8":{"start":{"line":11,"column":59},"end":{"line":11,"column":67}},"9":{"start":{"line":14,"column":28},"end":{"line":14,"column":83}},"10":{"start":{"line":15,"column":8},"end":{"line":20,"column":9}},"11":{"start":{"line":16,"column":12},"end":{"line":19,"column":15}},"12":{"start":{"line":23,"column":26},"end":{"line":23,"column":63}},"13":{"start":{"line":24,"column":29},"end":{"line":24,"column":104}},"14":{"start":{"line":25,"column":28},"end":{"line":25,"column":66}},"15":{"start":{"line":28,"column":24},"end":{"line":36,"column":10}},"16":{"start":{"line":39,"column":8},"end":{"line":39,"column":76}},"17":{"start":{"line":42,"column":8},"end":{"line":42,"column":91}},"18":{"start":{"line":44,"column":8},"end":{"line":47,"column":11}},"19":{"start":{"line":49,"column":8},"end":{"line":52,"column":11}},"20":{"start":{"line":57,"column":0},"end":{"line":73,"column":2}},"21":{"start":{"line":58,"column":4},"end":{"line":72,"column":5}},"22":{"start":{"line":59,"column":25},"end":{"line":61,"column":31}},"23":{"start":{"line":63,"column":8},"end":{"line":66,"column":11}},"24":{"start":{"line":68,"column":8},"end":{"line":71,"column":11}},"25":{"start":{"line":76,"column":0},"end":{"line":107,"column":2}},"26":{"start":{"line":77,"column":4},"end":{"line":106,"column":5}},"27":{"start":{"line":78,"column":24},"end":{"line":80,"column":57}},"28":{"start":{"line":82,"column":8},"end":{"line":87,"column":9}},"29":{"start":{"line":83,"column":12},"end":{"line":86,"column":15}},"30":{"start":{"line":90,"column":8},"end":{"line":95,"column":9}},"31":{"start":{"line":91,"column":12},"end":{"line":94,"column":15}},"32":{"start":{"line":97,"column":8},"end":{"line":100,"column":11}},"33":{"start":{"line":102,"column":8},"end":{"line":105,"column":11}},"34":{"start":{"line":110,"column":0},"end":{"line":169,"column":2}},"35":{"start":{"line":111,"column":4},"end":{"line":168,"column":5}},"36":{"start":{"line":112,"column":24},"end":{"line":112,"column":61}},"37":{"start":{"line":114,"column":8},"end":{"line":119,"column":9}},"38":{"start":{"line":115,"column":12},"end":{"line":118,"column":15}},"39":{"start":{"line":122,"column":8},"end":{"line":127,"column":9}},"40":{"start":{"line":123,"column":12},"end":{"line":126,"column":15}},"41":{"start":{"line":130,"column":24},"end":{"line":130,"column":49}},"42":{"start":{"line":131,"column":20},"end":{"line":131,"column":30}},"43":{"start":{"line":132,"column":34},"end":{"line":132,"column":68}},"44":{"start":{"line":134,"column":8},"end":{"line":139,"column":9}},"45":{"start":{"line":135,"column":12},"end":{"line":138,"column":15}},"46":{"start":{"line":141,"column":8},"end":{"line":141,"column":37}},"47":{"start":{"line":142,"column":8},"end":{"line":142,"column":29}},"48":{"start":{"line":145,"column":24},"end":{"line":145,"column":71}},"49":{"start":{"line":146,"column":8},"end":{"line":150,"column":9}},"50":{"start":{"line":148,"column":12},"end":{"line":148,"column":40}},"51":{"start":{"line":149,"column":12},"end":{"line":149,"column":33}},"52":{"start":{"line":153,"column":8},"end":{"line":153,"column":76}},"53":{"start":{"line":156,"column":26},"end":{"line":156,"column":69}},"54":{"start":{"line":157,"column":8},"end":{"line":157,"column":97}},"55":{"start":{"line":159,"column":8},"end":{"line":162,"column":11}},"56":{"start":{"line":164,"column":8},"end":{"line":167,"column":11}},"57":{"start":{"line":173,"column":32},"end":{"line":186,"column":6}},"58":{"start":{"line":188,"column":4},"end":{"line":188,"column":44}}},"fnMap":{"0":{"name":"(anonymous_0)","decl":{"start":{"line":9,"column":24},"end":{"line":9,"column":25}},"loc":{"start":{"line":9,"column":44},"end":{"line":54,"column":1}},"line":9},"1":{"name":"(anonymous_1)","decl":{"start":{"line":57,"column":26},"end":{"line":57,"column":27}},"loc":{"start":{"line":57,"column":46},"end":{"line":73,"column":1}},"line":57},"2":{"name":"(anonymous_2)","decl":{"start":{"line":76,"column":21},"end":{"line":76,"column":22}},"loc":{"start":{"line":76,"column":41},"end":{"line":107,"column":1}},"line":76},"3":{"name":"(anonymous_3)","decl":{"start":{"line":110,"column":24},"end":{"line":110,"column":25}},"loc":{"start":{"line":110,"column":44},"end":{"line":169,"column":1}},"line":110},"4":{"name":"checkAvailability","decl":{"start":{"line":172,"column":15},"end":{"line":172,"column":32}},"loc":{"start":{"line":172,"column":65},"end":{"line":189,"column":1}},"line":172}},"branchMap":{"0":{"loc":{"start":{"line":15,"column":8},"end":{"line":20,"column":9}},"type":"if","locations":[{"start":{"line":15,"column":8},"end":{"line":20,"column":9}},{"start":{},"end":{}}],"line":15},"1":{"loc":{"start":{"line":82,"column":8},"end":{"line":87,"column":9}},"type":"if","locations":[{"start":{"line":82,"column":8},"end":{"line":87,"column":9}},{"start":{},"end":{}}],"line":82},"2":{"loc":{"start":{"line":90,"column":8},"end":{"line":95,"column":9}},"type":"if","locations":[{"start":{"line":90,"column":8},"end":{"line":95,"column":9}},{"start":{},"end":{}}],"line":90},"3":{"loc":{"start":{"line":90,"column":12},"end":{"line":90,"column":80}},"type":"binary-expr","locations":[{"start":{"line":90,"column":12},"end":{"line":90,"column":51}},{"start":{"line":90,"column":55},"end":{"line":90,"column":80}}],"line":90},"4":{"loc":{"start":{"line":114,"column":8},"end":{"line":119,"column":9}},"type":"if","locations":[{"start":{"line":114,"column":8},"end":{"line":119,"column":9}},{"start":{},"end":{}}],"line":114},"5":{"loc":{"start":{"line":122,"column":8},"end":{"line":127,"column":9}},"type":"if","locations":[{"start":{"line":122,"column":8},"end":{"line":127,"column":9}},{"start":{},"end":{}}],"line":122},"6":{"loc":{"start":{"line":122,"column":12},"end":{"line":122,"column":80}},"type":"binary-expr","locations":[{"start":{"line":122,"column":12},"end":{"line":122,"column":51}},{"start":{"line":122,"column":55},"end":{"line":122,"column":80}}],"line":122},"7":{"loc":{"start":{"line":134,"column":8},"end":{"line":139,"column":9}},"type":"if","locations":[{"start":{"line":134,"column":8},"end":{"line":139,"column":9}},{"start":{},"end":{}}],"line":134},"8":{"loc":{"start":{"line":146,"column":8},"end":{"line":150,"column":9}},"type":"if","locations":[{"start":{"line":146,"column":8},"end":{"line":150,"column":9}},{"start":{},"end":{}}],"line":146}},"s":{"0":0,"1":0,"2":0,"3":0,"4":0,"5":0,"6":0,"7":0,"8":0,"9":0,"10":0,"11":0,"12":0,"13":0,"14":0,"15":0,"16":0,"17":0,"18":0,"19":0,"20":0,"21":0,"22":0,"23":0,"24":0,"25":0,"26":0,"27":0,"28":0,"29":0,"30":0,"31":0,"32":0,"33":0,"34":0,"35":0,"36":0,"37":0,"38":0,"39":0,"40":0,"41":0,"42":0,"43":0,"44":0,"45":0,"46":0,"47":0,"48":0,"49":0,"50":0,"51":0,"52":0,"53":0,"54":0,"55":0,"56":0,"57":0,"58":0},"f":{"0":0,"1":0,"2":0,"3":0,"4":0},"b":{"0":[0,0],"1":[0,0],"2":[0,0],"3":[0,0],"4":[0,0],"5":[0,0],"6":[0,0],"7":[0,0],"8":[0,0]}}
,"C:\\Users\\DELL\\CascadeProjects\\chapechape_residences\\backend\\src\\controllers\\partner\\partner.controller.js": {"path":"C:\\Users\\DELL\\CascadeProjects\\chapechape_residences\\backend\\src\\controllers\\partner\\partner.controller.js","statementMap":{"0":{"start":{"line":1,"column":16},"end":{"line":1,"column":53}},"1":{"start":{"line":2,"column":18},"end":{"line":2,"column":57}},"2":{"start":{"line":3,"column":16},"end":{"line":3,"column":53}},"3":{"start":{"line":4,"column":16},"end":{"line":4,"column":53}},"4":{"start":{"line":5,"column":21},"end":{"line":5,"column":60}},"5":{"start":{"line":6,"column":17},"end":{"line":6,"column":48}},"6":{"start":{"line":7,"column":21},"end":{"line":7,"column":54}},"7":{"start":{"line":10,"column":0},"end":{"line":16,"column":3}},"8":{"start":{"line":11,"column":20},"end":{"line":11,"column":75}},"9":{"start":{"line":12,"column":4},"end":{"line":15,"column":7}},"10":{"start":{"line":19,"column":0},"end":{"line":31,"column":3}},"11":{"start":{"line":20,"column":59},"end":{"line":20,"column":67}},"12":{"start":{"line":21,"column":20},"end":{"line":25,"column":25}},"13":{"start":{"line":27,"column":4},"end":{"line":30,"column":7}},"14":{"start":{"line":34,"column":0},"end":{"line":40,"column":3}},"15":{"start":{"line":35,"column":23},"end":{"line":35,"column":69}},"16":{"start":{"line":36,"column":4},"end":{"line":39,"column":7}},"17":{"start":{"line":43,"column":0},"end":{"line":55,"column":3}},"18":{"start":{"line":44,"column":23},"end":{"line":44,"column":69}},"19":{"start":{"line":45,"column":25},"end":{"line":45,"column":67}},"20":{"start":{"line":45,"column":53},"end":{"line":45,"column":66}},"21":{"start":{"line":47,"column":21},"end":{"line":49,"column":33}},"22":{"start":{"line":51,"column":4},"end":{"line":54,"column":7}},"23":{"start":{"line":58,"column":0},"end":{"line":66,"column":3}},"24":{"start":{"line":59,"column":22},"end":{"line":59,"column":33}},"25":{"start":{"line":60,"column":18},"end":{"line":60,"column":63}},"26":{"start":{"line":62,"column":4},"end":{"line":65,"column":7}},"27":{"start":{"line":69,"column":0},"end":{"line":88,"column":3}},"28":{"start":{"line":70,"column":22},"end":{"line":70,"column":33}},"29":{"start":{"line":71,"column":35},"end":{"line":71,"column":44}},"30":{"start":{"line":73,"column":23},"end":{"line":73,"column":67}},"31":{"start":{"line":74,"column":25},"end":{"line":74,"column":51}},"32":{"start":{"line":74,"column":45},"end":{"line":74,"column":50}},"33":{"start":{"line":76,"column":18},"end":{"line":82,"column":7}},"34":{"start":{"line":77,"column":31},"end":{"line":77,"column":100}},"35":{"start":{"line":78,"column":8},"end":{"line":81,"column":10}},"36":{"start":{"line":84,"column":4},"end":{"line":87,"column":7}},"37":{"start":{"line":91,"column":0},"end":{"line":101,"column":3}},"38":{"start":{"line":92,"column":22},"end":{"line":92,"column":33}},"39":{"start":{"line":93,"column":55},"end":{"line":93,"column":64}},"40":{"start":{"line":95,"column":19},"end":{"line":95,"column":86}},"41":{"start":{"line":97,"column":4},"end":{"line":100,"column":7}},"42":{"start":{"line":104,"column":0},"end":{"line":138,"column":3}},"43":{"start":{"line":105,"column":22},"end":{"line":105,"column":33}},"44":{"start":{"line":106,"column":35},"end":{"line":106,"column":44}},"45":{"start":{"line":108,"column":21},"end":{"line":132,"column":6}},"46":{"start":{"line":134,"column":4},"end":{"line":137,"column":7}}},"fnMap":{"0":{"name":"(anonymous_0)","decl":{"start":{"line":10,"column":41},"end":{"line":10,"column":42}},"loc":{"start":{"line":10,"column":61},"end":{"line":16,"column":1}},"line":10},"1":{"name":"(anonymous_1)","decl":{"start":{"line":19,"column":44},"end":{"line":19,"column":45}},"loc":{"start":{"line":19,"column":64},"end":{"line":31,"column":1}},"line":19},"2":{"name":"(anonymous_2)","decl":{"start":{"line":34,"column":44},"end":{"line":34,"column":45}},"loc":{"start":{"line":34,"column":64},"end":{"line":40,"column":1}},"line":34},"3":{"name":"(anonymous_3)","decl":{"start":{"line":43,"column":42},"end":{"line":43,"column":43}},"loc":{"start":{"line":43,"column":62},"end":{"line":55,"column":1}},"line":43},"4":{"name":"(anonymous_4)","decl":{"start":{"line":45,"column":40},"end":{"line":45,"column":41}},"loc":{"start":{"line":45,"column":53},"end":{"line":45,"column":66}},"line":45},"5":{"name":"(anonymous_5)","decl":{"start":{"line":58,"column":39},"end":{"line":58,"column":40}},"loc":{"start":{"line":58,"column":59},"end":{"line":66,"column":1}},"line":58},"6":{"name":"(anonymous_6)","decl":{"start":{"line":69,"column":41},"end":{"line":69,"column":42}},"loc":{"start":{"line":69,"column":61},"end":{"line":88,"column":1}},"line":69},"7":{"name":"(anonymous_7)","decl":{"start":{"line":74,"column":40},"end":{"line":74,"column":41}},"loc":{"start":{"line":74,"column":45},"end":{"line":74,"column":50}},"line":74},"8":{"name":"(anonymous_8)","decl":{"start":{"line":76,"column":53},"end":{"line":76,"column":54}},"loc":{"start":{"line":76,"column":76},"end":{"line":82,"column":5}},"line":76},"9":{"name":"(anonymous_9)","decl":{"start":{"line":91,"column":33},"end":{"line":91,"column":34}},"loc":{"start":{"line":91,"column":53},"end":{"line":101,"column":1}},"line":91},"10":{"name":"(anonymous_10)","decl":{"start":{"line":104,"column":35},"end":{"line":104,"column":36}},"loc":{"start":{"line":104,"column":55},"end":{"line":138,"column":1}},"line":104}},"branchMap":{"0":{"loc":{"start":{"line":93,"column":12},"end":{"line":93,"column":30}},"type":"default-arg","locations":[{"start":{"line":93,"column":21},"end":{"line":93,"column":30}}],"line":93},"1":{"loc":{"start":{"line":114,"column":24},"end":{"line":114,"column":66}},"type":"binary-expr","locations":[{"start":{"line":114,"column":24},"end":{"line":114,"column":33}},{"start":{"line":114,"column":37},"end":{"line":114,"column":66}}],"line":114},"2":{"loc":{"start":{"line":115,"column":24},"end":{"line":115,"column":62}},"type":"binary-expr","locations":[{"start":{"line":115,"column":24},"end":{"line":115,"column":31}},{"start":{"line":115,"column":35},"end":{"line":115,"column":62}}],"line":115}},"s":{"0":13,"1":13,"2":13,"3":13,"4":13,"5":13,"6":13,"7":13,"8":0,"9":0,"10":13,"11":0,"12":0,"13":0,"14":13,"15":0,"16":0,"17":13,"18":0,"19":0,"20":0,"21":0,"22":0,"23":13,"24":0,"25":0,"26":0,"27":13,"28":0,"29":0,"30":0,"31":0,"32":0,"33":0,"34":0,"35":0,"36":0,"37":13,"38":0,"39":0,"40":0,"41":0,"42":13,"43":0,"44":0,"45":0,"46":0},"f":{"0":0,"1":0,"2":0,"3":0,"4":0,"5":0,"6":0,"7":0,"8":0,"9":0,"10":0},"b":{"0":[0],"1":[0,0],"2":[0,0]},"_coverageSchema":"1a1c01bbd47fc00a2c39e90264f33305004495a9","hash":"cf4c0453ac734b0f9c3899c92a68dcbfae52b380"}
,"C:\\Users\\DELL\\CascadeProjects\\chapechape_residences\\backend\\src\\controllers\\payment\\payment.controller.js": {"path":"C:\\Users\\DELL\\CascadeProjects\\chapechape_residences\\backend\\src\\controllers\\payment\\payment.controller.js","statementMap":{"0":{"start":{"line":1,"column":16},"end":{"line":1,"column":53}},"1":{"start":{"line":2,"column":20},"end":{"line":2,"column":61}},"2":{"start":{"line":3,"column":23},"end":{"line":3,"column":64}},"3":{"start":{"line":6,"column":0},"end":{"line":116,"column":2}},"4":{"start":{"line":7,"column":4},"end":{"line":115,"column":5}},"5":{"start":{"line":8,"column":62},"end":{"line":8,"column":70}},"6":{"start":{"line":11,"column":28},"end":{"line":11,"column":69}},"7":{"start":{"line":12,"column":8},"end":{"line":17,"column":9}},"8":{"start":{"line":13,"column":12},"end":{"line":16,"column":15}},"9":{"start":{"line":20,"column":8},"end":{"line":25,"column":9}},"10":{"start":{"line":21,"column":12},"end":{"line":24,"column":15}},"11":{"start":{"line":28,"column":8},"end":{"line":33,"column":9}},"12":{"start":{"line":29,"column":12},"end":{"line":32,"column":15}},"13":{"start":{"line":36,"column":8},"end":{"line":41,"column":9}},"14":{"start":{"line":37,"column":12},"end":{"line":40,"column":15}},"15":{"start":{"line":45,"column":8},"end":{"line":69,"column":9}},"16":{"start":{"line":47,"column":16},"end":{"line":47,"column":43}},"17":{"start":{"line":48,"column":16},"end":{"line":48,"column":22}},"18":{"start":{"line":50,"column":16},"end":{"line":50,"column":43}},"19":{"start":{"line":51,"column":16},"end":{"line":51,"column":22}},"20":{"start":{"line":53,"column":16},"end":{"line":53,"column":40}},"21":{"start":{"line":54,"column":16},"end":{"line":54,"column":22}},"22":{"start":{"line":56,"column":16},"end":{"line":56,"column":41}},"23":{"start":{"line":57,"column":16},"end":{"line":57,"column":22}},"24":{"start":{"line":59,"column":16},"end":{"line":59,"column":41}},"25":{"start":{"line":60,"column":16},"end":{"line":60,"column":22}},"26":{"start":{"line":62,"column":16},"end":{"line":62,"column":42}},"27":{"start":{"line":63,"column":16},"end":{"line":63,"column":22}},"28":{"start":{"line":65,"column":16},"end":{"line":68,"column":19}},"29":{"start":{"line":72,"column":8},"end":{"line":77,"column":9}},"30":{"start":{"line":73,"column":12},"end":{"line":76,"column":15}},"31":{"start":{"line":80,"column":32},"end":{"line":86,"column":10}},"32":{"start":{"line":89,"column":24},"end":{"line":101,"column":10}},"33":{"start":{"line":103,"column":8},"end":{"line":109,"column":11}},"34":{"start":{"line":111,"column":8},"end":{"line":114,"column":11}},"35":{"start":{"line":119,"column":0},"end":{"line":174,"column":2}},"36":{"start":{"line":120,"column":4},"end":{"line":173,"column":5}},"37":{"start":{"line":121,"column":30},"end":{"line":121,"column":40}},"38":{"start":{"line":122,"column":24},"end":{"line":122,"column":32}},"39":{"start":{"line":124,"column":24},"end":{"line":124,"column":57}},"40":{"start":{"line":125,"column":8},"end":{"line":130,"column":9}},"41":{"start":{"line":126,"column":12},"end":{"line":129,"column":15}},"42":{"start":{"line":133,"column":31},"end":{"line":136,"column":9}},"43":{"start":{"line":139,"column":8},"end":{"line":139,"column":47}},"44":{"start":{"line":140,"column":8},"end":{"line":142,"column":9}},"45":{"start":{"line":141,"column":12},"end":{"line":141,"column":45}},"46":{"start":{"line":143,"column":8},"end":{"line":143,"column":29}},"47":{"start":{"line":146,"column":8},"end":{"line":162,"column":9}},"48":{"start":{"line":147,"column":32},"end":{"line":147,"column":79}},"49":{"start":{"line":148,"column":12},"end":{"line":161,"column":13}},"50":{"start":{"line":150,"column":47},"end":{"line":154,"column":18}},"51":{"start":{"line":156,"column":16},"end":{"line":160,"column":17}},"52":{"start":{"line":157,"column":20},"end":{"line":157,"column":55}},"53":{"start":{"line":158,"column":20},"end":{"line":158,"column":53}},"54":{"start":{"line":159,"column":20},"end":{"line":159,"column":45}},"55":{"start":{"line":164,"column":8},"end":{"line":167,"column":11}},"56":{"start":{"line":169,"column":8},"end":{"line":172,"column":11}},"57":{"start":{"line":177,"column":0},"end":{"line":198,"column":2}},"58":{"start":{"line":178,"column":4},"end":{"line":197,"column":5}},"59":{"start":{"line":179,"column":25},"end":{"line":184,"column":36}},"60":{"start":{"line":186,"column":30},"end":{"line":186,"column":77}},"61":{"start":{"line":186,"column":57},"end":{"line":186,"column":76}},"62":{"start":{"line":188,"column":8},"end":{"line":191,"column":11}},"63":{"start":{"line":193,"column":8},"end":{"line":196,"column":11}},"64":{"start":{"line":202,"column":24},"end":{"line":202,"column":65}},"65":{"start":{"line":203,"column":4},"end":{"line":203,"column":29}},"66":{"start":{"line":203,"column":22},"end":{"line":203,"column":29}},"67":{"start":{"line":205,"column":21},"end":{"line":205,"column":71}},"68":{"start":{"line":207,"column":30},"end":{"line":207,"column":76}},"69":{"start":{"line":207,"column":51},"end":{"line":207,"column":75}},"70":{"start":{"line":208,"column":29},"end":{"line":208,"column":74}},"71":{"start":{"line":208,"column":50},"end":{"line":208,"column":73}},"72":{"start":{"line":210,"column":4},"end":{"line":218,"column":5}},"73":{"start":{"line":212,"column":8},"end":{"line":212,"column":41}},"74":{"start":{"line":213,"column":8},"end":{"line":213,"column":43}},"75":{"start":{"line":214,"column":11},"end":{"line":218,"column":5}},"76":{"start":{"line":216,"column":8},"end":{"line":216,"column":40}},"77":{"start":{"line":217,"column":8},"end":{"line":217,"column":47}},"78":{"start":{"line":220,"column":4},"end":{"line":220,"column":29}},"79":{"start":{"line":224,"column":0},"end":{"line":264,"column":2}},"80":{"start":{"line":225,"column":4},"end":{"line":263,"column":5}},"81":{"start":{"line":226,"column":30},"end":{"line":226,"column":40}},"82":{"start":{"line":227,"column":27},"end":{"line":227,"column":35}},"83":{"start":{"line":229,"column":24},"end":{"line":229,"column":57}},"84":{"start":{
[...]
,"C:\\Users\\DELL\\CascadeProjects\\chapechape_residences\\backend\\src\\utils\\constants.js": {"path":"C:\\Users\\DELL\\CascadeProjects\\chapechape_residences\\backend\\src\\utils\\constants.js","statementMap":{"0":{"start":{"line":2,"column":0},"end":{"line":7,"column":2}},"1":{"start":{"line":10,"column":0},"end":{"line":16,"column":2}},"2":{"start":{"line":19,"column":0},"end":{"line":24,"column":2}},"3":{"start":{"line":27,"column":0},"end":{"line":31,"column":2}},"4":{"start":{"line":34,"column":0},"end":{"line":53,"column":2}},"5":{"start":{"line":56,"column":0},"end":{"line":60,"column":2}},"6":{"start":{"line":63,"column":0},"end":{"line":69,"column":2}},"7":{"start":{"line":72,"column":0},"end":{"line":80,"column":2}},"8":{"start":{"line":83,"column":0},"end":{"line":88,"column":2}},"9":{"start":{"line":91,"column":0},"end":{"line":96,"column":2}},"10":{"start":{"line":99,"column":0},"end":{"line":105,"column":2}},"11":{"start":{"line":108,"column":0},"end":{"line":117,"column":2}},"12":{"start":{"line":120,"column":0},"end":{"line":124,"column":2}},"13":{"start":{"line":127,"column":0},"end":{"line":134,"column":2}}},"fnMap":{},"branchMap":{},"s":{"0":13,"1":13,"2":13,"3":13,"4":13,"5":13,"6":13,"7":13,"8":13,"9":13,"10":13,"11":13,"12":13,"13":13},"f":{},"b":{},"_coverageSchema":"1a1c01bbd47fc00a2c39e90264f33305004495a9","hash":"953a111d501494db27e246951744b60bb7797471"}
,"C:\\Users\\DELL\\CascadeProjects\\chapechape_residences\\backend\\src\\utils\\helpers.js": {"path":"C:\\Users\\DELL\\CascadeProjects\\chapechape_residences\\backend\\src\\utils\\helpers.js","statementMap":{"0":{"start":{"line":2,"column":19},"end":{"line":8,"column":1}},"1":{"start":{"line":3,"column":4},"end":{"line":7,"column":7}},"2":{"start":{"line":11,"column":22},"end":{"line":16,"column":1}},"3":{"start":{"line":12,"column":18},"end":{"line":12,"column":37}},"4":{"start":{"line":13,"column":16},"end":{"line":13,"column":33}},"5":{"start":{"line":14,"column":21},"end":{"line":14,"column":42}},"6":{"start":{"line":15,"column":4},"end":{"line":15,"column":55}},"7":{"start":{"line":19,"column":28},"end":{"line":22,"column":1}},"8":{"start":{"line":20,"column":17},"end":{"line":20,"column":50}},"9":{"start":{"line":21,"column":4},"end":{"line":21,"column":32}},"10":{"start":{"line":25,"column":26},"end":{"line":29,"column":1}},"11":{"start":{"line":26,"column":22},"end":{"line":26,"column":43}},"12":{"start":{"line":27,"column":19},"end":{"line":27,"column":75}},"13":{"start":{"line":28,"column":4},"end":{"line":28,"column":55}},"14":{"start":{"line":32,"column":17},"end":{"line":35,"column":1}},"15":{"start":{"line":33,"column":17},"end":{"line":33,"column":35}},"16":{"start":{"line":34,"column":4},"end":{"line":34,"column":41}},"17":{"start":{"line":38,"column":28},"end":{"line":42,"column":1}},"18":{"start":{"line":39,"column":21},"end":{"line":39,"column":31}},"19":{"start":{"line":40,"column":4},"end":{"line":40,"column":60}},"20":{"start":{"line":40,"column":36},"end":{"line":40,"column":58}},"21":{"start":{"line":41,"column":4},"end":{"line":41,"column":20}},"22":{"start":{"line":45,"column":20},"end":{"line":50,"column":1}},"23":{"start":{"line":46,"column":4},"end":{"line":48,"column":5}},"24":{"start":{"line":47,"column":8},"end":{"line":47,"column":67}},"25":{"start":{"line":47,"column":54},"end":{"line":47,"column":65}},"26":{"start":{"line":49,"column":4},"end":{"line":49,"column":27}},"27":{"start":{"line":53,"column":21},"end":{"line":55,"column":1}},"28":{"start":{"line":54,"column":4},"end":{"line":54,"column":39}},"29":{"start":{"line":58,"column":20},"end":{"line":63,"column":1}},"30":{"start":{"line":59,"column":4},"end":{"line":62,"column":21}},"31":{"start":{"line":66,"column":21},"end":{"line":75,"column":1}},"32":{"start":{"line":67,"column":4},"end":{"line":74,"column":28}},"33":{"start":{"line":78,"column":21},"end":{"line":81,"column":1}},"34":{"start":{"line":79,"column":4},"end":{"line":79,"column":43}},"35":{"start":{"line":79,"column":31},"end":{"line":79,"column":43}},"36":{"start":{"line":80,"column":4},"end":{"line":80,"column":45}},"37":{"start":{"line":84,"column":27},"end":{"line":87,"column":1}},"38":{"start":{"line":85,"column":23},"end":{"line":85,"column":40}},"39":{"start":{"line":86,"column":4},"end":{"line":86,"column":34}},"40":{"start":{"line":90,"column":21},"end":{"line":93,"column":1}},"41":{"start":{"line":91,"column":23},"end":{"line":91,"column":51}},"42":{"start":{"line":92,"column":4},"end":{"line":92,"column":34}},"43":{"start":{"line":96,"column":31},"end":{"line":103,"column":1}},"44":{"start":{"line":97,"column":20},"end":{"line":97,"column":92}},"45":{"start":{"line":98,"column":19},"end":{"line":98,"column":21}},"46":{"start":{"line":99,"column":4},"end":{"line":101,"column":5}},"47":{"start":{"line":99,"column":17},"end":{"line":99,"column":18}},"48":{"start":{"line":100,"column":8},"end":{"line":100,"column":79}},"49":{"start":{"line":102,"column":4},"end":{"line":102,"column":20}},"50":{"start":{"line":106,"column":31},"end":{"line":110,"column":1}},"51":{"start":{"line":107,"column":4},"end":{"line":107,"column":34}},"52":{"start":{"line":107,"column":25},"end":{"line":107,"column":34}},"53":{"start":{"line":108,"column":16},"end":{"line":108,"column":64}},"54":{"start":{"line":108,"column":48},"end":{"line":108,"column":60}},"55":{"start":{"line":109,"column":4},"end":{"line":109,"column":45}},"56":{"start":{"line":112,"column":0},"end":{"line":128,"column":2}}},"fnMap":{"0":{"name":"(anonymous_0)","decl":{"start":{"line":2,"column":19},"end":{"line":2,"column":20}},"loc":{"start":{"line":2,"column":29},"end":{"line":8,"column":1}},"line":2},"1":{"name":"(anonymous_1)","decl":{"start":{"line":11,"column":22},"end":{"line":11,"column":23}},"loc":{"start":{"line":11,"column":46},"end":{"line":16,"column":1}},"line":11},"2":{"name":"(anonymous_2)","decl":{"start":{"line":19,"column":28},"end":{"line":19,"column":29}},"loc":{"start":{"line":19,"column":67},"end":{"line":22,"column":1}},"line":19},"3":{"name":"(anonymous_3)","decl":{"start":{"line":25,"column":26},"end":{"line":25,"column":27}},"loc":{"start":{"line":25,"column":46},"end":{"line":29,"column":1}},"line":25},"4":{"name":"(anonymous_4)","decl":{"start":{"line":32,"column":17},"end":{"line":32,"column":18}},"loc":{"start":{"line":32,"column":50},"end":{"line":35,"column":1}},"line":32},"5":{"name":"(anonymous_5)","decl":{"start":{"line":38,"column":28},"end":{"line":38,"column":29}},"loc":{"start":{"line":38,"column":75},"end":{"line":42,"column":1}},"line":38},"6":{"name":"(anonymous_6)","decl":{"start":{"line":40,"column":27},"end":{"line":40,"column":28}},"loc":{"start":{"line":40,"column":36},"end":{"line":40,"column":58}},"line":40},"7":{"name":"(anonymous_7)","decl":{"start":{"line":45,"column":20},"end":{"line":45,"column":21}},"loc":{"start":{"line":45,"column":31},"end":{"line":50,"column":1}},"line":45},"8":{"name":"(anonymous_8)","decl":{"start":{"line":47,"column":47},"end":{"line":47,"column":48}},"loc":{"start":{"line":47,"column":54},"end":{"line":47,"column":65}},"line":47},"9":{"name":"(anonymous_9)","decl":{"start":{"line":53,"column":21},"end":{"line":53,"column":22}},"loc":{"start":{"line":53,"column":31},"end":{"line":55,"column":1}},"line":53},"10":{"name":"(anonymous_10)","decl":{"start":{"line":58,"column":20},"end":{"line":58,"column":21}},"loc":{"start":{"line":58,"column":49},"end":{"line":63,"column":1}},"line":58},"11":{"name":"(anonymous_11)","decl":{"start":{"line":66,"column":21},"end":{"line":66,"column":22}},"loc":{"start":{"line":66,"column":31},"end":{"line":75,"column":1}},"line":66},"12":{"name":"(anonymous_12)","decl":{"start":{"line":78,"column":21},"end":{"line":78,"column":22}},"loc":{"start":{"line":78,"column":45},"end":{"line":81,"column":1}},"line":78},"13":{"name":"(anonymous_13)","decl":{"start":{"line":84,"column":27},"end":{"line":84,"column":28}},"loc":{"start":{"line":84,"column":38},"end":{"line":87,"column":1}},"line":84},"14":{"name":"(anonymous_14)","decl":{"start":{"line":90,"column":21},"end":{"line":90,"column":22}},"loc":{"start":{"line":90,"column":32},"end":{"line":93,"column":1}},"line":90},"15":{"name":"(anonymous_15)","decl":{"start":{"line":96,"column":31},"end":{"line":96,"column":32}},"loc":{"start":{"line":96,"column":48},"end":{"line":103,"column":1}},"line":96},"16":{"name":"(anonymous_16)","decl":{"start":{"line":106,"column":31},"end":{"line":106,"column":32}},"loc":{"start":{"line":106,"column":44},"end":{"line":110,"column":1}},"line":106},"17":{"name":"(anonymous_17)","decl":{"start":{"line":108,"column":31},"end":{"line":108,"column":32}},"loc":{"start":{"line":108,"column":48},"end":{"line":108,"column":60}},"line":108}},"branchMap":{"0":{"loc":{"start":{"line":25,"column":27},"end":{"line":25,"column":41}},"type":"default-arg","locations":[{"start":{"line":25,"column":36},"end":{"line":25,"column":41}}],"line":25},"1":{"loc":{"start":{"line":32,"column":25},"end":{"line":32,"column":33}},"type":"default-arg","locations":[{"start":{"line":32,"column":32},"end":{"line":32,"column":33}}],"line":32},"2":{"loc":{"start":{"line":32,"column":35},"end":{"line":32,"column":45}},"type":"default-arg","locations":[{"start":{"line":32,"column":43},"end":{"line":32,"column":45}}],"line":32},"3":{"loc":{"start":{"line":38,"column":34},"end":{"line":38,"column":70}},"type":"default-arg","locations":[{"start":{"line":38,"column":51},"end":{"line":38,"column":70}}],"line":38},"4":{"loc":{"start":{"line":46,"column":4},"end":{"line":48,"column":5}},"type":"if","locations":[{"start":{"line":46,"column":4},"end":{"line":48,"column":5}},{"start":{},"end":{}}],"line":46},"5":{"loc":{"start":{"line":58,"column":28},"end":{"line":58,"column":44}},"type":"default-arg","locations":[{"start":{"line":58,"column":39},"end":{"line":58,"column":44}}],"line":58},"6":{"loc":{"start":{"line":78,"column":28},"end":{"line":78,"column":40}},"type":"default-arg","locations":[{"start":{"line":78,"column":37},"end":{"line":78,"column":40}}],"line":78},"7":{"loc":{"start":{"line":79,"column":4},"end":{"line":79,"column":43}},"type":"if","locations":[{"start":{"line":79,"column":4},"end":{"line":79,"column":43}},{"start":{},"end":{}}],"line":79},"8":{"loc":{"start":{"line":96,"column":32},"end":{"line":96,"column":43}},"type":"default-arg","locations":[{"start":{"line":96,"column":41},"end":{"line":96,"column":43}}],"line":96},"9":{"loc":{"start":{"line":107,"column":4},"end":{"line":107,"column":34}},"type":"if","locations":[{"start":{"line":107,"column":4},"end":{"line":107,"column":34}},{"start":{},"end":{}}],"line":107}},"s":{"0":0,"1":0,"2":0,"3":0,"4":0,"5":0,"6":0,"7":0,"8":0,"9":0,"10":0,"11":0,"12":0,"13":0,"14":0,"15":0,"16":0,"17":0,"18":0,"19":0,"20":0,"21":0,"22":0,"23":0,"24":0,"25":0,"26":0,"27":0,"28":0,"29":0,"30":0,"31":0,"32":0,"33":0,"34":0,"35":0,"36":0,"37":0,"38":0,"39":0,"40":0,"41":0,"42":0,"43":0,"44":0,"45":0,"46":0,"47":0,"48":0,"49":0,"50":0,"51":0,"52":0,"53":0,"54":0,"55":0,"56":0},"f":{"0":0,"1":0,"2":0,"3":0,"4":0,"5":0,"6":0,"7":0,"8":0,"9":0,"10":0,"11":0,"12":0,"13":0,"14":0,"15":0,"16":0,"17":0},"b":{"0":[0],"1":[0],"2":[0],"3":[0],"4":[0,0],"5":[0],"6":[0],"7":[0,0],"8":[0],"9":[0,0]}}
,"C:\\Users\\DELL\\CascadeProjects\\chapechape_residences\\backend\\src\\utils\\jwt.js": {"path":"C:\\Users\\DELL\\CascadeProjects\\chapechape_residences\\backend\\src\\utils\\jwt.js","statementMap":{"0":{"start":{"line":1,"column":12},"end":{"line":1,"column":35}},"1":{"start":{"line":3,"column":22},"end":{"line":7,"column":1}},"2":{"start":{"line":4,"column":4},"end":{"line":6,"column":7}},"3":{"start":{"line":9,"column":20},"end":{"line":11,"column":1}},"4":{"start":{"line":10,"column":4},"end":{"line":10,"column":53}},"5":{"start":{"line":13,"column":0},"end":{"line":16,"column":2}}},"fnMap":{"0":{"name":"(anonymous_0)","decl":{"start":{"line":3,"column":22},"end":{"line":3,"column":23}},"loc":{"start":{"line":3,"column":34},"end":{"line":7,"column":1}},"line":3},"1":{"name":"(anonymous_1)","decl":{"start":{"line":9,"column":20},"end":{"line":9,"column":21}},"loc":{"start":{"line":9,"column":31},"end":{"line":11,"column":1}},"line":9}},"branchMap":{},"s":{"0":5,"1":5,"2":22,"3":5,"4":0,"5":5},"f":{"0":22,"1":0},"b":{},"_coverageSchema":"1a1c01bbd47fc00a2c39e90264f33305004495a9","hash":"4e54510464922dacf768d247c92bc5f6c6c6e118"}
,"C:\\Users\\DELL\\CascadeProjects\\chapechape_residences\\backend\\src\\utils\\logger.js": {"path":"C:\\Users\\DELL\\CascadeProjects\\chapechape_residences\\backend\\src\\utils\\logger.js","statementMap":{"0":{"start":{"line":1,"column":16},"end":{"line":1,"column":34}},"1":{"start":{"line":2,"column":13},"end":{"line":2,"column":28}},"2":{"start":{"line":5,"column":15},"end":{"line":11,"column":1}},"3":{"start":{"line":14,"column":15},"end":{"line":20,"column":1}},"4":{"start":{"line":23,"column":0},"end":{"line":23,"column":26}},"5":{"start":{"line":26,"column":15},"end":{"line":31,"column":1}},"6":{"start":{"line":29,"column":18},"end":{"line":29,"column":68}},"7":{"start":{"line":34,"column":22},"end":{"line":40,"column":1}},"8":{"start":{"line":38,"column":18},"end":{"line":38,"column":68}},"9":{"start":{"line":43,"column":19},"end":{"line":52,"column":1}},"10":{"start":{"line":55,"column":0},"end":{"line":61,"column":1}},"11":{"start":{"line":56,"column":4},"end":{"line":60,"column":6}},"12":{"start":{"line":64,"column":15},"end":{"line":69,"column":2}},"13":{"start":{"line":72,"column":19},"end":{"line":81,"column":1}},"14":{"start":{"line":73,"column":18},"end":{"line":73,"column":28}},"15":{"start":{"line":74,"column":4},"end":{"line":79,"column":7}},"16":{"start":{"line":75,"column":25},"end":{"line":75,"column":43}},"17":{"start":{"line":76,"column":8},"end":{"line":78,"column":10}},"18":{"start":{"line":80,"column":4},"end":{"line":80,"column":11}},"19":{"start":{"line":84,"column":17},"end":{"line":86,"column":1}},"20":{"start":{"line":85,"column":4},"end":{"line":85,"column":49}},"21":{"start":{"line":89,"column":23},"end":{"line":91,"column":1}},"22":{"start":{"line":90,"column":4},"end":{"line":90,"column":62}},"23":{"start":{"line":94,"column":22},"end":{"line":96,"column":1}},"24":{"start":{"line":95,"column":4},"end":{"line":95,"column":75}},"25":{"start":{"line":99,"column":25},"end":{"line":101,"column":1}},"26":{"start":{"line":100,"column":4},"end":{"line":100,"column":73}},"27":{"start":{"line":104,"column":23},"end":{"line":106,"column":1}},"28":{"start":{"line":105,"column":4},"end":{"line":105,"column":72}},"29":{"start":{"line":108,"column":0},"end":{"line":116,"column":2}}},"fnMap":{"0":{"name":"(anonymous_0)","decl":{"start":{"line":29,"column":8},"end":{"line":29,"column":9}},"loc":{"start":{"line":29,"column":18},"end":{"line":29,"column":68}},"line":29},"1":{"name":"(anonymous_1)","decl":{"start":{"line":38,"column":8},"end":{"line":38,"column":9}},"loc":{"start":{"line":38,"column":18},"end":{"line":38,"column":68}},"line":38},"2":{"name":"(anonymous_2)","decl":{"start":{"line":72,"column":19},"end":{"line":72,"column":20}},"loc":{"start":{"line":72,"column":39},"end":{"line":81,"column":1}},"line":72},"3":{"name":"(anonymous_3)","decl":{"start":{"line":74,"column":21},"end":{"line":74,"column":22}},"loc":{"start":{"line":74,"column":27},"end":{"line":79,"column":5}},"line":74},"4":{"name":"(anonymous_4)","decl":{"start":{"line":84,"column":17},"end":{"line":84,"column":18}},"loc":{"start":{"line":84,"column":26},"end":{"line":86,"column":1}},"line":84},"5":{"name":"(anonymous_5)","decl":{"start":{"line":89,"column":23},"end":{"line":89,"column":24}},"loc":{"start":{"line":89,"column":48},"end":{"line":91,"column":1}},"line":89},"6":{"name":"(anonymous_6)","decl":{"start":{"line":94,"column":22},"end":{"line":94,"column":23}},"loc":{"start":{"line":94,"column":51},"end":{"line":96,"column":1}},"line":94},"7":{"name":"(anonymous_7)","decl":{"start":{"line":99,"column":25},"end":{"line":99,"column":26}},"loc":{"start":{"line":99,"column":44},"end":{"line":101,"column":1}},"line":99},"8":{"name":"(anonymous_8)","decl":{"start":{"line":104,"column":23},"end":{"line":104,"column":24}},"loc":{"start":{"line":104,"column":43},"end":{"line":106,"column":1}},"line":104}},"branchMap":{"0":{"loc":{"start":{"line":55,"column":0},"end":{"line":61,"column":1}},"type":"if","locations":[{"start":{"line":55,"column":0},"end":{"line":61,"column":1}},{"start":{},"end":{}}],"line":55},"1":{"loc":{"start":{"line":65,"column":11},"end":{"line":65,"column":68}},"type":"cond-expr","locations":[{"start":{"line":65,"column":52},"end":{"line":65,"column":59}},{"start":{"line":65,"column":62},"end":{"line":65,"column":68}}],"line":65}},"s":{"0":1,"1":1,"2":1,"3":1,"4":1,"5":1,"6":0,"7":1,"8":0,"9":1,"10":1,"11":1,"12":1,"13":1,"14":0,"15":0,"16":0,"17":0,"18":0,"19":1,"20":0,"21":1,"22":0,"23":1,"24":0,"25":1,"26":0,"27":1,"28":0,"29":1},"f":{"0":0,"1":0,"2":0,"3":0,"4":0,"5":0,"6":0,"7":0,"8":0},"b":{"0":[1,0],"1":[0,1]},"_coverageSchema":"1a1c01bbd47fc00a2c39e90264f33305004495a9","hash":"c36975ff39e54f4034ea1b43697ac1eedfac71b7"}
,"C:\\Users\\DELL\\CascadeProjects\\chapechape_residences\\backend\\src\\utils\\validation.js": {"path":"C:\\Users\\DELL\\CascadeProjects\\chapechape_residences\\backend\\src\\utils\\validation.js","statementMap":{"0":{"start":{"line":1,"column":12},"end":{"line":1,"column":26}},"1":{"start":{"line":4,"column":27},"end":{"line":11,"column":2}},"2":{"start":{"line":14,"column":24},"end":{"line":17,"column":2}},"3":{"start":{"line":20,"column":28},"end":{"line":31,"column":2}},"4":{"start":{"line":34,"column":26},"end":{"line":39,"column":2}},"5":{"start":{"line":42,"column":25},"end":{"line":46,"column":2}},"6":{"start":{"line":49,"column":32},"end":{"line":55,"column":9}},"7":{"start":{"line":58,"column":33},"end":{"line":62,"column":2}},"8":{"start":{"line":65,"column":32},"end":{"line":69,"column":2}},"9":{"start":{"line":72,"column":26},"end":{"line":76,"column":2}},"10":{"start":{"line":79,"column":17},"end":{"line":90,"column":1}},"11":{"start":{"line":80,"column":4},"end":{"line":89,"column":6}},"12":{"start":{"line":81,"column":26},"end":{"line":81,"column":51}},"13":{"start":{"line":82,"column":8},"end":{"line":87,"column":9}},"14":{"start":{"line":83,"column":12},"end":{"line":86,"column":15}},"15":{"start":{"line":88,"column":8},"end":{"line":88,"column":15}},"16":{"start":{"line":92,"column":0},"end":{"line":103,"column":2}}},"fnMap":{"0":{"name":"(anonymous_0)","decl":{"start":{"line":79,"column":17},"end":{"line":79,"column":18}},"loc":{"start":{"line":79,"column":29},"end":{"line":90,"column":1}},"line":79},"1":{"name":"(anonymous_1)","decl":{"start":{"line":80,"column":11},"end":{"line":80,"column":12}},"loc":{"start":{"line":80,"column":31},"end":{"line":89,"column":5}},"line":80}},"branchMap":{"0":{"loc":{"start":{"line":82,"column":8},"end":{"line":87,"column":9}},"type":"if","locations":[{"start":{"line":82,"column":8},"end":{"line":87,"column":9}},{"start":{},"end":{}}],"line":82}},"s":{"0":0,"1":0,"2":0,"3":0,"4":0,"5":0,"6":0,"7":0,"8":0,"9":0,"10":0,"11":0,"12":0,"13":0,"14":0,"15":0,"16":0},"f":{"0":0,"1":0},"b":{"0":[0,0]}}
}
