TN:
SF:src\app.js
FN:93,(anonymous_0)
FN:126,(anonymous_1)
FN:131,(anonymous_2)
FN:136,(anonymous_3)
FN:157,(anonymous_4)
FNF:5
FNH:1
FNDA:0,(anonymous_0)
FNDA:0,(anonymous_1)
FNDA:0,(anonymous_2)
FNDA:9,(anonymous_3)
FNDA:0,(anonymous_4)
DA:1,1
DA:2,1
DA:3,1
DA:4,1
DA:5,1
DA:6,1
DA:7,1
DA:8,1
DA:9,1
DA:10,1
DA:11,1
DA:12,1
DA:13,1
DA:14,1
DA:15,1
DA:18,1
DA:19,1
DA:20,1
DA:21,1
DA:22,1
DA:23,1
DA:24,1
DA:25,1
DA:26,1
DA:27,1
DA:28,1
DA:29,1
DA:30,1
DA:32,1
DA:35,1
DA:47,1
DA:59,1
DA:63,1
DA:66,1
DA:69,1
DA:72,1
DA:73,1
DA:74,1
DA:77,1
DA:80,1
DA:83,1
DA:86,1
DA:87,1
DA:90,1
DA:91,1
DA:92,1
DA:93,1
DA:94,0
DA:95,0
DA:97,0
DA:102,1
DA:108,1
DA:109,1
DA:110,1
DA:111,1
DA:112,1
DA:113,1
DA:114,1
DA:115,1
DA:116,1
DA:117,1
DA:118,1
DA:119,1
DA:120,1
DA:123,1
DA:126,1
DA:127,0
DA:131,1
DA:132,0
DA:136,1
DA:137,9
DA:140,9
DA:141,9
DA:142,0
DA:145,9
DA:157,1
DA:158,0
DA:164,1
LF:78
LH:71
BRDA:74,0,0,1
BRDA:74,0,1,1
BRDA:94,1,0,0
BRDA:94,1,1,0
BRDA:141,2,0,0
BRDA:141,2,1,9
BRDA:141,3,0,9
BRDA:141,3,1,0
BRDA:147,4,0,9
BRDA:147,4,1,0
BRDA:148,5,0,9
BRDA:148,5,1,9
BRDA:149,6,0,9
BRDA:149,6,1,0
BRF:14
BRH:8
end_of_record
TN:
SF:src\app.test.js
FN:66,(anonymous_0)
FN:87,(anonymous_1)
FN:96,(anonymous_2)
FN:125,(anonymous_3)
FN:130,(anonymous_4)
FN:145,(anonymous_5)
FNF:6
FNH:2
FNDA:1,(anonymous_0)
FNDA:0,(anonymous_1)
FNDA:0,(anonymous_2)
FNDA:0,(anonymous_3)
FNDA:1,(anonymous_4)
FNDA:0,(anonymous_5)
DA:6,1
DA:7,1
DA:8,1
DA:9,1
DA:11,1
DA:12,1
DA:13,1
DA:14,1
DA:15,1
DA:16,1
DA:17,1
DA:18,1
DA:19,1
DA:20,1
DA:21,1
DA:24,1
DA:25,1
DA:26,1
DA:27,1
DA:28,1
DA:29,1
DA:30,1
DA:31,1
DA:32,1
DA:33,1
DA:34,1
DA:35,1
DA:36,1
DA:38,1
DA:41,1
DA:47,1
DA:54,1
DA:60,1
DA:63,1
DA:66,1
DA:69,1
DA:70,1
DA:71,1
DA:74,1
DA:77,1
DA:80,1
DA:81,1
DA:84,1
DA:85,1
DA:86,1
DA:87,1
DA:88,0
DA:89,0
DA:91,0
DA:96,1
DA:97,0
DA:101,1
DA:107,1
DA:108,1
DA:109,1
DA:110,1
DA:111,1
DA:112,1
DA:113,1
DA:114,1
DA:115,1
DA:116,1
DA:117,1
DA:118,1
DA:119,1
DA:122,1
DA:125,1
DA:126,0
DA:130,1
DA:131,1
DA:133,1
DA:135,1
DA:145,1
DA:146,0
DA:152,1
LF:75
LH:69
BRDA:71,0,0,1
BRDA:71,0,1,1
BRDA:88,1,0,0
BRDA:88,1,1,0
BRDA:133,2,0,1
BRDA:133,2,1,0
BRDA:137,3,0,1
BRDA:137,3,1,0
BRDA:138,4,0,1
BRDA:138,4,1,0
BRDA:139,5,0,1
BRDA:139,5,1,1
BRDA:140,6,0,1
BRDA:140,6,1,1
BRF:14
BRH:9
end_of_record
TN:
SF:src\config\swagger.js
FNF:0
FNH:0
DA:1,1
DA:3,1
DA:42,1
DA:44,1
LF:4
LH:4
BRF:0
BRH:0
end_of_record
TN:
SF:src\controllers\admin.controller.js
FN:12,(anonymous_0)
FN:22,(anonymous_1)
FN:42,(anonymous_2)
FN:58,(anonymous_3)
FN:78,(anonymous_4)
FN:99,(anonymous_5)
FN:107,(anonymous_6)
FN:123,(anonymous_7)
FN:143,(anonymous_8)
FN:160,(anonymous_9)
FN:168,(anonymous_10)
FN:179,(anonymous_11)
FN:198,(anonymous_12)
FN:218,(anonymous_13)
FN:238,(anonymous_14)
FN:246,(anonymous_15)
FN:262,(anonymous_16)
FN:282,(anonymous_17)
FN:298,(anonymous_18)
FN:319,(anonymous_19)
FN:329,(anonymous_20)
FN:342,(anonymous_21)
FN:383,(anonymous_22)
FN:417,(anonymous_23)
FN:444,(anonymous_24)
FN:453,(anonymous_25)
FN:463,(anonymous_26)
FN:480,(anonymous_27)
FN:500,(anonymous_28)
FN:524,(anonymous_29)
FN:549,(anonymous_30)
FN:555,(anonymous_31)
FNF:32
FNH:0
FNDA:0,(anonymous_0)
FNDA:0,(anonymous_1)
FNDA:0,(anonymous_2)
FNDA:0,(anonymous_3)
FNDA:0,(anonymous_4)
FNDA:0,(anonymous_5)
FNDA:0,(anonymous_6)
FNDA:0,(anonymous_7)
FNDA:0,(anonymous_8)
FNDA:0,(anonymous_9)
FNDA:0,(anonymous_10)
FNDA:0,(anonymous_11)
FNDA:0,(anonymous_12)
FNDA:0,(anonymous_13)
FNDA:0,(anonymous_14)
FNDA:0,(anonymous_15)
FNDA:0,(anonymous_16)
FNDA:0,(anonymous_17)
FNDA:0,(anonymous_18)
FNDA:0,(anonymous_19)
FNDA:0,(anonymous_20)
FNDA:0,(anonymous_21)
FNDA:0,(anonymous_22)
FNDA:0,(anonymous_23)
FNDA:0,(anonymous_24)
FNDA:0,(anonymous_25)
FNDA:0,(anonymous_26)
FNDA:0,(anonymous_27)
FNDA:0,(anonymous_28)
FNDA:0,(anonymous_29)
FNDA:0,(anonymous_30)
FNDA:0,(anonymous_31)
DA:1,1
DA:2,1
DA:3,1
DA:4,1
DA:5,1
DA:6,1
DA:7,1
DA:8,1
DA:9,1
DA:12,1
DA:13,0
DA:15,0
DA:22,1
DA:23,0
DA:25,0
DA:31,0
DA:42,1
DA:43,0
DA:44,0
DA:46,0
DA:52,0
DA:58,1
DA:59,0
DA:60,0
DA:62,0
DA:63,0
DA:69,0
DA:71,0
DA:78,1
DA:79,0
DA:80,0
DA:82,0
DA:83,0
DA:89,0
DA:91,0
DA:99,1
DA:100,0
DA:101,0
DA:107,1
DA:108,0
DA:110,0
DA:111,0
DA:117,0
DA:123,1
DA:124,0
DA:130,0
DA:131,0
DA:137,0
DA:143,1
DA:144,0
DA:146,0
DA:147,0
DA:153,0
DA:160,1
DA:161,0
DA:162,0
DA:168,1
DA:169,0
DA:173,0
DA:179,1
DA:180,0
DA:185,0
DA:186,0
DA:192,0
DA:198,1
DA:199,0
DA:205,0
DA:206,0
DA:212,0
DA:218,1
DA:219,0
DA:224,0
DA:225,0
DA:231,0
DA:238,1
DA:239,0
DA:240,0
DA:246,1
DA:247,0
DA:249,0
DA:250,0
DA:256,0
DA:262,1
DA:263,0
DA:269,0
DA:270,0
DA:276,0
DA:282,1
DA:283,0
DA:285,0
DA:286,0
DA:292,0
DA:298,1
DA:299,0
DA:305,0
DA:306,0
DA:312,0
DA:319,1
DA:320,0
DA:323,0
DA:329,1
DA:330,0
DA:332,0
DA:333,0
DA:339,0
DA:342,1
DA:353,0
DA:356,0
DA:364,0
DA:377,0
DA:383,1
DA:384,0
DA:386,0
DA:387,0
DA:393,0
DA:403,0
DA:411,0
DA:417,1
DA:418,0
DA:420,0
DA:421,0
DA:428,0
DA:436,0
DA:438,0
DA:444,1
DA:445,0
DA:447,0
DA:453,1
DA:454,0
DA:457,0
DA:463,1
DA:464,0
DA:467,0
DA:468,0
DA:474,0
DA:480,1
DA:481,0
DA:487,0
DA:488,0
DA:494,0
DA:500,1
DA:501,0
DA:502,0
DA:511,0
DA:512,0
DA:518,0
DA:524,1
DA:525,0
DA:535,0
DA:536,0
DA:542,0
DA:549,1
DA:550,0
DA:555,0
DA:564,0
LF:155
LH:40
BRDA:62,0,0,0
BRDA:62,0,1,0
BRDA:62,1,0,0
BRDA:62,1,1,0
BRDA:82,2,0,0
BRDA:82,2,1,0
BRDA:82,3,0,0
BRDA:82,3,1,0
BRDA:110,4,0,0
BRDA:110,4,1,0
BRDA:130,5,0,0
BRDA:130,5,1,0
BRDA:146,6,0,0
BRDA:146,6,1,0
BRDA:185,7,0,0
BRDA:185,7,1,0
BRDA:205,8,0,0
BRDA:205,8,1,0
BRDA:224,9,0,0
BRDA:224,9,1,0
BRDA:249,10,0,0
BRDA:249,10,1,0
BRDA:269,11,0,0
BRDA:269,11,1,0
BRDA:285,12,0,0
BRDA:285,12,1,0
BRDA:305,13,0,0
BRDA:305,13,1,0
BRDA:332,14,0,0
BRDA:332,14,1,0
BRDA:386,15,0,0
BRDA:386,15,1,0
BRDA:420,16,0,0
BRDA:420,16,1,0
BRDA:467,17,0,0
BRDA:467,17,1,0
BRDA:487,18,0,0
BRDA:487,18,1,0
BRDA:511,19,0,0
BRDA:511,19,1,0
BRDA:535,20,0,0
BRDA:535,20,1,0
BRF:42
BRH:0
end_of_record
TN:
SF:src\controllers\availability.controller.js
FN:9,(anonymous_0)
FN:32,(anonymous_1)
FN:55,(anonymous_2)
FN:79,(anonymous_3)
FN:102,(anonymous_4)
FNF:5
FNH:0
FNDA:0,(anonymous_0)
FNDA:0,(anonymous_1)
FNDA:0,(anonymous_2)
FNDA:0,(anonymous_3)
FNDA:0,(anonymous_4)
DA:1,1
DA:2,1
DA:3,1
DA:9,1
DA:10,0
DA:12,0
DA:13,0
DA:16,0
DA:22,0
DA:32,1
DA:33,0
DA:35,0
DA:36,0
DA:39,0
DA:45,0
DA:55,1
DA:56,0
DA:58,0
DA:59,0
DA:62,0
DA:69,0
DA:79,1
DA:80,0
DA:82,0
DA:83,0
DA:86,0
DA:92,0
DA:102,1
DA:103,0
DA:105,0
DA:106,0
DA:109,0
DA:115,0
LF:33
LH:8
BRDA:12,0,0,0
BRDA:12,0,1,0
BRDA:12,1,0,0
BRDA:12,1,1,0
BRDA:12,1,2,0
BRDA:35,2,0,0
BRDA:35,2,1,0
BRDA:35,3,0,0
BRDA:35,3,1,0
BRDA:35,3,2,0
BRDA:58,4,0,0
BRDA:58,4,1,0
BRDA:58,5,0,0
BRDA:58,5,1,0
BRDA:58,5,2,0
BRDA:82,6,0,0
BRDA:82,6,1,0
BRDA:82,7,0,0
BRDA:82,7,1,0
BRDA:82,7,2,0
BRDA:105,8,0,0
BRDA:105,8,1,0
BRDA:105,9,0,0
BRDA:105,9,1,0
BRDA:105,9,2,0
BRF:25
BRH:0
end_of_record
TN:
SF:src\controllers\favorite.controller.js
FN:11,(anonymous_0)
FN:53,(anonymous_1)
FN:67,(anonymous_2)
FN:96,(anonymous_3)
FN:111,(anonymous_4)
FNF:5
FNH:0
FNDA:0,(anonymous_0)
FNDA:0,(anonymous_1)
FNDA:0,(anonymous_2)
FNDA:0,(anonymous_3)
FNDA:0,(anonymous_4)
DA:1,1
DA:2,1
DA:3,1
DA:4,1
DA:5,1
DA:6,1
DA:11,1
DA:12,0
DA:15,0
DA:16,0
DA:17,0
DA:21,0
DA:26,0
DA:27,0
DA:31,0
DA:37,0
DA:44,0
DA:53,1
DA:54,0
DA:57,0
DA:67,1
DA:68,0
DA:73,0
DA:74,0
DA:77,0
DA:80,0
DA:87,0
DA:96,1
DA:97,0
DA:102,0
DA:111,1
DA:112,0
DA:143,0
LF:33
LH:11
BRDA:16,0,0,0
BRDA:16,0,1,0
BRDA:26,1,0,0
BRDA:26,1,1,0
BRDA:73,2,0,0
BRDA:73,2,1,0
BRF:6
BRH:0
end_of_record
TN:
SF:src\controllers\message.controller.js
FN:9,(anonymous_0)
FN:25,(anonymous_1)
FN:28,(anonymous_2)
FN:39,(anonymous_3)
FN:52,(anonymous_4)
FN:63,(anonymous_5)
FN:81,(anonymous_6)
FN:92,(anonymous_7)
FN:102,(anonymous_8)
FN:130,(anonymous_9)
FN:139,(anonymous_10)
FN:174,(anonymous_11)
FN:182,(anonymous_12)
FN:205,(anonymous_13)
FN:216,(anonymous_14)
FN:263,(anonymous_15)
FN:327,(anonymous_16)
FNF:17
FNH:1
FNDA:1,(anonymous_0)
FNDA:0,(anonymous_1)
FNDA:0,(anonymous_2)
FNDA:0,(anonymous_3)
FNDA:0,(anonymous_4)
FNDA:0,(anonymous_5)
FNDA:0,(anonymous_6)
FNDA:0,(anonymous_7)
FNDA:0,(anonymous_8)
FNDA:0,(anonymous_9)
FNDA:0,(anonymous_10)
FNDA:0,(anonymous_11)
FNDA:0,(anonymous_12)
FNDA:0,(anonymous_13)
FNDA:0,(anonymous_14)
FNDA:0,(anonymous_15)
FNDA:0,(anonymous_16)
DA:1,1
DA:2,1
DA:3,1
DA:4,1
DA:5,1
DA:6,1
DA:9,1
DA:10,1
DA:11,1
DA:12,1
DA:15,0
DA:16,0
DA:21,1
DA:24,1
DA:26,0
DA:29,0
DA:30,0
DA:34,1
DA:40,0
DA:41,0
DA:42,0
DA:44,0
DA:52,1
DA:53,0
DA:63,0
DA:64,0
DA:69,0
DA:75,0
DA:81,1
DA:82,0
DA:88,0
DA:89,0
DA:92,0
DA:93,0
DA:96,0
DA:102,1
DA:103,0
DA:104,0
DA:106,0
DA:112,0
DA:114,0
DA:130,1
DA:131,0
DA:132,0
DA:134,0
DA:135,0
DA:136,0
DA:139,0
DA:140,0
DA:144,0
DA:145,0
DA:146,0
DA:147,0
DA:154,0
DA:162,0
DA:163,0
DA:164,0
DA:166,0
DA:168,0
DA:174,1
DA:175,0
DA:177,0
DA:178,0
DA:179,0
DA:182,0
DA:183,0
DA:187,0
DA:188,0
DA:189,0
DA:190,0
DA:198,0
DA:199,0
DA:202,0
DA:206,0
DA:207,0
DA:208,0
DA:209,0
DA:211,0
DA:216,0
DA:217,0
DA:218,0
DA:219,0
DA:226,0
DA:227,0
DA:234,0
DA:236,0
DA:243,0
DA:250,0
DA:251,0
DA:252,0
DA:254,0
DA:256,0
DA:263,1
DA:264,0
DA:267,0
DA:268,0
DA:269,0
DA:270,0
DA:276,0
DA:277,0
DA:285,0
DA:288,0
DA:298,0
DA:299,0
DA:306,0
DA:307,0
DA:310,0
DA:311,0
DA:312,0
DA:314,0
DA:315,0
DA:318,0
DA:327,1
DA:328,0
DA:329,0
DA:330,0
DA:333,0
DA:345,0
LF:118
LH:20
BRDA:41,0,0,0
BRDA:41,0,1,0
BRDA:88,1,0,0
BRDA:88,1,1,0
BRDA:92,2,0,0
BRDA:92,2,1,0
BRDA:103,3,0,0
BRDA:103,4,0,0
BRDA:135,5,0,0
BRDA:135,5,1,0
BRDA:139,6,0,0
BRDA:139,6,1,0
BRDA:144,7,0,0
BRDA:144,7,1,0
BRDA:146,8,0,0
BRDA:146,8,1,0
BRDA:146,9,0,0
BRDA:146,9,1,0
BRDA:158,10,0,0
BRDA:158,10,1,0
BRDA:178,11,0,0
BRDA:178,11,1,0
BRDA:182,12,0,0
BRDA:182,12,1,0
BRDA:187,13,0,0
BRDA:187,13,1,0
BRDA:189,14,0,0
BRDA:189,14,1,0
BRDA:189,15,0,0
BRDA:189,15,1,0
BRDA:208,16,0,0
BRDA:208,16,1,0
BRDA:217,17,0,0
BRDA:217,17,1,0
BRDA:226,18,0,0
BRDA:226,18,1,0
BRDA:238,19,0,0
BRDA:238,19,1,0
BRDA:239,20,0,0
BRDA:239,20,1,0
BRDA:267,21,0,0
BRDA:267,21,1,0
BRDA:269,22,0,0
BRDA:269,22,1,0
BRDA:276,23,0,0
BRDA:276,23,1,0
BRDA:298,24,0,0
BRDA:298,24,1,0
BRDA:311,25,0,0
BRDA:311,25,1,0
BRDA:314,26,0,0
BRDA:314,26,1,0
BRDA:329,27,0,0
BRDA:329,27,1,0
BRF:54
BRH:0
end_of_record
TN:
SF:src\controllers\notification.controller.js
FN:8,(anonymous_0)
FN:21,(anonymous_1)
FN:40,(anonymous_2)
FN:52,(anonymous_3)
FN:71,(anonymous_4)
FNF:5
FNH:0
FNDA:0,(anonymous_0)
FNDA:0,(anonymous_1)
FNDA:0,(anonymous_2)
FNDA:0,(anonymous_3)
FNDA:0,(anonymous_4)
DA:1,1
DA:2,1
DA:3,1
DA:8,1
DA:9,0
DA:10,0
DA:12,0
DA:21,1
DA:22,0
DA:24,0
DA:25,0
DA:31,0
DA:40,1
DA:41,0
DA:43,0
DA:52,1
DA:53,0
DA:55,0
DA:56,0
DA:62,0
DA:71,1
DA:72,0
DA:74,0
LF:23
LH:8
BRDA:24,0,0,0
BRDA:24,0,1,0
BRDA:55,1,0,0
BRDA:55,1,1,0
BRF:4
BRH:0
end_of_record
TN:
SF:src\controllers\review.controller.js
FN:6,(anonymous_0)
FN:49,(anonymous_1)
FN:89,(anonymous_2)
FN:150,(anonymous_3)
FN:193,(anonymous_4)
FNF:5
FNH:0
FNDA:0,(anonymous_0)
FNDA:0,(anonymous_1)
FNDA:0,(anonymous_2)
FNDA:0,(anonymous_3)
FNDA:0,(anonymous_4)
DA:1,1
DA:2,1
DA:3,1
DA:6,1
DA:7,0
DA:8,0
DA:11,0
DA:16,0
DA:17,0
DA:24,0
DA:34,0
DA:36,0
DA:41,0
DA:49,1
DA:50,0
DA:51,0
DA:52,0
DA:55,0
DA:62,0
DA:65,0
DA:67,0
DA:81,0
DA:89,1
DA:90,0
DA:91,0
DA:92,0
DA:95,0
DA:101,0
DA:102,0
DA:109,0
DA:110,0
DA:117,0
DA:122,0
DA:125,0
DA:136,0
DA:141,0
DA:142,0
DA:150,1
DA:151,0
DA:152,0
DA:153,0
DA:156,0
DA:158,0
DA:159,0
DA:166,0
DA:167,0
DA:174,0
DA:175,0
DA:176,0
DA:178,0
DA:180,0
DA:185,0
DA:193,1
DA:194,0
DA:195,0
DA:198,0
DA:200,0
DA:201,0
DA:208,0
DA:209,0
DA:216,0
DA:218,0
DA:223,0
DA:224,0
DA:231,1
LF:65
LH:9
BRDA:16,0,0,0
BRDA:16,0,1,0
BRDA:30,1,0,0
BRDA:30,1,1,0
BRDA:52,2,0,0
BRDA:52,3,0,0
BRDA:52,4,0,0
BRDA:101,5,0,0
BRDA:101,5,1,0
BRDA:109,6,0,0
BRDA:109,6,1,0
BRDA:109,7,0,0
BRDA:109,7,1,0
BRDA:158,8,0,0
BRDA:158,8,1,0
BRDA:166,9,0,0
BRDA:166,9,1,0
BRDA:174,10,0,0
BRDA:174,10,1,0
BRDA:175,11,0,0
BRDA:175,11,1,0
BRDA:176,12,0,0
BRDA:176,12,1,0
BRDA:200,13,0,0
BRDA:200,13,1,0
BRDA:208,14,0,0
BRDA:208,14,1,0
BRDA:208,15,0,0
BRDA:208,15,1,0
BRF:29
BRH:0
end_of_record
TN:
SF:src\controllers\auth\auth.controller.js
FN:12,(anonymous_0)
FN:58,(anonymous_1)
FN:110,(anonymous_2)
FN:139,(anonymous_3)
FN:177,(anonymous_4)
FN:212,(anonymous_5)
FN:268,(anonymous_6)
FN:286,(anonymous_7)
FNF:8
FNH:0
FNDA:0,(anonymous_0)
FNDA:0,(anonymous_1)
FNDA:0,(anonymous_2)
FNDA:0,(anonymous_3)
FNDA:0,(anonymous_4)
FNDA:0,(anonymous_5)
FNDA:0,(anonymous_6)
FNDA:0,(anonymous_7)
DA:1,1
DA:2,1
DA:3,1
DA:4,1
DA:5,1
DA:6,1
DA:7,1
DA:12,1
DA:13,0
DA:14,0
DA:17,0
DA:18,0
DA:19,0
DA:23,0
DA:33,0
DA:36,0
DA:38,0
DA:51,0
DA:58,1
DA:59,0
DA:60,0
DA:63,0
DA:64,0
DA:68,0
DA:69,0
DA:70,0
DA:74,0
DA:75,0
DA:76,0
DA:80,0
DA:81,0
DA:84,0
DA:87,0
DA:89,0
DA:103,0
DA:110,1
DA:111,0
DA:112,0
DA:114,0
DA:115,0
DA:118,0
DA:132,0
DA:139,1
DA:140,0
DA:141,0
DA:143,0
DA:144,0
DA:145,0
DA:149,0
DA:150,0
DA:153,0
DA:154,0
DA:155,0
DA:157,0
DA:163,0
DA:164,0
DA:165,0
DA:167,0
DA:170,0
DA:177,1
DA:178,0
DA:180,0
DA:185,0
DA:190,0
DA:191,0
DA:195,0
DA:196,0
DA:197,0
DA:198,0
DA:200,0
DA:205,0
DA:212,1
DA:213,0
DA:214,0
DA:216,0
DA:217,0
DA:222,0
DA:223,0
DA:225,0
DA:229,0
DA:230,0
DA:231,0
DA:235,0
DA:242,0
DA:248,0
DA:261,0
DA:268,1
DA:269,0
DA:276,0
DA:281,0
DA:286,1
DA:287,0
LF:92
LH:15
BRDA:18,0,0,0
BRDA:18,0,1,0
BRDA:29,1,0,0
BRDA:29,1,1,0
BRDA:63,2,0,0
BRDA:63,2,1,0
BRDA:63,3,0,0
BRDA:63,3,1,0
BRDA:69,4,0,0
BRDA:69,4,1,0
BRDA:75,5,0,0
BRDA:75,5,1,0
BRDA:96,6,0,0
BRDA:96,6,1,0
BRDA:97,7,0,0
BRDA:97,7,1,0
BRDA:98,8,0,0
BRDA:98,8,1,0
BRDA:99,9,0,0
BRDA:99,9,1,0
BRDA:114,10,0,0
BRDA:114,10,1,0
BRDA:144,11,0,0
BRDA:144,11,1,0
BRDA:190,12,0,0
BRDA:190,12,1,0
BRDA:216,13,0,0
BRDA:216,13,1,0
BRDA:230,14,0,0
BRDA:230,14,1,0
BRF:30
BRH:0
end_of_record
TN:
SF:src\controllers\auth\user.controller.js
FN:7,(anonymous_0)
FN:49,(anonymous_1)
FNF:2
FNH:0
FNDA:0,(anonymous_0)
FNDA:0,(anonymous_1)
DA:1,1
DA:2,1
DA:7,1
DA:8,0
DA:9,0
DA:12,0
DA:21,0
DA:27,0
DA:39,0
DA:49,1
DA:50,0
DA:51,0
DA:54,0
DA:55,0
DA:62,0
DA:63,0
DA:64,0
DA:71,0
DA:72,0
DA:73,0
DA:80,0
DA:86,0
DA:98,0
LF:23
LH:4
BRDA:54,0,0,0
BRDA:54,0,1,0
BRDA:54,1,0,0
BRDA:54,1,1,0
BRDA:63,2,0,0
BRDA:63,2,1,0
BRDA:72,3,0,0
BRDA:72,3,1,0
BRF:8
BRH:0
end_of_record
TN:
SF:src\controllers\partner\partner.controller.js
FN:12,(anonymous_0)
FN:21,(anonymous_1)
FN:54,(anonymous_2)
FN:118,(anonymous_3)
FN:171,(anonymous_4)
FN:180,(anonymous_5)
FN:182,(anonymous_6)
FN:195,(anonymous_7)
FN:206,(anonymous_8)
FN:211,(anonymous_9)
FN:213,(anonymous_10)
FN:228,(anonymous_11)
FN:241,(anonymous_12)
FN:278,(anonymous_13)
FN:289,(anonymous_14)
FN:300,(anonymous_15)
FNF:16
FNH:0
FNDA:0,(anonymous_0)
FNDA:0,(anonymous_1)
FNDA:0,(anonymous_2)
FNDA:0,(anonymous_3)
FNDA:0,(anonymous_4)
FNDA:0,(anonymous_5)
FNDA:0,(anonymous_6)
FNDA:0,(anonymous_7)
FNDA:0,(anonymous_8)
FNDA:0,(anonymous_9)
FNDA:0,(anonymous_10)
FNDA:0,(anonymous_11)
FNDA:0,(anonymous_12)
FNDA:0,(anonymous_13)
FNDA:0,(anonymous_14)
FNDA:0,(anonymous_15)
DA:1,1
DA:2,1
DA:3,1
DA:4,1
DA:5,1
DA:6,1
DA:7,1
DA:8,1
DA:9,1
DA:12,1
DA:13,0
DA:14,0
DA:21,1
DA:22,0
DA:24,0
DA:25,0
DA:26,0
DA:29,0
DA:32,0
DA:41,0
DA:43,0
DA:46,0
DA:47,0
DA:48,0
DA:49,0
DA:50,0
DA:51,0
DA:54,0
DA:55,0
DA:56,0
DA:57,0
DA:62,0
DA:64,0
DA:65,0
DA:70,0
DA:71,0
DA:75,0
DA:76,0
DA:78,0
DA:79,0
DA:80,0
DA:87,0
DA:88,0
DA:89,0
DA:90,0
DA:91,0
DA:92,0
DA:95,0
DA:98,0
DA:99,0
DA:102,0
DA:107,0
DA:108,0
DA:118,1
DA:119,0
DA:120,0
DA:121,0
DA:127,0
DA:130,0
DA:133,0
DA:141,0
DA:142,0
DA:145,0
DA:148,0
DA:150,0
DA:161,0
DA:162,0
DA:171,1
DA:172,0
DA:173,0
DA:180,1
DA:181,0
DA:182,0
DA:184,0
DA:188,0
DA:195,1
DA:196,0
DA:197,0
DA:199,0
DA:206,1
DA:207,0
DA:208,0
DA:210,0
DA:211,0
DA:213,0
DA:214,0
DA:215,0
DA:221,0
DA:228,1
DA:229,0
DA:230,0
DA:232,0
DA:234,0
DA:241,1
DA:242,0
DA:243,0
DA:245,0
DA:271,0
DA:278,1
DA:279,0
DA:280,0
DA:282,0
DA:289,1
DA:290,0
DA:291,0
DA:293,0
DA:300,1
DA:301,0
DA:302,0
DA:304,0
LF:110
LH:21
BRDA:41,0,0,0
BRDA:41,0,1,0
BRDA:46,1,0,0
BRDA:46,1,1,0
BRDA:46,2,0,0
BRDA:46,2,1,0
BRDA:49,3,0,0
BRDA:49,3,1,0
BRDA:49,4,0,0
BRDA:49,4,1,0
BRDA:55,5,0,0
BRDA:55,5,1,0
BRDA:55,6,0,0
BRDA:55,6,1,0
BRDA:62,7,0,0
BRDA:62,7,1,0
BRDA:70,8,0,0
BRDA:70,8,1,0
BRDA:79,9,0,0
BRDA:79,9,1,0
BRDA:87,10,0,0
BRDA:87,10,1,0
BRDA:88,11,0,0
BRDA:88,11,1,0
BRDA:89,12,0,0
BRDA:89,12,1,0
BRDA:90,13,0,0
BRDA:90,13,1,0
BRDA:91,14,0,0
BRDA:91,14,1,0
BRDA:92,15,0,0
BRDA:92,15,1,0
BRDA:98,16,0,0
BRDA:98,16,1,0
BRDA:98,17,0,0
BRDA:98,17,1,0
BRDA:120,18,0,0
BRDA:120,18,1,0
BRDA:127,19,0,0
BRDA:127,19,1,0
BRDA:141,20,0,0
BRDA:141,20,1,0
BRDA:230,21,0,0
BRDA:251,22,0,0
BRDA:251,22,1,0
BRDA:252,23,0,0
BRDA:252,23,1,0
BRF:47
BRH:0
end_of_record
TN:
SF:src\controllers\payment\payment.controller.js
FN:7,(anonymous_0)
FN:120,(anonymous_1)
FN:210,(anonymous_2)
FN:219,(anonymous_3)
FN:234,updateReservationStatus
FN:240,(anonymous_5)
FN:241,(anonymous_6)
FN:257,(anonymous_7)
FN:300,(anonymous_8)
FNF:9
FNH:0
FNDA:0,(anonymous_0)
FNDA:0,(anonymous_1)
FNDA:0,(anonymous_2)
FNDA:0,(anonymous_3)
FNDA:0,updateReservationStatus
FNDA:0,(anonymous_5)
FNDA:0,(anonymous_6)
FNDA:0,(anonymous_7)
FNDA:0,(anonymous_8)
DA:1,1
DA:2,1
DA:3,1
DA:4,1
DA:7,1
DA:8,0
DA:9,0
DA:12,0
DA:13,0
DA:14,0
DA:21,0
DA:22,0
DA:29,0
DA:30,0
DA:37,0
DA:38,0
DA:46,0
DA:48,0
DA:49,0
DA:51,0
DA:52,0
DA:54,0
DA:55,0
DA:57,0
DA:58,0
DA:60,0
DA:61,0
DA:63,0
DA:64,0
DA:66,0
DA:73,0
DA:74,0
DA:81,0
DA:90,0
DA:104,0
DA:112,0
DA:120,1
DA:121,0
DA:122,0
DA:123,0
DA:125,0
DA:126,0
DA:127,0
DA:134,0
DA:140,0
DA:141,0
DA:142,0
DA:144,0
DA:147,0
DA:148,0
DA:149,0
DA:151,0
DA:157,0
DA:158,0
DA:159,0
DA:162,0
DA:163,0
DA:166,0
DA:170,0
DA:172,0
DA:174,0
DA:183,0
DA:190,0
DA:191,0
DA:197,0
DA:202,0
DA:210,1
DA:211,0
DA:212,0
DA:219,0
DA:221,0
DA:226,0
DA:235,0
DA:236,0
DA:238,0
DA:240,0
DA:241,0
DA:243,0
DA:245,0
DA:246,0
DA:247,0
DA:249,0
DA:250,0
DA:253,0
DA:257,1
DA:258,0
DA:259,0
DA:260,0
DA:262,0
DA:263,0
DA:264,0
DA:271,0
DA:272,0
DA:279,0
DA:280,0
DA:281,0
DA:282,0
DA:285,0
DA:287,0
DA:292,0
DA:300,1
DA:301,0
DA:302,0
DA:305,0
DA:308,0
DA:311,0
DA:313,0
DA:316,0
DA:318,0
LF:109
LH:9
BRDA:13,0,0,0
BRDA:13,0,1,0
BRDA:21,1,0,0
BRDA:21,1,1,0
BRDA:29,2,0,0
BRDA:29,2,1,0
BRDA:37,3,0,0
BRDA:37,3,1,0
BRDA:46,4,0,0
BRDA:46,4,1,0
BRDA:46,4,2,0
BRDA:46,4,3,0
BRDA:46,4,4,0
BRDA:46,4,5,0
BRDA:46,4,6,0
BRDA:73,5,0,0
BRDA:73,5,1,0
BRDA:73,6,0,0
BRDA:73,6,1,0
BRDA:73,6,2,0
BRDA:126,7,0,0
BRDA:126,7,1,0
BRDA:141,8,0,0
BRDA:141,8,1,0
BRDA:147,9,0,0
BRDA:147,9,1,0
BRDA:149,10,0,0
BRDA:149,10,1,0
BRDA:157,11,0,0
BRDA:157,11,1,0
BRDA:170,12,0,0
BRDA:170,12,1,0
BRDA:236,13,0,0
BRDA:236,13,1,0
BRDA:243,14,0,0
BRDA:243,14,1,0
BRDA:243,15,0,0
BRDA:243,15,1,0
BRDA:247,16,0,0
BRDA:247,16,1,0
BRDA:247,17,0,0
BRDA:247,17,1,0
BRDA:263,18,0,0
BRDA:263,18,1,0
BRDA:271,19,0,0
BRDA:271,19,1,0
BRDA:305,20,0,0
BRDA:305,20,1,0
BRDA:305,20,2,0
BRF:49
BRH:0
end_of_record
TN:
SF:src\controllers\reservation\reservation.controller.js
FN:12,(anonymous_0)
FN:32,(anonymous_1)
FN:51,(anonymous_2)
FN:79,(anonymous_3)
FN:110,(anonymous_4)
FN:132,(anonymous_5)
FN:153,(anonymous_6)
FN:188,(anonymous_7)
FN:242,(anonymous_8)
FNF:9
FNH:0
FNDA:0,(anonymous_0)
FNDA:0,(anonymous_1)
FNDA:0,(anonymous_2)
FNDA:0,(anonymous_3)
FNDA:0,(anonymous_4)
FNDA:0,(anonymous_5)
FNDA:0,(anonymous_6)
FNDA:0,(anonymous_7)
FNDA:0,(anonymous_8)
DA:1,1
DA:2,1
DA:3,1
DA:4,1
DA:5,1
DA:6,1
DA:12,1
DA:13,0
DA:19,0
DA:20,0
DA:22,0
DA:32,1
DA:33,0
DA:41,0
DA:51,1
DA:52,0
DA:57,0
DA:58,0
DA:61,0
DA:69,0
DA:79,1
DA:80,0
DA:88,0
DA:89,0
DA:93,0
DA:97,0
DA:100,0
DA:110,1
DA:111,0
DA:112,0
DA:119,0
DA:120,0
DA:122,0
DA:132,1
DA:133,0
DA:140,0
DA:141,0
DA:143,0
DA:153,1
DA:154,0
DA:155,0
DA:157,0
DA:158,0
DA:162,0
DA:167,0
DA:168,0
DA:172,0
DA:173,0
DA:176,0
DA:178,0
DA:188,1
DA:189,0
DA:190,0
DA:196,0
DA:197,0
DA:201,0
DA:202,0
DA:206,0
DA:207,0
DA:208,0
DA:212,0
DA:213,0
DA:214,0
DA:221,0
DA:225,0
DA:227,0
DA:242,1
DA:243,0
DA:244,0
DA:247,0
DA:248,0
DA:252,0
DA:253,0
DA:257,0
DA:258,0
DA:259,0
DA:263,0
DA:269,0
LF:78
LH:15
BRDA:57,0,0,0
BRDA:57,0,1,0
BRDA:88,1,0,0
BRDA:88,1,1,0
BRDA:93,2,0,0
BRDA:93,2,1,0
BRDA:94,3,0,0
BRDA:94,3,1,0
BRDA:157,4,0,0
BRDA:157,4,1,0
BRDA:167,5,0,0
BRDA:167,5,1,0
BRDA:196,6,0,0
BRDA:196,6,1,0
BRDA:201,7,0,0
BRDA:201,7,1,0
BRDA:207,8,0,0
BRDA:207,8,1,0
BRDA:213,9,0,0
BRDA:213,9,1,0
BRDA:213,10,0,0
BRDA:213,10,1,0
BRDA:215,11,0,0
BRDA:215,11,1,0
BRDA:216,12,0,0
BRDA:216,12,1,0
BRDA:232,13,0,0
BRDA:232,13,1,0
BRDA:247,14,0,0
BRDA:247,14,1,0
BRDA:252,15,0,0
BRDA:252,15,1,0
BRDA:258,16,0,0
BRDA:258,16,1,0
BRF:34
BRH:0
end_of_record
TN:
SF:src\controllers\residence\residence.controller.js
FN:10,(anonymous_0)
FN:46,(anonymous_1)
FN:63,(anonymous_2)
FN:89,(anonymous_3)
FN:124,(anonymous_4)
FN:145,(anonymous_5)
FN:176,(anonymous_6)
FN:204,(anonymous_7)
FN:288,(anonymous_8)
FN:294,(anonymous_9)
FN:304,(anonymous_10)
FN:315,(anonymous_11)
FNF:12
FNH:0
FNDA:0,(anonymous_0)
FNDA:0,(anonymous_1)
FNDA:0,(anonymous_2)
FNDA:0,(anonymous_3)
FNDA:0,(anonymous_4)
FNDA:0,(anonymous_5)
FNDA:0,(anonymous_6)
FNDA:0,(anonymous_7)
FNDA:0,(anonymous_8)
FNDA:0,(anonymous_9)
FNDA:0,(anonymous_10)
FNDA:0,(anonymous_11)
DA:1,1
DA:2,1
DA:3,1
DA:4,1
DA:5,1
DA:10,1
DA:13,0
DA:14,0
DA:15,0
DA:16,0
DA:17,0
DA:20,0
DA:21,0
DA:22,0
DA:23,0
DA:25,0
DA:26,0
DA:27,0
DA:30,0
DA:31,0
DA:33,0
DA:34,0
DA:38,0
DA:39,0
DA:40,0
DA:41,0
DA:45,0
DA:46,0
DA:48,0
DA:49,0
DA:50,0
DA:53,0
DA:55,0
DA:56,0
DA:57,0
DA:60,0
DA:61,0
DA:63,0
DA:65,0
DA:66,0
DA:68,0
DA:69,0
DA:71,0
DA:73,0
DA:76,0
DA:81,0
DA:82,0
DA:89,1
DA:90,0
DA:91,0
DA:92,0
DA:93,0
DA:94,0
DA:96,0
DA:103,0
DA:108,0
DA:124,1
DA:125,0
DA:129,0
DA:130,0
DA:133,0
DA:134,0
DA:136,0
DA:145,1
DA:146,0
DA:148,0
DA:149,0
DA:153,0
DA:154,0
DA:157,0
DA:167,0
DA:176,1
DA:177,0
DA:179,0
DA:180,0
DA:183,0
DA:184,0
DA:189,0
DA:190,0
DA:191,0
DA:193,0
DA:195,0
DA:204,1
DA:218,0
DA:220,0
DA:224,0
DA:225,0
DA:231,0
DA:232,0
DA:235,0
DA:236,0
DA:237,0
DA:238,0
DA:241,0
DA:242,0
DA:243,0
DA:246,0
DA:247,0
DA:250,0
DA:251,0
DA:254,0
DA:255,0
DA:258,0
DA:260,0
DA:270,0
DA:282,0
DA:288,1
DA:289,0
DA:291,0
DA:293,0
DA:294,0
DA:295,0
DA:298,0
DA:301,0
DA:303,0
DA:304,0
DA:305,0
DA:308,0
DA:311,0
DA:312,0
DA:315,0
DA:317,0
DA:318,0
DA:320,0
LF:124
LH:12
BRDA:17,0,0,0
BRDA:17,0,1,0
BRDA:20,1,0,0
BRDA:20,1,1,0
BRDA:46,2,0,0
BRDA:46,2,1,0
BRDA:48,3,0,0
BRDA:48,3,1,0
BRDA:60,4,0,0
BRDA:60,4,1,0
BRDA:60,5,0,0
BRDA:60,5,1,0
BRDA:90,6,0,0
BRDA:90,6,1,0
BRDA:91,7,0,0
BRDA:91,7,1,0
BRDA:93,8,0,0
BRDA:93,8,1,0
BRDA:94,9,0,0
BRDA:94,9,1,0
BRDA:129,10,0,0
BRDA:129,10,1,0
BRDA:148,11,0,0
BRDA:148,11,1,0
BRDA:153,12,0,0
BRDA:153,12,1,0
BRDA:153,13,0,0
BRDA:153,13,1,0
BRDA:179,14,0,0
BRDA:179,14,1,0
BRDA:183,15,0,0
BRDA:183,15,1,0
BRDA:183,16,0,0
BRDA:183,16,1,0
BRDA:214,17,0,0
BRDA:215,18,0,0
BRDA:216,19,0,0
BRDA:217,20,0,0
BRDA:224,21,0,0
BRDA:224,21,1,0
BRDA:231,22,0,0
BRDA:231,22,1,0
BRDA:235,23,0,0
BRDA:235,23,1,0
BRDA:235,24,0,0
BRDA:235,24,1,0
BRDA:237,25,0,0
BRDA:237,25,1,0
BRDA:238,26,0,0
BRDA:238,26,1,0
BRDA:241,27,0,0
BRDA:241,27,1,0
BRDA:246,28,0,0
BRDA:246,28,1,0
BRDA:250,29,0,0
BRDA:250,29,1,0
BRDA:254,30,0,0
BRDA:254,30,1,0
BRDA:291,31,0,0
BRDA:291,31,1,0
BRDA:293,32,0,0
BRDA:293,32,1,0
BRDA:301,33,0,0
BRDA:301,33,1,0
BRDA:301,34,0,0
BRDA:301,34,1,0
BRDA:303,35,0,0
BRDA:303,35,1,0
BRDA:311,36,0,0
BRDA:311,36,1,0
BRF:70
BRH:0
end_of_record
TN:
SF:src\controllers\superadmin\superadmin.controller.js
FN:12,(anonymous_0)
FN:20,(anonymous_1)
FN:28,(anonymous_2)
FN:42,(anonymous_3)
FN:56,(anonymous_4)
FN:71,(anonymous_5)
FN:79,(anonymous_6)
FN:88,(anonymous_7)
FN:96,(anonymous_8)
FN:116,(anonymous_9)
FN:150,(anonymous_10)
FN:159,(anonymous_11)
FN:181,(anonymous_12)
FN:190,(anonymous_13)
FN:200,(anonymous_14)
FN:215,(anonymous_15)
FN:232,(anonymous_16)
FN:240,(anonymous_17)
FN:248,(anonymous_18)
FNF:19
FNH:0
FNDA:0,(anonymous_0)
FNDA:0,(anonymous_1)
FNDA:0,(anonymous_2)
FNDA:0,(anonymous_3)
FNDA:0,(anonymous_4)
FNDA:0,(anonymous_5)
FNDA:0,(anonymous_6)
FNDA:0,(anonymous_7)
FNDA:0,(anonymous_8)
FNDA:0,(anonymous_9)
FNDA:0,(anonymous_10)
FNDA:0,(anonymous_11)
FNDA:0,(anonymous_12)
FNDA:0,(anonymous_13)
FNDA:0,(anonymous_14)
FNDA:0,(anonymous_15)
FNDA:0,(anonymous_16)
FNDA:0,(anonymous_17)
FNDA:0,(anonymous_18)
DA:1,1
DA:2,1
DA:3,1
DA:4,1
DA:5,1
DA:6,1
DA:7,1
DA:8,1
DA:9,1
DA:12,1
DA:13,0
DA:14,0
DA:20,1
DA:21,0
DA:22,0
DA:28,1
DA:29,0
DA:30,0
DA:31,0
DA:36,0
DA:42,1
DA:43,0
DA:44,0
DA:45,0
DA:50,0
DA:56,1
DA:57,0
DA:58,0
DA:59,0
DA:64,0
DA:71,1
DA:72,0
DA:73,0
DA:79,1
DA:80,0
DA:81,0
DA:88,1
DA:89,0
DA:90,0
DA:96,1
DA:97,0
DA:98,0
DA:100,0
DA:101,0
DA:106,0
DA:109,0
DA:116,1
DA:117,0
DA:118,0
DA:120,0
DA:121,0
DA:127,0
DA:128,0
DA:131,0
DA:136,0
DA:138,0
DA:150,1
DA:151,0
DA:152,0
DA:159,1
DA:160,0
DA:162,0
DA:167,0
DA:169,0
DA:181,1
DA:182,0
DA:183,0
DA:190,1
DA:191,0
DA:194,0
DA:200,1
DA:201,0
DA:203,0
DA:209,0
DA:215,1
DA:216,0
DA:218,0
DA:219,0
DA:225,0
DA:232,1
DA:233,0
DA:234,0
DA:240,1
DA:241,0
DA:242,0
DA:248,1
DA:249,0
DA:250,0
LF:88
LH:28
BRDA:30,0,0,0
BRDA:30,0,1,0
BRDA:44,1,0,0
BRDA:44,1,1,0
BRDA:58,2,0,0
BRDA:58,2,1,0
BRDA:117,3,0,0
BRDA:117,4,0,0
BRDA:120,5,0,0
BRDA:120,5,1,0
BRDA:120,6,0,0
BRDA:120,6,1,0
BRDA:127,7,0,0
BRDA:127,7,1,0
BRDA:160,8,0,0
BRDA:160,9,0,0
BRDA:218,10,0,0
BRDA:218,10,1,0
BRF:18
BRH:0
end_of_record
TN:
SF:src\lib\roleMiddleware.js
FN:9,(anonymous_0)
FN:21,(anonymous_1)
FN:33,(anonymous_2)
FN:45,(anonymous_3)
FN:57,(anonymous_4)
FN:58,(anonymous_5)
FN:89,(anonymous_6)
FN:90,(anonymous_7)
FNF:8
FNH:0
FNDA:0,(anonymous_0)
FNDA:0,(anonymous_1)
FNDA:0,(anonymous_2)
FNDA:0,(anonymous_3)
FNDA:0,(anonymous_4)
FNDA:0,(anonymous_5)
FNDA:0,(anonymous_6)
FNDA:0,(anonymous_7)
DA:1,1
DA:9,1
DA:10,0
DA:11,0
DA:13,0
DA:21,1
DA:22,0
DA:23,0
DA:25,0
DA:33,1
DA:34,0
DA:35,0
DA:37,0
DA:45,1
DA:46,0
DA:47,0
DA:49,0
DA:57,1
DA:58,0
DA:59,0
DA:60,0
DA:66,0
DA:67,0
DA:68,0
DA:70,0
DA:76,0
DA:77,0
DA:79,0
DA:89,1
DA:90,0
DA:91,0
DA:92,0
DA:94,0
DA:95,0
DA:101,0
DA:104,0
DA:106,0
DA:112,0
LF:38
LH:7
BRDA:10,0,0,0
BRDA:10,0,1,0
BRDA:10,1,0,0
BRDA:10,1,1,0
BRDA:22,2,0,0
BRDA:22,2,1,0
BRDA:22,3,0,0
BRDA:22,3,1,0
BRDA:22,3,2,0
BRDA:34,4,0,0
BRDA:34,4,1,0
BRDA:34,5,0,0
BRDA:34,5,1,0
BRDA:46,6,0,0
BRDA:46,6,1,0
BRDA:46,7,0,0
BRDA:46,7,1,0
BRDA:59,8,0,0
BRDA:59,8,1,0
BRDA:66,9,0,0
BRDA:66,9,1,0
BRDA:67,10,0,0
BRDA:67,10,1,0
BRDA:76,11,0,0
BRDA:76,11,1,0
BRDA:94,12,0,0
BRDA:94,12,1,0
BRDA:101,13,0,0
BRDA:101,13,1,0
BRDA:101,14,0,0
BRDA:101,14,1,0
BRDA:101,14,2,0
BRF:32
BRH:0
end_of_record
TN:
SF:src\middlewares\async.js
FN:2,(anonymous_0)
FN:2,(anonymous_1)
FNF:2
FNH:1
FNDA:16,(anonymous_0)
FNDA:0,(anonymous_1)
DA:2,16
DA:3,0
DA:5,1
LF:3
LH:2
BRF:0
BRH:0
end_of_record
TN:
SF:src\middlewares\async.middleware.js
FN:5,(anonymous_0)
FN:5,(anonymous_1)
FNF:2
FNH:1
FNDA:91,(anonymous_0)
FNDA:0,(anonymous_1)
DA:5,91
DA:6,0
DA:8,1
LF:3
LH:2
BRF:0
BRH:0
end_of_record
TN:
SF:src\middlewares\auth.middleware.js
FN:6,(anonymous_0)
FN:56,(anonymous_1)
FN:57,(anonymous_2)
FN:77,(anonymous_3)
FNF:4
FNH:2
FNDA:2,(anonymous_0)
FNDA:3,(anonymous_1)
FNDA:0,(anonymous_2)
FNDA:0,(anonymous_3)
DA:1,1
DA:2,1
DA:3,1
DA:6,1
DA:7,2
DA:11,2
DA:12,2
DA:16,2
DA:17,0
DA:23,2
DA:25,2
DA:28,2
DA:31,2
DA:32,2
DA:38,0
DA:40,0
DA:41,0
DA:47,0
DA:48,0
DA:56,1
DA:57,3
DA:58,0
DA:59,0
DA:65,0
DA:66,0
DA:72,0
DA:77,1
DA:78,0
DA:79,0
DA:81,0
DA:82,0
DA:88,0
DA:90,0
DA:93,0
DA:95,0
DA:96,0
DA:103,0
DA:104,0
DA:106,0
DA:108,0
DA:109,0
DA:115,0
DA:116,0
LF:43
LH:16
BRDA:11,0,0,2
BRDA:11,0,1,0
BRDA:11,1,0,2
BRDA:11,1,1,2
BRDA:16,2,0,0
BRDA:16,2,1,2
BRDA:31,3,0,2
BRDA:31,3,1,0
BRDA:58,4,0,0
BRDA:58,4,1,0
BRDA:65,5,0,0
BRDA:65,5,1,0
BRDA:81,6,0,0
BRDA:81,6,1,0
BRDA:95,7,0,0
BRDA:95,7,1,0
BRF:16
BRH:5
end_of_record
TN:
SF:src\middlewares\cache.middleware.js
FN:4,(anonymous_0)
FN:5,(anonymous_1)
FN:20,(anonymous_2)
FNF:3
FNH:1
FNDA:2,(anonymous_0)
FNDA:0,(anonymous_1)
FNDA:0,(anonymous_2)
DA:1,1
DA:2,1
DA:4,1
DA:5,2
DA:7,0
DA:8,0
DA:11,0
DA:12,0
DA:14,0
DA:15,0
DA:19,0
DA:20,0
DA:21,0
DA:22,0
DA:25,0
DA:29,1
LF:16
LH:5
BRDA:7,0,0,0
BRDA:7,0,1,0
BRDA:14,1,0,0
BRDA:14,1,1,0
BRDA:21,2,0,0
BRDA:21,2,1,0
BRF:6
BRH:0
end_of_record
TN:
SF:src\middlewares\csrf.middleware.js
FN:27,(anonymous_0)
FN:38,(anonymous_1)
FN:59,(anonymous_2)
FN:60,(anonymous_3)
FNF:4
FNH:2
FNDA:11,(anonymous_0)
FNDA:9,(anonymous_1)
FNDA:0,(anonymous_2)
FNDA:0,(anonymous_3)
DA:6,1
DA:7,1
DA:8,1
DA:9,1
DA:12,1
DA:27,1
DA:29,11
DA:30,0
DA:34,11
DA:35,2
DA:38,9
DA:39,9
DA:40,9
DA:45,0
DA:51,0
DA:59,1
DA:60,0
DA:61,0
DA:62,0
DA:66,0
DA:69,0
DA:70,0
DA:73,0
DA:77,1
LF:24
LH:14
BRDA:29,0,0,0
BRDA:29,0,1,11
BRDA:34,1,0,2
BRDA:34,1,1,9
BRDA:39,2,0,9
BRDA:39,2,1,0
BRDA:61,3,0,0
BRDA:61,3,1,0
BRDA:69,4,0,0
BRDA:69,4,1,0
BRF:10
BRH:4
end_of_record
TN:
SF:src\middlewares\csrf.mock.js
FN:10,(anonymous_0)
FN:41,(anonymous_1)
FNF:2
FNH:1
FNDA:0,(anonymous_0)
FNDA:1,(anonymous_1)
DA:5,1
DA:6,1
DA:7,1
DA:10,1
DA:12,0
DA:13,0
DA:17,0
DA:18,0
DA:22,0
DA:25,0
DA:26,0
DA:29,0
DA:37,0
DA:41,1
DA:43,1
DA:46,1
DA:49,1
DA:52,1
DA:53,0
DA:54,0
DA:57,1
DA:60,1
LF:22
LH:11
BRDA:12,0,0,0
BRDA:12,0,1,0
BRDA:17,1,0,0
BRDA:17,1,1,0
BRDA:25,2,0,0
BRDA:25,2,1,0
BRDA:25,3,0,0
BRDA:25,3,1,0
BRDA:52,4,0,0
BRDA:52,4,1,1
BRDA:52,5,0,1
BRDA:52,5,1,1
BRF:12
BRH:3
end_of_record
TN:
SF:src\middlewares\security.middleware.js
FN:54,(anonymous_0)
FNF:1
FNH:0
FNDA:0,(anonymous_0)
DA:1,1
DA:2,1
DA:3,1
DA:4,1
DA:5,1
DA:6,1
DA:9,1
DA:15,1
DA:54,1
DA:56,0
DA:66,0
DA:67,0
DA:69,0
DA:70,0
DA:71,0
DA:78,0
DA:79,0
DA:87,0
LF:18
LH:9
BRDA:33,0,0,1
BRDA:33,0,1,1
BRDA:46,1,0,1
BRDA:46,1,1,1
BRDA:66,2,0,0
BRDA:66,2,1,0
BRDA:67,3,0,0
BRDA:67,3,1,0
BRDA:70,4,0,0
BRDA:70,4,1,0
BRDA:78,5,0,0
BRDA:78,5,1,0
BRF:12
BRH:4
end_of_record
TN:
SF:src\middlewares\upload.middleware.js
FN:7,(anonymous_0)
FN:10,(anonymous_1)
FN:23,(anonymous_2)
FN:26,(anonymous_3)
FN:34,(anonymous_4)
FN:37,(anonymous_5)
FN:45,(anonymous_6)
FN:48,(anonymous_7)
FN:55,(anonymous_8)
FN:64,(anonymous_9)
FNF:10
FNH:2
FNDA:1,(anonymous_0)
FNDA:4,(anonymous_1)
FNDA:0,(anonymous_2)
FNDA:0,(anonymous_3)
FNDA:0,(anonymous_4)
FNDA:0,(anonymous_5)
FNDA:0,(anonymous_6)
FNDA:0,(anonymous_7)
FNDA:0,(anonymous_8)
FNDA:0,(anonymous_9)
DA:1,1
DA:2,1
DA:3,1
DA:4,1
DA:7,1
DA:8,1
DA:10,1
DA:11,4
DA:12,0
DA:13,0
DA:19,1
DA:22,1
DA:24,0
DA:27,0
DA:28,0
DA:33,1
DA:35,0
DA:38,0
DA:39,0
DA:44,1
DA:46,0
DA:49,0
DA:50,0
DA:55,1
DA:56,0
DA:57,0
DA:59,0
DA:64,1
DA:65,0
DA:66,0
DA:67,0
DA:69,0
DA:74,1
DA:83,1
DA:92,1
DA:100,1
LF:36
LH:18
BRDA:11,0,0,0
BRDA:11,0,1,4
BRDA:56,1,0,0
BRDA:56,1,1,0
BRDA:66,2,0,0
BRDA:66,2,1,0
BRF:6
BRH:1
end_of_record
TN:
SF:src\middlewares\validate.middleware.js
FN:4,(anonymous_0)
FN:4,(anonymous_1)
FN:13,(anonymous_2)
FN:21,(anonymous_3)
FN:22,(anonymous_4)
FNF:5
FNH:5
FNDA:14,(anonymous_0)
FNDA:1,(anonymous_1)
FNDA:4,(anonymous_2)
FNDA:2,(anonymous_3)
FNDA:4,(anonymous_4)
DA:1,1
DA:2,1
DA:4,14
DA:5,1
DA:6,1
DA:7,1
DA:11,1
DA:12,1
DA:13,4
DA:15,1
DA:17,0
DA:18,0
DA:21,1
DA:22,2
DA:23,4
DA:24,2
DA:26,4
DA:30,1
LF:18
LH:16
BRDA:11,0,0,1
BRDA:11,0,1,0
BRDA:23,1,0,2
BRDA:23,1,1,2
BRDA:23,2,0,4
BRDA:23,2,1,4
BRF:6
BRH:5
end_of_record
TN:
SF:src\models\activityLog.model.js
FNF:0
FNH:0
DA:1,1
DA:3,1
DA:46,1
DA:47,1
DA:48,1
DA:50,1
LF:6
LH:6
BRF:0
BRH:0
end_of_record
TN:
SF:src\models\availability.model.js
FN:89,(anonymous_0)
FN:94,(anonymous_1)
FN:110,(anonymous_2)
FN:121,(anonymous_3)
FN:135,(anonymous_4)
FN:136,(anonymous_5)
FNF:6
FNH:0
FNDA:0,(anonymous_0)
FNDA:0,(anonymous_1)
FNDA:0,(anonymous_2)
FNDA:0,(anonymous_3)
FNDA:0,(anonymous_4)
FNDA:0,(anonymous_5)
DA:1,1
DA:3,1
DA:86,1
DA:89,1
DA:90,0
DA:94,1
DA:95,0
DA:97,0
DA:98,0
DA:99,0
DA:101,0
DA:102,0
DA:106,0
DA:110,1
DA:111,0
DA:121,1
DA:122,0
DA:131,0
DA:135,1
DA:136,0
DA:147,0
DA:150,1
DA:152,1
LF:23
LH:10
BRDA:95,0,0,0
BRDA:95,0,1,0
BRDA:97,1,0,0
BRDA:97,1,1,0
BRDA:97,2,0,0
BRDA:97,2,1,0
BRDA:98,3,0,0
BRDA:98,3,1,0
BRDA:101,4,0,0
BRDA:101,4,1,0
BRF:10
BRH:0
end_of_record
TN:
SF:src\models\blockedIP.model.js
FN:28,(anonymous_0)
FNF:1
FNH:0
FNDA:0,(anonymous_0)
DA:1,1
DA:3,1
DA:28,0
DA:37,1
DA:38,1
DA:40,1
LF:6
LH:5
BRF:0
BRH:0
end_of_record
TN:
SF:src\models\booking.model.js
FN:123,(anonymous_0)
FN:128,(anonymous_1)
FN:134,(anonymous_2)
FN:150,(anonymous_3)
FN:160,(anonymous_4)
FN:170,(anonymous_5)
FN:177,(anonymous_6)
FN:185,(anonymous_7)
FN:196,(anonymous_8)
FN:212,(anonymous_9)
FN:224,(anonymous_10)
FN:237,(anonymous_11)
FNF:12
FNH:0
FNDA:0,(anonymous_0)
FNDA:0,(anonymous_1)
FNDA:0,(anonymous_2)
FNDA:0,(anonymous_3)
FNDA:0,(anonymous_4)
FNDA:0,(anonymous_5)
FNDA:0,(anonymous_6)
FNDA:0,(anonymous_7)
FNDA:0,(anonymous_8)
FNDA:0,(anonymous_9)
FNDA:0,(anonymous_10)
FNDA:0,(anonymous_11)
DA:1,1
DA:3,1
DA:116,1
DA:117,1
DA:118,1
DA:123,1
DA:124,0
DA:128,1
DA:129,0
DA:130,0
DA:134,1
DA:135,0
DA:137,0
DA:150,1
DA:151,0
DA:153,0
DA:154,0
DA:160,1
DA:161,0
DA:162,0
DA:163,0
DA:164,0
DA:165,0
DA:166,0
DA:170,1
DA:171,0
DA:172,0
DA:173,0
DA:177,1
DA:178,0
DA:179,0
DA:180,0
DA:181,0
DA:185,1
DA:186,0
DA:191,0
DA:192,0
DA:196,1
DA:197,0
DA:198,0
DA:199,0
DA:200,0
DA:203,0
DA:204,0
DA:207,0
DA:208,0
DA:212,1
DA:213,0
DA:219,0
DA:220,0
DA:224,1
DA:225,0
DA:226,0
DA:227,0
DA:228,0
DA:229,0
DA:231,0
DA:237,1
DA:238,0
DA:239,0
DA:240,0
DA:241,0
DA:243,0
DA:247,1
DA:249,1
LF:65
LH:19
BRDA:130,0,0,0
BRDA:130,0,1,0
BRDA:135,1,0,0
BRDA:135,1,1,0
BRDA:138,2,0,0
BRDA:138,2,1,0
BRDA:141,3,0,0
BRDA:141,3,1,0
BRDA:142,4,0,0
BRDA:142,4,1,0
BRDA:151,5,0,0
BRDA:151,5,1,0
BRDA:151,6,0,0
BRDA:151,6,1,0
BRDA:154,7,0,0
BRDA:154,7,1,0
BRDA:203,8,0,0
BRDA:203,8,1,0
BRDA:226,9,0,0
BRDA:226,9,1,0
BRDA:238,10,0,0
BRDA:238,10,1,0
BRDA:238,11,0,0
BRDA:238,11,1,0
BRDA:238,11,2,0
BRF:25
BRH:0
end_of_record
TN:
SF:src\models\cancellationPolicy.model.js
FN:86,(anonymous_0)
FN:89,(anonymous_1)
FN:90,(anonymous_2)
FN:95,(anonymous_3)
FN:105,(anonymous_4)
FN:110,(anonymous_5)
FN:117,(anonymous_6)
FNF:7
FNH:0
FNDA:0,(anonymous_0)
FNDA:0,(anonymous_1)
FNDA:0,(anonymous_2)
FNDA:0,(anonymous_3)
FNDA:0,(anonymous_4)
FNDA:0,(anonymous_5)
FNDA:0,(anonymous_6)
DA:1,1
DA:3,1
DA:86,1
DA:88,0
DA:89,0
DA:90,0
DA:92,0
DA:94,0
DA:95,0
DA:96,0
DA:98,0
DA:101,0
DA:105,1
DA:106,0
DA:110,1
DA:112,0
DA:113,0
DA:117,1
DA:118,0
DA:159,0
DA:160,0
DA:168,1
DA:170,1
LF:23
LH:8
BRDA:92,0,0,0
BRDA:92,0,1,0
BRDA:94,1,0,0
BRDA:94,1,1,0
BRF:4
BRH:0
end_of_record
TN:
SF:src\models\favorite.model.js
FN:27,(anonymous_0)
FN:33,(anonymous_1)
FN:45,(anonymous_2)
FN:51,(anonymous_3)
FNF:4
FNH:0
FNDA:0,(anonymous_0)
FNDA:0,(anonymous_1)
FNDA:0,(anonymous_2)
FNDA:0,(anonymous_3)
DA:1,1
DA:3,1
DA:21,1
DA:24,1
DA:27,1
DA:28,0
DA:33,1
DA:34,0
DA:36,0
DA:37,0
DA:38,0
DA:40,0
DA:41,0
DA:45,1
DA:46,0
DA:47,0
DA:51,1
DA:53,0
DA:54,0
DA:55,0
DA:57,0
DA:60,1
LF:22
LH:9
BRDA:36,0,0,0
BRDA:36,0,1,0
BRDA:54,1,0,0
BRDA:54,1,1,0
BRF:4
BRH:0
end_of_record
TN:
SF:src\models\loginAttempt.model.js
FNF:0
FNH:0
DA:1,1
DA:3,1
DA:36,1
DA:38,1
LF:4
LH:4
BRF:0
BRH:0
end_of_record
TN:
SF:src\models\message.model.js
FN:82,(anonymous_0)
FN:90,(anonymous_1)
FN:91,(anonymous_2)
FN:110,(anonymous_3)
FN:118,(anonymous_4)
FN:133,(anonymous_5)
FN:145,(anonymous_6)
FN:158,(anonymous_7)
FNF:8
FNH:0
FNDA:0,(anonymous_0)
FNDA:0,(anonymous_1)
FNDA:0,(anonymous_2)
FNDA:0,(anonymous_3)
FNDA:0,(anonymous_4)
FNDA:0,(anonymous_5)
FNDA:0,(anonymous_6)
FNDA:0,(anonymous_7)
DA:1,1
DA:3,1
DA:35,1
DA:82,1
DA:83,0
DA:90,0
DA:91,0
DA:92,0
DA:110,1
DA:111,0
DA:112,0
DA:118,0
DA:133,1
DA:134,0
DA:136,0
DA:141,0
DA:145,1
DA:146,0
DA:147,0
DA:149,0
DA:154,0
DA:158,1
DA:159,0
DA:160,0
DA:162,0
DA:163,0
DA:166,0
DA:167,0
DA:168,0
DA:171,0
DA:174,0
DA:177,1
LF:32
LH:9
BRDA:97,0,0,0
BRDA:97,0,1,0
BRDA:101,1,0,0
BRDA:101,1,1,0
BRDA:102,2,0,0
BRDA:102,2,1,0
BRDA:103,3,0,0
BRDA:103,3,1,0
BRDA:104,4,0,0
BRDA:104,4,1,0
BRDA:110,5,0,0
BRDA:110,6,0,0
BRDA:134,7,0,0
BRDA:134,7,1,0
BRDA:147,8,0,0
BRDA:147,8,1,0
BRDA:159,9,0,0
BRDA:159,9,1,0
BRDA:159,10,0,0
BRDA:159,10,1,0
BRDA:166,11,0,0
BRDA:166,11,1,0
BRDA:166,12,0,0
BRDA:166,12,1,0
BRF:24
BRH:0
end_of_record
TN:
SF:src\models\notification.model.js
FNF:0
FNH:0
DA:1,1
DA:2,1
DA:4,1
DA:34,1
DA:35,1
DA:37,1
LF:6
LH:6
BRF:0
BRH:0
end_of_record
TN:
SF:src\models\partner.model.js
FNF:0
FNH:0
DA:1,1
DA:2,1
DA:4,1
DA:92,1
DA:93,1
DA:94,1
DA:95,1
DA:97,1
DA:99,1
LF:9
LH:9
BRF:0
BRH:0
end_of_record
TN:
SF:src\models\payment.model.js
FN:39,(anonymous_0)
FNF:1
FNH:1
FNDA:2,(anonymous_0)
DA:1,1
DA:3,1
DA:40,2
DA:66,1
DA:67,1
DA:68,1
DA:69,1
DA:70,1
DA:72,1
LF:9
LH:9
BRDA:40,0,0,2
BRDA:40,0,1,0
BRF:2
BRH:1
end_of_record
TN:
SF:src\models\reservation.model.js
FN:100,(anonymous_0)
FN:107,(anonymous_1)
FN:111,(anonymous_2)
FN:120,(anonymous_3)
FN:123,(anonymous_4)
FNF:5
FNH:1
FNDA:11,(anonymous_0)
FNDA:0,(anonymous_1)
FNDA:0,(anonymous_2)
FNDA:0,(anonymous_3)
FNDA:0,(anonymous_4)
DA:1,1
DA:3,1
DA:100,1
DA:101,11
DA:102,0
DA:104,11
DA:107,1
DA:108,0
DA:111,1
DA:112,0
DA:113,0
DA:114,0
DA:116,0
DA:117,0
DA:120,0
DA:123,1
DA:124,0
DA:125,0
DA:126,0
DA:128,0
DA:129,0
DA:132,0
DA:135,1
LF:23
LH:9
BRDA:101,0,0,0
BRDA:101,0,1,11
BRDA:116,1,0,0
BRDA:116,1,1,0
BRDA:128,2,0,0
BRDA:128,2,1,0
BRF:6
BRH:1
end_of_record
TN:
SF:src\models\residence.model.js
FN:128,(anonymous_0)
FN:137,(anonymous_1)
FN:142,(anonymous_2)
FNF:3
FNH:0
FNDA:0,(anonymous_0)
FNDA:0,(anonymous_1)
FNDA:0,(anonymous_2)
DA:1,1
DA:3,1
DA:120,1
DA:125,1
DA:128,1
DA:129,0
DA:137,1
DA:138,0
DA:139,0
DA:142,1
DA:143,0
DA:144,0
DA:147,1
DA:148,1
LF:14
LH:9
BRF:0
BRH:0
end_of_record
TN:
SF:src\models\review.model.js
FN:34,(anonymous_0)
FN:60,(anonymous_1)
FN:79,(anonymous_2)
FNF:3
FNH:0
FNDA:0,(anonymous_0)
FNDA:0,(anonymous_1)
FNDA:0,(anonymous_2)
DA:1,1
DA:3,1
DA:36,0
DA:56,1
DA:57,1
DA:60,1
DA:61,0
DA:62,0
DA:63,0
DA:71,0
DA:72,0
DA:75,0
DA:79,1
DA:80,0
DA:105,0
DA:112,1
LF:16
LH:7
BRDA:61,0,0,0
BRDA:61,0,1,0
BRDA:71,1,0,0
BRDA:71,1,1,0
BRDA:105,2,0,0
BRDA:105,2,1,0
BRF:6
BRH:0
end_of_record
TN:
SF:src\models\systemSetting.model.js
FN:46,(anonymous_0)
FNF:1
FNH:0
FNDA:0,(anonymous_0)
DA:1,1
DA:3,1
DA:46,1
DA:47,0
DA:48,0
DA:51,1
LF:6
LH:4
BRF:0
BRH:0
end_of_record
TN:
SF:src\models\user.model.js
FN:60,(anonymous_0)
FN:70,(anonymous_1)
FN:75,(anonymous_2)
FNF:3
FNH:1
FNDA:3,(anonymous_0)
FNDA:0,(anonymous_1)
FNDA:0,(anonymous_2)
DA:1,1
DA:2,1
DA:3,1
DA:5,1
DA:60,1
DA:61,3
DA:62,0
DA:65,3
DA:66,3
DA:70,1
DA:71,0
DA:75,1
DA:77,0
DA:80,0
DA:86,0
DA:88,0
DA:91,1
DA:93,1
LF:18
LH:12
BRDA:61,0,0,0
BRDA:61,0,1,3
BRF:2
BRH:1
end_of_record
TN:
SF:src\routes\admin.routes.js
FNF:0
FNH:0
DA:1,1
DA:2,1
DA:3,1
DA:4,1
DA:5,1
DA:8,1
DA:9,1
DA:10,1
DA:13,1
DA:14,1
DA:15,1
DA:16,1
DA:17,1
DA:20,1
DA:21,1
DA:22,1
DA:23,1
DA:26,1
DA:27,1
DA:28,1
DA:29,1
DA:30,1
DA:33,1
DA:34,1
DA:35,1
DA:38,1
DA:39,1
DA:40,1
DA:41,1
DA:42,1
DA:43,1
DA:45,1
LF:32
LH:32
BRF:0
BRH:0
end_of_record
TN:
SF:src\routes\auth.routes.js
FNF:0
FNH:0
DA:1,1
DA:2,1
DA:3,1
DA:4,1
DA:5,1
DA:14,1
DA:15,1
DA:59,1
DA:89,1
DA:105,1
DA:131,1
DA:157,1
DA:185,1
DA:188,1
DA:190,1
LF:15
LH:15
BRF:0
BRH:0
end_of_record
TN:
SF:src\routes\availability.routes.js
FNF:0
FNH:0
DA:1,1
DA:2,1
DA:3,1
DA:4,1
DA:5,1
DA:6,1
DA:9,1
DA:15,1
DA:22,1
DA:23,1
DA:25,1
DA:31,1
DA:37,1
DA:43,1
LF:14
LH:14
BRF:0
BRH:0
end_of_record
TN:
SF:src\routes\favorite.routes.js
FNF:0
FNH:0
DA:1,1
DA:2,1
DA:3,1
DA:4,1
DA:54,1
DA:74,1
DA:101,1
DA:123,1
DA:153,1
DA:155,1
LF:10
LH:10
BRF:0
BRH:0
end_of_record
TN:
SF:src\routes\message.routes.js
FNF:0
FNH:0
DA:1,1
DA:2,1
DA:3,1
DA:12,1
DA:15,1
DA:18,1
DA:22,1
DA:25,1
DA:29,1
DA:32,1
DA:35,1
LF:11
LH:11
BRF:0
BRH:0
end_of_record
TN:
SF:src\routes\notification.routes.js
FNF:0
FNH:0
DA:1,1
DA:8,1
DA:10,1
DA:11,1
DA:13,1
DA:16,1
DA:20,1
DA:23,1
DA:27,1
DA:30,1
DA:33,1
LF:11
LH:11
BRF:0
BRH:0
end_of_record
TN:
SF:src\routes\partner.routes.js
FNF:0
FNH:0
DA:1,1
DA:2,1
DA:3,1
DA:4,1
DA:5,1
DA:6,1
DA:9,1
DA:12,1
DA:13,1
DA:14,1
DA:17,1
DA:18,1
DA:27,1
DA:31,1
DA:34,1
DA:37,1
DA:38,1
DA:39,1
DA:40,1
DA:42,1
LF:20
LH:20
BRF:0
BRH:0
end_of_record
TN:
SF:src\routes\payment.routes.js
FNF:0
FNH:0
DA:1,1
DA:2,1
DA:3,1
DA:4,1
DA:7,1
DA:8,1
DA:9,1
DA:10,1
DA:13,1
DA:15,1
LF:10
LH:10
BRF:0
BRH:0
end_of_record
TN:
SF:src\routes\reservation.routes.js
FN:26,(anonymous_0)
FNF:1
FNH:0
FNDA:0,(anonymous_0)
DA:1,1
DA:2,1
DA:3,1
DA:4,1
DA:5,1
DA:12,1
DA:13,1
DA:16,1
DA:19,1
DA:22,1
DA:25,1
DA:27,0
DA:28,0
DA:30,0
DA:33,1
DA:36,1
DA:40,1
DA:43,1
DA:46,1
DA:49,1
DA:52,1
LF:21
LH:18
BRDA:27,0,0,0
BRDA:27,0,1,0
BRF:2
BRH:0
end_of_record
TN:
SF:src\routes\residence.routes.js
FN:24,(anonymous_0)
FN:52,(anonymous_1)
FN:64,(anonymous_2)
FNF:3
FNH:0
FNDA:0,(anonymous_0)
FNDA:0,(anonymous_1)
FNDA:0,(anonymous_2)
DA:1,1
DA:2,1
DA:3,1
DA:4,1
DA:13,1
DA:14,1
DA:17,1
DA:18,1
DA:21,1
DA:24,1
DA:25,0
DA:26,0
DA:27,0
DA:28,0
DA:31,0
DA:32,0
DA:33,0
DA:40,0
DA:41,0
DA:44,0
DA:45,0
DA:48,0
DA:49,0
DA:51,0
DA:52,0
DA:53,0
DA:56,0
DA:60,0
DA:61,0
DA:63,0
DA:64,0
DA:65,0
DA:69,0
DA:71,0
DA:72,0
DA:75,0
DA:76,0
DA:85,1
DA:88,1
DA:90,1
DA:91,1
DA:92,1
DA:95,1
DA:97,1
LF:44
LH:17
BRDA:31,0,0,0
BRDA:31,0,1,0
BRDA:51,1,0,0
BRDA:51,1,1,0
BRDA:53,2,0,0
BRDA:53,2,1,0
BRDA:63,3,0,0
BRDA:63,3,1,0
BRF:8
BRH:0
end_of_record
TN:
SF:src\routes\review.routes.js
FNF:0
FNH:0
DA:1,1
DA:2,1
DA:9,1
DA:10,1
DA:71,1
DA:95,1
DA:126,1
DA:161,1
DA:183,1
DA:185,1
LF:10
LH:10
BRF:0
BRH:0
end_of_record
TN:
SF:src\routes\superadmin.routes.js
FNF:0
FNH:0
DA:1,1
DA:2,1
DA:3,1
DA:4,1
DA:5,1
DA:8,1
DA:9,1
DA:12,1
DA:13,1
DA:16,1
DA:17,1
DA:20,1
DA:21,1
DA:24,1
DA:25,1
DA:26,1
DA:28,1
LF:17
LH:17
BRF:0
BRH:0
end_of_record
TN:
SF:src\routes\user.routes.js
FNF:0
FNH:0
DA:1,1
DA:2,1
DA:3,1
DA:6,1
DA:7,1
DA:9,1
LF:6
LH:6
BRF:0
BRH:0
end_of_record
TN:
SF:src\services\availability.service.js
FN:10,(anonymous_0)
FN:47,(anonymous_1)
FN:55,(anonymous_2)
FN:63,(anonymous_3)
FN:63,(anonymous_4)
FN:67,(anonymous_5)
FN:71,(anonymous_6)
FN:73,(anonymous_7)
FN:104,(anonymous_8)
FN:116,(anonymous_9)
FN:150,(anonymous_10)
FN:172,(anonymous_11)
FN:205,(anonymous_12)
FN:236,(anonymous_13)
FN:252,(anonymous_14)
FN:278,(anonymous_15)
FN:306,(anonymous_16)
FN:309,(anonymous_17)
FN:323,(anonymous_18)
FN:357,(anonymous_19)
FN:359,(anonymous_20)
FN:366,(anonymous_21)
FN:377,(anonymous_22)
FN:387,(anonymous_23)
FN:417,(anonymous_24)
FNF:25
FNH:0
FNDA:0,(anonymous_0)
FNDA:0,(anonymous_1)
FNDA:0,(anonymous_2)
FNDA:0,(anonymous_3)
FNDA:0,(anonymous_4)
FNDA:0,(anonymous_5)
FNDA:0,(anonymous_6)
FNDA:0,(anonymous_7)
FNDA:0,(anonymous_8)
FNDA:0,(anonymous_9)
FNDA:0,(anonymous_10)
FNDA:0,(anonymous_11)
FNDA:0,(anonymous_12)
FNDA:0,(anonymous_13)
FNDA:0,(anonymous_14)
FNDA:0,(anonymous_15)
FNDA:0,(anonymous_16)
FNDA:0,(anonymous_17)
FNDA:0,(anonymous_18)
FNDA:0,(anonymous_19)
FNDA:0,(anonymous_20)
FNDA:0,(anonymous_21)
FNDA:0,(anonymous_22)
FNDA:0,(anonymous_23)
FNDA:0,(anonymous_24)
DA:1,1
DA:2,1
DA:3,1
DA:4,1
DA:5,1
DA:6,1
DA:11,0
DA:12,0
DA:15,0
DA:16,0
DA:19,0
DA:21,0
DA:22,0
DA:23,0
DA:27,0
DA:30,0
DA:32,0
DA:44,0
DA:47,0
DA:48,0
DA:49,0
DA:52,0
DA:56,0
DA:57,0
DA:63,0
DA:66,0
DA:67,0
DA:68,0
DA:71,0
DA:72,0
DA:73,0
DA:74,0
DA:76,0
DA:80,0
DA:85,0
DA:87,0
DA:98,0
DA:99,0
DA:105,0
DA:106,0
DA:107,0
DA:109,0
DA:110,0
DA:111,0
DA:114,0
DA:115,0
DA:116,0
DA:117,0
DA:119,0
DA:120,0
DA:121,0
DA:123,0
DA:124,0
DA:125,0
DA:127,0
DA:140,0
DA:151,0
DA:152,0
DA:153,0
DA:156,0
DA:157,0
DA:158,0
DA:162,0
DA:165,0
DA:166,0
DA:167,0
DA:168,0
DA:170,0
DA:172,0
DA:173,0
DA:176,0
DA:183,0
DA:191,0
DA:194,0
DA:197,0
DA:199,0
DA:200,0
DA:206,0
DA:207,0
DA:208,0
DA:211,0
DA:212,0
DA:213,0
DA:217,0
DA:229,0
DA:230,0
DA:232,0
DA:233,0
DA:236,0
DA:237,0
DA:238,0
DA:239,0
DA:244,0
DA:245,0
DA:253,0
DA:254,0
DA:255,0
DA:261,0
DA:265,0
DA:266,0
DA:270,0
DA:272,0
DA:273,0
DA:279,0
DA:280,0
DA:281,0
DA:282,0
DA:285,0
DA:286,0
DA:287,0
DA:290,0
DA:303,0
DA:306,0
DA:307,0
DA:309,0
DA:311,0
DA:317,0
DA:318,0
DA:324,0
DA:326,0
DA:327,0
DA:330,0
DA:331,0
DA:332,0
DA:335,0
DA:336,0
DA:340,0
DA:341,0
DA:348,0
DA:349,0
DA:354,0
DA:357,0
DA:358,0
DA:359,0
DA:361,0
DA:362,0
DA:367,0
DA:369,0
DA:370,0
DA:373,0
DA:374,0
DA:377,0
DA:378,0
DA:379,0
DA:382,0
DA:383,0
DA:388,0
DA:389,0
DA:390,0
DA:394,0
DA:400,0
DA:401,0
DA:402,0
DA:403,0
DA:405,0
DA:406,0
DA:410,0
DA:418,0
DA:419,0
DA:420,0
DA:422,0
DA:423,0
DA:429,0
DA:432,0
DA:436,1
LF:165
LH:7
BRDA:15,0,0,0
BRDA:15,0,1,0
BRDA:22,1,0,0
BRDA:22,1,1,0
BRDA:30,2,0,0
BRDA:30,2,1,0
BRDA:44,3,0,0
BRDA:44,3,1,0
BRDA:49,4,0,0
BRDA:49,4,1,0
BRDA:53,5,0,0
BRDA:53,5,1,0
BRDA:57,6,0,0
BRDA:57,6,1,0
BRDA:68,7,0,0
BRDA:68,7,1,0
BRDA:68,8,0,0
BRDA:68,8,1,0
BRDA:76,9,0,0
BRDA:76,9,1,0
BRDA:76,9,2,0
BRDA:80,10,0,0
BRDA:80,10,1,0
BRDA:80,10,2,0
BRDA:88,11,0,0
BRDA:88,11,1,0
BRDA:88,11,2,0
BRDA:88,11,3,0
BRDA:98,12,0,0
BRDA:98,12,1,0
BRDA:119,13,0,0
BRDA:119,13,1,0
BRDA:119,14,0,0
BRDA:119,14,1,0
BRDA:123,15,0,0
BRDA:123,15,1,0
BRDA:131,16,0,0
BRDA:131,16,1,0
BRDA:157,17,0,0
BRDA:157,17,1,0
BRDA:165,18,0,0
BRDA:165,18,1,0
BRDA:172,19,0,0
BRDA:172,19,1,0
BRDA:186,20,0,0
BRDA:186,20,1,0
BRDA:186,21,0,0
BRDA:186,21,1,0
BRDA:199,22,0,0
BRDA:199,22,1,0
BRDA:212,23,0,0
BRDA:212,23,1,0
BRDA:239,24,0,0
BRDA:239,24,1,0
BRDA:244,25,0,0
BRDA:244,25,1,0
BRDA:244,26,0,0
BRDA:244,26,1,0
BRDA:249,27,0,0
BRDA:249,27,1,0
BRDA:251,28,0,0
BRDA:251,28,1,0
BRDA:255,29,0,0
BRDA:255,29,1,0
BRDA:265,30,0,0
BRDA:265,30,1,0
BRDA:272,31,0,0
BRDA:272,31,1,0
BRDA:281,32,0,0
BRDA:281,32,1,0
BRDA:307,33,0,0
BRDA:307,33,1,0
BRDA:307,33,2,0
BRDA:312,34,0,0
BRDA:312,34,1,0
BRDA:317,35,0,0
BRDA:317,35,1,0
BRDA:326,36,0,0
BRDA:326,36,1,0
BRDA:348,37,0,0
BRDA:348,37,1,0
BRDA:354,38,0,0
BRDA:354,38,1,0
BRDA:369,39,0,0
BRDA:369,39,1,0
BRDA:377,40,0,0
BRDA:377,40,1,0
BRDA:379,41,0,0
BRDA:379,41,1,0
BRDA:389,42,0,0
BRDA:389,42,1,0
BRDA:411,43,0,0
BRDA:411,43,1,0
BRDA:417,44,0,0
BRDA:427,45,0,0
BRDA:427,45,1,0
BRF:96
BRH:0
end_of_record
TN:
SF:src\services\dashboard.service.js
FN:7,(anonymous_0)
FN:36,(anonymous_1)
FN:57,(anonymous_2)
FN:67,(anonymous_3)
FN:68,(anonymous_4)
FN:79,(anonymous_5)
FN:106,(anonymous_6)
FN:138,(anonymous_7)
FN:145,(anonymous_8)
FN:194,(anonymous_9)
FN:197,(anonymous_10)
FN:198,(anonymous_11)
FN:243,(anonymous_12)
FN:257,(anonymous_13)
FN:264,(anonymous_14)
FN:279,(anonymous_15)
FN:312,(anonymous_16)
FN:332,(anonymous_17)
FN:342,(anonymous_18)
FN:351,(anonymous_19)
FN:361,(anonymous_20)
FN:381,(anonymous_21)
FN:388,(anonymous_22)
FN:391,(anonymous_23)
FN:397,(anonymous_24)
FN:400,(anonymous_25)
FN:407,(anonymous_26)
FNF:27
FNH:0
FNDA:0,(anonymous_0)
FNDA:0,(anonymous_1)
FNDA:0,(anonymous_2)
FNDA:0,(anonymous_3)
FNDA:0,(anonymous_4)
FNDA:0,(anonymous_5)
FNDA:0,(anonymous_6)
FNDA:0,(anonymous_7)
FNDA:0,(anonymous_8)
FNDA:0,(anonymous_9)
FNDA:0,(anonymous_10)
FNDA:0,(anonymous_11)
FNDA:0,(anonymous_12)
FNDA:0,(anonymous_13)
FNDA:0,(anonymous_14)
FNDA:0,(anonymous_15)
FNDA:0,(anonymous_16)
FNDA:0,(anonymous_17)
FNDA:0,(anonymous_18)
FNDA:0,(anonymous_19)
FNDA:0,(anonymous_20)
FNDA:0,(anonymous_21)
FNDA:0,(anonymous_22)
FNDA:0,(anonymous_23)
FNDA:0,(anonymous_24)
FNDA:0,(anonymous_25)
FNDA:0,(anonymous_26)
DA:1,1
DA:2,1
DA:3,1
DA:4,1
DA:8,0
DA:10,0
DA:14,0
DA:15,0
DA:36,0
DA:39,0
DA:47,0
DA:50,0
DA:57,0
DA:60,0
DA:67,0
DA:68,0
DA:69,0
DA:74,0
DA:79,0
DA:82,0
DA:88,0
DA:106,0
DA:107,0
DA:108,0
DA:117,0
DA:133,0
DA:134,0
DA:139,0
DA:141,0
DA:145,0
DA:147,0
DA:148,0
DA:149,0
DA:150,0
DA:153,0
DA:160,0
DA:161,0
DA:162,0
DA:164,0
DA:169,0
DA:193,0
DA:194,0
DA:197,0
DA:198,0
DA:199,0
DA:209,0
DA:237,0
DA:244,0
DA:248,0
DA:252,0
DA:253,0
DA:258,0
DA:260,0
DA:264,0
DA:266,0
DA:267,0
DA:270,0
DA:279,0
DA:296,0
DA:299,0
DA:308,0
DA:312,0
DA:314,0
DA:322,0
DA:331,0
DA:332,0
DA:342,0
DA:351,0
DA:361,0
DA:364,0
DA:374,0
DA:376,0
DA:377,0
DA:382,0
DA:388,0
DA:392,0
DA:397,0
DA:401,0
DA:405,0
DA:407,0
DA:408,0
DA:412,1
LF:82
LH:5
BRDA:14,0,0,0
BRDA:14,0,1,0
BRDA:69,1,0,0
BRDA:69,1,1,0
BRDA:74,2,0,0
BRDA:74,2,1,0
BRDA:79,3,0,0
BRDA:79,3,1,0
BRDA:164,4,0,0
BRDA:164,4,1,0
BRDA:201,5,0,0
BRDA:201,5,1,0
BRDA:202,6,0,0
BRDA:202,6,1,0
BRDA:244,7,0,0
BRDA:244,7,1,0
BRDA:347,8,0,0
BRDA:347,8,1,0
BRDA:388,9,0,0
BRDA:388,9,1,0
BRDA:397,10,0,0
BRDA:397,10,1,0
BRDA:405,11,0,0
BRDA:405,11,1,0
BRF:24
BRH:0
end_of_record
TN:
SF:src\services\date.service.js
FN:4,(anonymous_0)
FN:14,(anonymous_1)
FN:25,(anonymous_2)
FN:36,(anonymous_3)
FN:47,(anonymous_4)
FN:58,(anonymous_5)
FN:67,(anonymous_6)
FN:77,(anonymous_7)
FN:87,(anonymous_8)
FN:96,(anonymous_9)
FN:106,(anonymous_10)
FN:116,(anonymous_11)
FN:125,(anonymous_12)
FNF:13
FNH:1
FNDA:1,(anonymous_0)
FNDA:0,(anonymous_1)
FNDA:0,(anonymous_2)
FNDA:0,(anonymous_3)
FNDA:0,(anonymous_4)
FNDA:0,(anonymous_5)
FNDA:0,(anonymous_6)
FNDA:0,(anonymous_7)
FNDA:0,(anonymous_8)
FNDA:0,(anonymous_9)
FNDA:0,(anonymous_10)
FNDA:0,(anonymous_11)
FNDA:0,(anonymous_12)
DA:1,1
DA:5,1
DA:15,0
DA:26,0
DA:37,0
DA:48,0
DA:59,0
DA:68,0
DA:78,0
DA:88,0
DA:97,0
DA:107,0
DA:117,0
DA:126,0
DA:130,1
LF:15
LH:3
BRDA:14,0,0,0
BRDA:25,1,0,0
BRDA:36,2,0,0
BRDA:47,3,0,0
BRDA:77,4,0,0
BRDA:87,5,0,0
BRF:6
BRH:0
end_of_record
TN:
SF:src\services\email.service.js
FN:4,(anonymous_0)
FN:16,(anonymous_1)
FN:28,(anonymous_2)
FN:66,(anonymous_3)
FN:79,(anonymous_4)
FN:98,(anonymous_5)
FN:118,(anonymous_6)
FN:131,(anonymous_7)
FNF:8
FNH:1
FNDA:1,(anonymous_0)
FNDA:0,(anonymous_1)
FNDA:0,(anonymous_2)
FNDA:0,(anonymous_3)
FNDA:0,(anonymous_4)
FNDA:0,(anonymous_5)
FNDA:0,(anonymous_6)
FNDA:0,(anonymous_7)
DA:1,1
DA:5,1
DA:17,0
DA:24,0
DA:29,0
DA:30,0
DA:33,0
DA:35,0
DA:36,0
DA:38,0
DA:39,0
DA:41,0
DA:42,0
DA:44,0
DA:45,0
DA:48,0
DA:67,0
DA:80,0
DA:99,0
DA:101,0
DA:119,0
DA:134,0
DA:136,0
DA:137,0
DA:147,0
DA:150,0
DA:151,0
DA:160,0
DA:163,0
DA:171,1
LF:30
LH:3
BRDA:33,0,0,0
BRDA:33,0,1,0
BRDA:33,0,2,0
BRDA:33,0,3,0
BRDA:134,1,0,0
BRDA:134,1,1,0
BRF:6
BRH:0
end_of_record
TN:
SF:src\services\notification.service.js
FN:7,(anonymous_0)
FN:32,(anonymous_1)
FN:50,(anonymous_2)
FN:59,(anonymous_3)
FN:67,(anonymous_4)
FN:75,(anonymous_5)
FN:83,(anonymous_6)
FN:91,(anonymous_7)
FN:118,(anonymous_8)
FN:123,(anonymous_9)
FN:125,(anonymous_10)
FN:134,(anonymous_11)
FNF:12
FNH:0
FNDA:0,(anonymous_0)
FNDA:0,(anonymous_1)
FNDA:0,(anonymous_2)
FNDA:0,(anonymous_3)
FNDA:0,(anonymous_4)
FNDA:0,(anonymous_5)
FNDA:0,(anonymous_6)
FNDA:0,(anonymous_7)
FNDA:0,(anonymous_8)
FNDA:0,(anonymous_9)
FNDA:0,(anonymous_10)
FNDA:0,(anonymous_11)
DA:1,1
DA:2,1
DA:3,1
DA:8,0
DA:9,0
DA:18,0
DA:19,0
DA:21,0
DA:24,0
DA:26,0
DA:27,0
DA:33,0
DA:35,0
DA:36,0
DA:41,0
DA:51,0
DA:60,0
DA:68,0
DA:76,0
DA:85,0
DA:87,0
DA:94,0
DA:96,0
DA:97,0
DA:99,0
DA:100,0
DA:102,0
DA:103,0
DA:105,0
DA:109,0
DA:112,0
DA:114,0
DA:119,0
DA:124,0
DA:126,0
DA:130,0
DA:135,0
DA:136,0
DA:138,0
DA:145,1
LF:40
LH:4
BRDA:7,0,0,0
BRDA:19,1,0,0
BRDA:19,1,1,0
BRDA:19,2,0,0
BRDA:19,2,1,0
BRDA:32,3,0,0
BRDA:32,4,0,0
BRDA:83,5,0,0
BRDA:91,6,0,0
BRDA:94,7,0,0
BRDA:94,7,1,0
BRDA:94,7,2,0
BRDA:94,7,3,0
BRDA:118,8,0,0
BRDA:123,9,0,0
BRDA:134,10,0,0
BRF:16
BRH:0
end_of_record
TN:
SF:src\services\payment.service.js
FN:12,(anonymous_0)
FN:23,(anonymous_1)
FN:32,(anonymous_2)
FN:51,(anonymous_3)
FN:63,(anonymous_4)
FN:75,(anonymous_5)
FN:87,(anonymous_6)
FN:99,(anonymous_7)
FN:111,(anonymous_8)
FN:112,(anonymous_9)
FN:113,(anonymous_10)
FN:127,(anonymous_11)
FN:129,(anonymous_12)
FN:130,(anonymous_13)
FNF:14
FNH:1
FNDA:1,(anonymous_0)
FNDA:0,(anonymous_1)
FNDA:0,(anonymous_2)
FNDA:0,(anonymous_3)
FNDA:0,(anonymous_4)
FNDA:0,(anonymous_5)
FNDA:0,(anonymous_6)
FNDA:0,(anonymous_7)
FNDA:0,(anonymous_8)
FNDA:0,(anonymous_9)
FNDA:0,(anonymous_10)
FNDA:0,(anonymous_11)
FNDA:0,(anonymous_12)
FNDA:0,(anonymous_13)
DA:3,1
DA:4,1
DA:5,0
DA:8,0
DA:13,1
DA:24,0
DA:25,0
DA:26,0
DA:28,0
DA:33,0
DA:34,0
DA:36,0
DA:43,0
DA:53,0
DA:54,0
DA:65,0
DA:66,0
DA:77,0
DA:78,0
DA:89,0
DA:90,0
DA:101,0
DA:102,0
DA:112,0
DA:113,0
DA:114,0
DA:129,0
DA:130,0
DA:131,0
DA:140,1
LF:30
LH:4
BRDA:4,0,0,0
BRDA:4,0,1,1
BRDA:25,1,0,0
BRDA:25,1,1,0
BRDA:33,2,0,0
BRDA:33,2,1,0
BRF:6
BRH:1
end_of_record
TN:
SF:src\services\reservation.service.js
FN:15,(anonymous_0)
FN:98,(anonymous_1)
FN:189,(anonymous_2)
FN:251,(anonymous_3)
FNF:4
FNH:0
FNDA:0,(anonymous_0)
FNDA:0,(anonymous_1)
FNDA:0,(anonymous_2)
FNDA:0,(anonymous_3)
DA:1,1
DA:2,1
DA:3,1
DA:4,1
DA:5,1
DA:6,1
DA:7,1
DA:8,1
DA:15,1
DA:16,0
DA:17,0
DA:19,0
DA:20,0
DA:23,0
DA:24,0
DA:27,0
DA:28,0
DA:32,0
DA:37,0
DA:38,0
DA:42,0
DA:48,0
DA:56,0
DA:65,0
DA:68,0
DA:73,0
DA:82,0
DA:84,0
DA:85,0
DA:87,0
DA:98,1
DA:99,0
DA:100,0
DA:102,0
DA:103,0
DA:109,0
DA:110,0
DA:114,0
DA:115,0
DA:116,0
DA:120,0
DA:124,0
DA:128,0
DA:129,0
DA:130,0
DA:136,0
DA:137,0
DA:145,0
DA:148,0
DA:157,0
DA:160,0
DA:165,0
DA:173,0
DA:175,0
DA:176,0
DA:178,0
DA:189,1
DA:190,0
DA:191,0
DA:193,0
DA:194,0
DA:200,0
DA:201,0
DA:205,0
DA:206,0
DA:207,0
DA:211,0
DA:212,0
DA:216,0
DA:217,0
DA:223,0
DA:224,0
DA:229,0
DA:230,0
DA:231,0
DA:238,0
DA:242,0
DA:251,0
DA:252,0
DA:253,0
DA:261,0
DA:262,0
DA:263,0
DA:265,0
DA:268,0
DA:269,0
DA:279,0
DA:282,0
DA:287,0
DA:308,0
DA:310,0
DA:311,0
DA:313,0
DA:317,1
LF:94
LH:12
BRDA:23,0,0,0
BRDA:23,0,1,0
BRDA:27,1,0,0
BRDA:27,1,1,0
BRDA:37,2,0,0
BRDA:37,2,1,0
BRDA:98,3,0,0
BRDA:109,4,0,0
BRDA:109,4,1,0
BRDA:115,5,0,0
BRDA:115,5,1,0
BRDA:120,6,0,0
BRDA:120,6,1,0
BRDA:121,7,0,0
BRDA:121,7,1,0
BRDA:142,8,0,0
BRDA:142,8,1,0
BRDA:200,9,0,0
BRDA:200,9,1,0
BRDA:206,10,0,0
BRDA:206,10,1,0
BRDA:211,11,0,0
BRDA:211,11,1,0
BRDA:216,12,0,0
BRDA:216,12,1,0
BRDA:216,13,0,0
BRDA:216,13,1,0
BRDA:218,14,0,0
BRDA:218,14,1,0
BRDA:219,15,0,0
BRDA:219,15,1,0
BRDA:223,16,0,0
BRDA:223,16,1,0
BRDA:230,17,0,0
BRDA:230,17,1,0
BRDA:230,18,0,0
BRDA:230,18,1,0
BRDA:232,19,0,0
BRDA:232,19,1,0
BRDA:233,20,0,0
BRDA:233,20,1,0
BRDA:252,21,0,0
BRDA:252,21,1,0
BRDA:261,22,0,0
BRDA:261,22,1,0
BRDA:268,23,0,0
BRDA:268,23,1,0
BRDA:268,24,0,0
BRDA:268,24,1,0
BRDA:272,25,0,0
BRDA:272,25,1,0
BRDA:273,26,0,0
BRDA:273,26,1,0
BRF:53
BRH:0
end_of_record
TN:
SF:src\services\socket.service.js
FN:8,(anonymous_0)
FN:18,(anonymous_1)
FN:21,(anonymous_2)
FN:26,(anonymous_3)
FN:31,(anonymous_4)
FN:39,(anonymous_5)
FN:49,(anonymous_6)
FN:55,(anonymous_7)
FN:62,(anonymous_8)
FN:70,(anonymous_9)
FNF:10
FNH:0
FNDA:0,(anonymous_0)
FNDA:0,(anonymous_1)
FNDA:0,(anonymous_2)
FNDA:0,(anonymous_3)
FNDA:0,(anonymous_4)
FNDA:0,(anonymous_5)
FNDA:0,(anonymous_6)
FNDA:0,(anonymous_7)
FNDA:0,(anonymous_8)
FNDA:0,(anonymous_9)
DA:1,1
DA:2,1
DA:3,1
DA:9,0
DA:11,0
DA:18,0
DA:19,0
DA:21,0
DA:22,0
DA:23,0
DA:26,0
DA:27,0
DA:28,0
DA:31,0
DA:32,0
DA:36,0
DA:40,0
DA:42,0
DA:43,0
DA:49,0
DA:50,0
DA:53,0
DA:55,0
DA:58,0
DA:63,0
DA:65,0
DA:71,0
DA:73,0
DA:79,1
LF:29
LH:4
BRDA:9,0,0,0
BRDA:9,0,1,0
BRDA:13,1,0,0
BRDA:13,1,1,0
BRDA:40,2,0,0
BRDA:40,2,1,0
BRDA:63,3,0,0
BRDA:63,3,1,0
BRDA:71,4,0,0
BRDA:71,4,1,0
BRF:10
BRH:0
end_of_record
TN:
SF:src\services\stats.service.js
FN:9,(anonymous_0)
FN:17,(anonymous_1)
FN:43,(anonymous_2)
FN:67,(anonymous_3)
FN:101,(anonymous_4)
FN:148,(anonymous_5)
FN:157,(anonymous_6)
FN:175,(anonymous_7)
FN:210,(anonymous_8)
FNF:9
FNH:0
FNDA:0,(anonymous_0)
FNDA:0,(anonymous_1)
FNDA:0,(anonymous_2)
FNDA:0,(anonymous_3)
FNDA:0,(anonymous_4)
FNDA:0,(anonymous_5)
FNDA:0,(anonymous_6)
FNDA:0,(anonymous_7)
FNDA:0,(anonymous_8)
DA:1,1
DA:2,1
DA:3,1
DA:4,1
DA:5,1
DA:10,0
DA:18,0
DA:39,0
DA:44,0
DA:49,0
DA:50,0
DA:52,0
DA:63,0
DA:69,0
DA:71,0
DA:93,0
DA:102,0
DA:103,0
DA:106,0
DA:108,0
DA:110,0
DA:126,0
DA:146,0
DA:148,0
DA:158,0
DA:159,0
DA:160,0
DA:162,0
DA:164,0
DA:166,0
DA:168,0
DA:170,0
DA:176,0
DA:200,0
DA:211,0
DA:212,0
DA:215,0
DA:217,0
DA:262,0
DA:274,1
LF:40
LH:6
BRDA:9,0,0,0
BRDA:17,1,0,0
BRDA:49,2,0,0
BRDA:49,2,1,0
BRDA:50,3,0,0
BRDA:50,3,1,0
BRDA:63,4,0,0
BRDA:63,4,1,0
BRDA:69,5,0,0
BRDA:69,5,1,0
BRDA:96,6,0,0
BRDA:96,6,1,0
BRDA:101,7,0,0
BRDA:102,8,0,0
BRDA:102,8,1,0
BRDA:103,9,0,0
BRDA:103,9,1,0
BRDA:106,10,0,0
BRDA:106,10,1,0
BRDA:162,11,0,0
BRDA:162,11,1,0
BRDA:162,11,2,0
BRDA:162,11,3,0
BRDA:203,12,0,0
BRDA:203,12,1,0
BRDA:204,13,0,0
BRDA:204,13,1,0
BRDA:205,14,0,0
BRDA:205,14,1,0
BRDA:211,15,0,0
BRDA:211,15,1,0
BRDA:212,16,0,0
BRDA:212,16,1,0
BRDA:215,17,0,0
BRDA:215,17,1,0
BRDA:264,18,0,0
BRDA:264,18,1,0
BRDA:265,19,0,0
BRDA:265,19,1,0
BRF:39
BRH:0
end_of_record
TN:
SF:src\services\superadmin.service.js
FN:13,(anonymous_0)
FN:17,(anonymous_1)
FN:21,(anonymous_2)
FN:25,(anonymous_3)
FN:33,(anonymous_4)
FN:38,(anonymous_5)
FN:42,(anonymous_6)
FN:67,(anonymous_7)
FN:79,(anonymous_8)
FN:88,(anonymous_9)
FN:92,(anonymous_10)
FN:101,(anonymous_11)
FN:106,(anonymous_12)
FN:142,(anonymous_13)
FN:170,(anonymous_14)
FNF:15
FNH:0
FNDA:0,(anonymous_0)
FNDA:0,(anonymous_1)
FNDA:0,(anonymous_2)
FNDA:0,(anonymous_3)
FNDA:0,(anonymous_4)
FNDA:0,(anonymous_5)
FNDA:0,(anonymous_6)
FNDA:0,(anonymous_7)
FNDA:0,(anonymous_8)
FNDA:0,(anonymous_9)
FNDA:0,(anonymous_10)
FNDA:0,(anonymous_11)
FNDA:0,(anonymous_12)
FNDA:0,(anonymous_13)
FNDA:0,(anonymous_14)
DA:1,1
DA:2,1
DA:3,1
DA:4,1
DA:5,1
DA:6,1
DA:7,1
DA:8,1
DA:9,1
DA:14,0
DA:18,0
DA:22,0
DA:26,0
DA:34,0
DA:39,0
DA:43,0
DA:45,0
DA:47,0
DA:58,0
DA:59,0
DA:60,0
DA:61,0
DA:63,0
DA:68,0
DA:69,0
DA:70,0
DA:71,0
DA:72,0
DA:74,0
DA:80,0
DA:81,0
DA:82,0
DA:83,0
DA:85,0
DA:89,0
DA:93,0
DA:94,0
DA:102,0
DA:113,0
DA:121,0
DA:147,0
DA:153,0
DA:171,0
DA:172,0
DA:178,0
DA:211,0
DA:225,1
LF:47
LH:10
BRDA:45,0,0,0
BRDA:45,0,1,0
BRDA:59,1,0,0
BRDA:59,1,1,0
BRDA:60,2,0,0
BRDA:60,2,1,0
BRDA:61,3,0,0
BRDA:61,3,1,0
BRDA:67,4,0,0
BRDA:69,5,0,0
BRDA:69,5,1,0
BRDA:70,6,0,0
BRDA:70,6,1,0
BRDA:71,7,0,0
BRDA:71,7,1,0
BRDA:72,8,0,0
BRDA:72,8,1,0
BRDA:79,9,0,0
BRDA:81,10,0,0
BRDA:81,10,1,0
BRDA:82,11,0,0
BRDA:82,11,1,0
BRDA:83,12,0,0
BRDA:83,12,1,0
BRDA:134,13,0,0
BRDA:134,13,1,0
BRDA:213,14,0,0
BRDA:213,14,1,0
BRDA:214,15,0,0
BRDA:214,15,1,0
BRF:30
BRH:0
end_of_record
TN:
SF:src\utils\apiError.js
FN:14,(anonymous_0)
FN:33,(anonymous_1)
FN:42,(anonymous_2)
FN:51,(anonymous_3)
FN:60,(anonymous_4)
FN:69,(anonymous_5)
FN:79,(anonymous_6)
FN:88,(anonymous_7)
FN:97,(anonymous_8)
FNF:9
FNH:1
FNDA:1,(anonymous_0)
FNDA:0,(anonymous_1)
FNDA:0,(anonymous_2)
FNDA:0,(anonymous_3)
FNDA:0,(anonymous_4)
FNDA:0,(anonymous_5)
FNDA:0,(anonymous_6)
FNDA:0,(anonymous_7)
FNDA:0,(anonymous_8)
DA:15,1
DA:16,1
DA:17,1
DA:18,1
DA:19,1
DA:20,1
DA:21,1
DA:23,1
DA:34,0
DA:43,0
DA:52,0
DA:61,0
DA:70,0
DA:80,0
DA:89,0
DA:98,0
DA:102,1
LF:17
LH:9
BRDA:14,0,0,0
BRDA:14,1,0,1
BRDA:14,2,0,1
BRDA:14,3,0,1
BRDA:17,4,0,1
BRDA:17,4,1,0
BRDA:33,5,0,0
BRDA:33,6,0,0
BRDA:33,7,0,0
BRDA:33,8,0,0
BRDA:42,9,0,0
BRDA:42,10,0,0
BRDA:42,11,0,0
BRDA:51,12,0,0
BRDA:51,13,0,0
BRDA:51,14,0,0
BRDA:60,15,0,0
BRDA:60,16,0,0
BRDA:60,17,0,0
BRDA:69,18,0,0
BRDA:69,19,0,0
BRDA:69,20,0,0
BRDA:79,21,0,0
BRDA:79,22,0,0
BRDA:79,23,0,0
BRDA:88,24,0,0
BRDA:88,25,0,0
BRDA:88,26,0,0
BRDA:97,27,0,0
BRDA:97,28,0,0
BRDA:97,29,0,0
BRF:31
BRH:4
end_of_record
TN:
SF:src\utils\auth.js
FN:9,(anonymous_0)
FN:22,(anonymous_1)
FN:31,(anonymous_2)
FN:42,(anonymous_3)
FNF:4
FNH:1
FNDA:2,(anonymous_0)
FNDA:0,(anonymous_1)
FNDA:0,(anonymous_2)
FNDA:0,(anonymous_3)
DA:1,1
DA:2,1
DA:9,1
DA:10,2
DA:22,1
DA:23,0
DA:31,1
DA:32,0
DA:33,0
DA:42,1
DA:43,0
DA:46,1
LF:12
LH:8
BRDA:12,0,0,2
BRDA:12,0,1,0
BRDA:23,1,0,0
BRDA:23,1,1,0
BRF:4
BRH:1
end_of_record
TN:
SF:src\utils\constants.js
FNF:0
FNH:0
DA:2,1
DA:10,1
DA:19,1
DA:27,1
DA:34,1
DA:56,1
DA:63,1
DA:72,1
DA:83,1
DA:91,1
DA:99,1
DA:108,1
DA:120,1
DA:127,1
LF:14
LH:14
BRF:0
BRH:0
end_of_record
TN:
SF:src\utils\errorCodes.js
FNF:0
FNH:0
DA:7,1
DA:20,1
DA:33,1
DA:46,1
DA:60,1
DA:74,1
DA:85,1
DA:95,1
DA:105,1
LF:9
LH:9
BRF:0
BRH:0
end_of_record
TN:
SF:src\utils\jwt.js
FN:11,(anonymous_0)
FN:27,(anonymous_1)
FN:44,(anonymous_2)
FNF:3
FNH:1
FNDA:0,(anonymous_0)
FNDA:0,(anonymous_1)
FNDA:2,(anonymous_2)
DA:1,1
DA:2,1
DA:3,1
DA:11,1
DA:13,0
DA:15,0
DA:27,1
DA:29,0
DA:31,0
DA:44,1
DA:45,2
DA:47,2
DA:48,2
DA:51,0
DA:52,0
DA:53,0
DA:54,0
DA:55,0
DA:59,0
DA:63,0
DA:67,1
LF:21
LH:10
BRDA:44,0,0,0
BRDA:53,1,0,0
BRDA:53,1,1,0
BRF:3
BRH:0
end_of_record
TN:
SF:src\utils\keyRotation.js
FN:22,(anonymous_0)
FN:34,(anonymous_1)
FN:47,(anonymous_2)
FN:69,isKeyExpired
FN:88,generateNewKey
FN:125,(anonymous_5)
FN:155,(anonymous_6)
FNF:7
FNH:1
FNDA:0,(anonymous_0)
FNDA:0,(anonymous_1)
FNDA:0,(anonymous_2)
FNDA:0,isKeyExpired
FNDA:0,generateNewKey
FNDA:2,(anonymous_5)
FNDA:0,(anonymous_6)
DA:4,1
DA:5,1
DA:6,1
DA:7,1
DA:10,1
DA:13,1
DA:22,1
DA:23,0
DA:25,0
DA:26,0
DA:27,0
DA:31,0
DA:34,0
DA:35,0
DA:38,0
DA:40,0
DA:47,1
DA:48,0
DA:50,0
DA:51,0
DA:54,0
DA:55,0
DA:59,0
DA:70,0
DA:71,0
DA:72,0
DA:73,0
DA:75,0
DA:77,0
DA:79,0
DA:89,0
DA:91,0
DA:94,0
DA:101,0
DA:102,0
DA:103,0
DA:104,0
DA:105,0
DA:109,0
DA:112,0
DA:114,0
DA:116,0
DA:125,1
DA:126,2
DA:127,2
DA:130,2
DA:132,2
DA:133,2
DA:137,0
DA:141,0
DA:142,0
DA:144,0
DA:146,0
DA:155,1
DA:156,0
DA:157,0
DA:160,0
DA:161,0
DA:165,0
DA:166,0
DA:168,0
DA:169,0
LF:62
LH:15
BRDA:25,0,0,0
BRDA:25,0,1,0
BRDA:54,1,0,0
BRDA:54,1,1,0
BRDA:54,2,0,0
BRDA:54,2,1,0
BRDA:101,3,0,0
BRDA:101,3,1,0
BRDA:130,4,0,2
BRDA:130,4,1,0
BRDA:132,5,0,2
BRDA:132,5,1,0
BRDA:146,6,0,0
BRDA:146,6,1,0
BRDA:160,7,0,0
BRDA:160,7,1,0
BRF:16
BRH:2
end_of_record
TN:
SF:src\utils\logger.js
FN:49,(anonymous_0)
FN:61,(anonymous_1)
FN:70,(anonymous_2)
FN:79,(anonymous_3)
FN:87,(anonymous_4)
FNF:5
FNH:1
FNDA:11,(anonymous_0)
FNDA:0,(anonymous_1)
FNDA:0,(anonymous_2)
FNDA:0,(anonymous_3)
FNDA:0,(anonymous_4)
DA:1,1
DA:2,1
DA:3,1
DA:4,1
DA:6,1
DA:9,1
DA:15,1
DA:38,1
DA:39,1
DA:48,1
DA:50,11
DA:55,1
DA:58,1
DA:61,1
DA:62,0
DA:70,1
DA:71,0
DA:79,1
DA:80,0
DA:87,1
DA:88,0
DA:95,1
LF:22
LH:18
BRDA:16,0,0,1
BRDA:16,0,1,1
BRDA:38,1,0,1
BRDA:38,1,1,0
BRDA:61,2,0,0
BRDA:70,3,0,0
BRDA:79,4,0,0
BRDA:87,5,0,0
BRF:8
BRH:3
end_of_record
TN:
SF:src\validations\auth.validation.js
FNF:0
FNH:0
DA:1,1
DA:2,1
DA:4,1
DA:15,1
DA:22,1
DA:28,1
DA:34,1
DA:40,1
DA:49,1
DA:55,1
LF:10
LH:10
BRF:0
BRH:0
end_of_record
TN:
SF:src\validations\availability.validation.js
FNF:0
FNH:0
DA:1,1
DA:2,1
DA:4,1
DA:47,1
LF:4
LH:4
BRF:0
BRH:0
end_of_record
TN:
SF:src\validations\custom.validation.js
FN:1,(anonymous_0)
FN:20,(anonymous_1)
FN:27,(anonymous_2)
FNF:3
FNH:1
FNDA:1,(anonymous_0)
FNDA:0,(anonymous_1)
FNDA:0,(anonymous_2)
DA:1,1
DA:2,1
DA:3,0
DA:5,1
DA:6,0
DA:8,1
DA:9,0
DA:11,1
DA:12,0
DA:14,1
DA:15,0
DA:17,1
DA:20,1
DA:21,0
DA:22,0
DA:24,0
DA:27,1
DA:28,0
DA:29,0
DA:31,0
DA:34,1
LF:21
LH:10
BRDA:2,0,0,0
BRDA:2,0,1,1
BRDA:5,1,0,0
BRDA:5,1,1,1
BRDA:8,2,0,0
BRDA:8,2,1,1
BRDA:11,3,0,0
BRDA:11,3,1,1
BRDA:14,4,0,0
BRDA:14,4,1,1
BRDA:21,5,0,0
BRDA:21,5,1,0
BRDA:28,6,0,0
BRDA:28,6,1,0
BRF:14
BRH:5
end_of_record
TN:
SF:src\validations\reservation.validation.js
FNF:0
FNH:0
DA:1,1
DA:3,1
DA:39,1
DA:73,1
DA:94,1
DA:119,1
DA:144,1
LF:7
LH:7
BRF:0
BRH:0
end_of_record
