TN:
SF:src\app.js
FN:94,(anonymous_0)
FN:99,(anonymous_1)
FN:109,(anonymous_2)
FNF:3
FNH:2
FNDA:0,(anonymous_0)
FNDA:15,(anonymous_1)
FNDA:14,(anonymous_2)
DA:1,19
DA:2,19
DA:3,19
DA:4,19
DA:5,19
DA:6,19
DA:7,19
DA:8,19
DA:9,19
DA:10,19
DA:11,19
DA:12,19
DA:13,19
DA:16,19
DA:17,19
DA:18,19
DA:19,19
DA:20,19
DA:21,19
DA:22,19
DA:23,19
DA:24,19
DA:25,19
DA:26,19
DA:28,19
DA:31,19
DA:43,19
DA:46,19
DA:50,19
DA:53,19
DA:56,19
DA:59,19
DA:60,19
DA:63,19
DA:66,19
DA:69,19
DA:72,19
DA:78,19
DA:79,19
DA:80,19
DA:81,19
DA:82,19
DA:83,19
DA:84,19
DA:85,19
DA:86,19
DA:87,19
DA:88,19
DA:91,19
DA:94,19
DA:95,0
DA:99,19
DA:100,15
DA:101,15
DA:109,19
DA:110,14
DA:116,19
LF:57
LH:56
BRDA:101,0,0,15
BRDA:101,0,1,0
BRDA:103,1,0,15
BRDA:103,1,1,0
BRDA:104,2,0,15
BRDA:104,2,1,0
BRF:6
BRH:3
end_of_record
TN:
SF:src\config\redis.js
FN:5,(anonymous_0)
FN:17,(anonymous_1)
FN:26,(anonymous_2)
FN:30,(anonymous_3)
FNF:4
FNH:1
FNDA:10,(anonymous_0)
FNDA:0,(anonymous_1)
FNDA:0,(anonymous_2)
FNDA:0,(anonymous_3)
DA:1,7
DA:2,7
DA:3,7
DA:5,7
DA:7,10
DA:8,10
DA:12,10
DA:13,10
DA:14,10
DA:16,0
DA:18,0
DA:19,0
DA:21,0
DA:26,0
DA:27,0
DA:30,0
DA:31,0
DA:35,10
DA:38,7
LF:19
LH:11
BRDA:7,0,0,10
BRDA:7,0,1,2
BRDA:7,0,2,1
BRDA:8,1,0,10
BRDA:8,1,1,10
BRDA:12,2,0,10
BRDA:12,2,1,0
BRDA:18,3,0,0
BRDA:18,3,1,0
BRF:9
BRH:6
end_of_record
TN:
SF:src\config\swagger.js
FNF:0
FNH:0
DA:1,19
DA:3,19
DA:40,19
DA:42,19
LF:4
LH:4
BRF:0
BRH:0
end_of_record
TN:
SF:src\controllers\admin.controller.js
FN:12,(anonymous_0)
FN:22,(anonymous_1)
FN:42,(anonymous_2)
FN:58,(anonymous_3)
FN:78,(anonymous_4)
FN:99,(anonymous_5)
FN:107,(anonymous_6)
FN:123,(anonymous_7)
FN:143,(anonymous_8)
FN:160,(anonymous_9)
FN:168,(anonymous_10)
FN:179,(anonymous_11)
FN:198,(anonymous_12)
FN:218,(anonymous_13)
FN:238,(anonymous_14)
FN:246,(anonymous_15)
FN:262,(anonymous_16)
FN:282,(anonymous_17)
FN:298,(anonymous_18)
FN:319,(anonymous_19)
FN:329,(anonymous_20)
FN:342,(anonymous_21)
FN:383,(anonymous_22)
FN:417,(anonymous_23)
FN:444,(anonymous_24)
FN:453,(anonymous_25)
FN:463,(anonymous_26)
FN:480,(anonymous_27)
FN:500,(anonymous_28)
FN:524,(anonymous_29)
FN:549,(anonymous_30)
FN:555,(anonymous_31)
FNF:32
FNH:1
FNDA:1,(anonymous_0)
FNDA:0,(anonymous_1)
FNDA:0,(anonymous_2)
FNDA:0,(anonymous_3)
FNDA:0,(anonymous_4)
FNDA:0,(anonymous_5)
FNDA:0,(anonymous_6)
FNDA:0,(anonymous_7)
FNDA:0,(anonymous_8)
FNDA:0,(anonymous_9)
FNDA:0,(anonymous_10)
FNDA:0,(anonymous_11)
FNDA:0,(anonymous_12)
FNDA:0,(anonymous_13)
FNDA:0,(anonymous_14)
FNDA:0,(anonymous_15)
FNDA:0,(anonymous_16)
FNDA:0,(anonymous_17)
FNDA:0,(anonymous_18)
FNDA:0,(anonymous_19)
FNDA:0,(anonymous_20)
FNDA:0,(anonymous_21)
FNDA:0,(anonymous_22)
FNDA:0,(anonymous_23)
FNDA:0,(anonymous_24)
FNDA:0,(anonymous_25)
FNDA:0,(anonymous_26)
FNDA:0,(anonymous_27)
FNDA:0,(anonymous_28)
FNDA:0,(anonymous_29)
FNDA:0,(anonymous_30)
FNDA:0,(anonymous_31)
DA:1,19
DA:2,19
DA:3,19
DA:4,19
DA:5,19
DA:6,19
DA:7,19
DA:8,19
DA:9,19
DA:12,19
DA:13,1
DA:15,1
DA:22,19
DA:23,0
DA:25,0
DA:31,0
DA:42,19
DA:43,0
DA:44,0
DA:46,0
DA:52,0
DA:58,19
DA:59,0
DA:60,0
DA:62,0
DA:63,0
DA:69,0
DA:71,0
DA:78,19
DA:79,0
DA:80,0
DA:82,0
DA:83,0
DA:89,0
DA:91,0
DA:99,19
DA:100,0
DA:101,0
DA:107,19
DA:108,0
DA:110,0
DA:111,0
DA:117,0
DA:123,19
DA:124,0
DA:130,0
DA:131,0
DA:137,0
DA:143,19
DA:144,0
DA:146,0
DA:147,0
DA:153,0
DA:160,19
DA:161,0
DA:162,0
DA:168,19
DA:169,0
DA:173,0
DA:179,19
DA:180,0
DA:185,0
DA:186,0
DA:192,0
DA:198,19
DA:199,0
DA:205,0
DA:206,0
DA:212,0
DA:218,19
DA:219,0
DA:224,0
DA:225,0
DA:231,0
DA:238,19
DA:239,0
DA:240,0
DA:246,19
DA:247,0
DA:249,0
DA:250,0
DA:256,0
DA:262,19
DA:263,0
DA:269,0
DA:270,0
DA:276,0
DA:282,19
DA:283,0
DA:285,0
DA:286,0
DA:292,0
DA:298,19
DA:299,0
DA:305,0
DA:306,0
DA:312,0
DA:319,19
DA:320,0
DA:323,0
DA:329,19
DA:330,0
DA:332,0
DA:333,0
DA:339,0
DA:342,19
DA:353,0
DA:356,0
DA:364,0
DA:377,0
DA:383,19
DA:384,0
DA:386,0
DA:387,0
DA:393,0
DA:403,0
DA:411,0
DA:417,19
DA:418,0
DA:420,0
DA:421,0
DA:428,0
DA:436,0
DA:438,0
DA:444,19
DA:445,0
DA:447,0
DA:453,19
DA:454,0
DA:457,0
DA:463,19
DA:464,0
DA:467,0
DA:468,0
DA:474,0
DA:480,19
DA:481,0
DA:487,0
DA:488,0
DA:494,0
DA:500,19
DA:501,0
DA:502,0
DA:511,0
DA:512,0
DA:518,0
DA:524,19
DA:525,0
DA:535,0
DA:536,0
DA:542,0
DA:549,19
DA:550,0
DA:555,0
DA:564,0
LF:155
LH:42
BRDA:62,0,0,0
BRDA:62,0,1,0
BRDA:62,1,0,0
BRDA:62,1,1,0
BRDA:82,2,0,0
BRDA:82,2,1,0
BRDA:82,3,0,0
BRDA:82,3,1,0
BRDA:110,4,0,0
BRDA:110,4,1,0
BRDA:130,5,0,0
BRDA:130,5,1,0
BRDA:146,6,0,0
BRDA:146,6,1,0
BRDA:185,7,0,0
BRDA:185,7,1,0
BRDA:205,8,0,0
BRDA:205,8,1,0
BRDA:224,9,0,0
BRDA:224,9,1,0
BRDA:249,10,0,0
BRDA:249,10,1,0
BRDA:269,11,0,0
BRDA:269,11,1,0
BRDA:285,12,0,0
BRDA:285,12,1,0
BRDA:305,13,0,0
BRDA:305,13,1,0
BRDA:332,14,0,0
BRDA:332,14,1,0
BRDA:386,15,0,0
BRDA:386,15,1,0
BRDA:420,16,0,0
BRDA:420,16,1,0
BRDA:467,17,0,0
BRDA:467,17,1,0
BRDA:487,18,0,0
BRDA:487,18,1,0
BRDA:511,19,0,0
BRDA:511,19,1,0
BRDA:535,20,0,0
BRDA:535,20,1,0
BRF:42
BRH:0
end_of_record
TN:
SF:src\controllers\favorite.controller.js
FN:11,(anonymous_0)
FN:53,(anonymous_1)
FN:67,(anonymous_2)
FN:96,(anonymous_3)
FN:111,(anonymous_4)
FNF:5
FNH:0
FNDA:0,(anonymous_0)
FNDA:0,(anonymous_1)
FNDA:0,(anonymous_2)
FNDA:0,(anonymous_3)
FNDA:0,(anonymous_4)
DA:1,19
DA:2,19
DA:3,19
DA:4,19
DA:5,19
DA:6,19
DA:11,19
DA:12,0
DA:15,0
DA:16,0
DA:17,0
DA:21,0
DA:26,0
DA:27,0
DA:31,0
DA:37,0
DA:44,0
DA:53,19
DA:54,0
DA:57,0
DA:67,19
DA:68,0
DA:73,0
DA:74,0
DA:77,0
DA:80,0
DA:87,0
DA:96,19
DA:97,0
DA:102,0
DA:111,19
DA:112,0
DA:143,0
LF:33
LH:11
BRDA:16,0,0,0
BRDA:16,0,1,0
BRDA:26,1,0,0
BRDA:26,1,1,0
BRDA:73,2,0,0
BRDA:73,2,1,0
BRF:6
BRH:0
end_of_record
TN:
SF:src\controllers\notification.controller.js
FN:8,(anonymous_0)
FN:21,(anonymous_1)
FN:40,(anonymous_2)
FN:52,(anonymous_3)
FN:71,(anonymous_4)
FNF:5
FNH:0
FNDA:0,(anonymous_0)
FNDA:0,(anonymous_1)
FNDA:0,(anonymous_2)
FNDA:0,(anonymous_3)
FNDA:0,(anonymous_4)
DA:1,19
DA:2,19
DA:3,19
DA:8,19
DA:9,0
DA:10,0
DA:12,0
DA:21,19
DA:22,0
DA:24,0
DA:25,0
DA:31,0
DA:40,19
DA:41,0
DA:43,0
DA:52,19
DA:53,0
DA:55,0
DA:56,0
DA:62,0
DA:71,19
DA:72,0
DA:74,0
LF:23
LH:8
BRDA:24,0,0,0
BRDA:24,0,1,0
BRDA:55,1,0,0
BRDA:55,1,1,0
BRF:4
BRH:0
end_of_record
TN:
SF:src\controllers\review.controller.js
FN:6,(anonymous_0)
FN:49,(anonymous_1)
FN:89,(anonymous_2)
FN:150,(anonymous_3)
FN:193,(anonymous_4)
FNF:5
FNH:0
FNDA:0,(anonymous_0)
FNDA:0,(anonymous_1)
FNDA:0,(anonymous_2)
FNDA:0,(anonymous_3)
FNDA:0,(anonymous_4)
DA:1,19
DA:2,19
DA:3,19
DA:6,19
DA:7,0
DA:8,0
DA:11,0
DA:16,0
DA:17,0
DA:24,0
DA:34,0
DA:36,0
DA:41,0
DA:49,19
DA:50,0
DA:51,0
DA:52,0
DA:55,0
DA:62,0
DA:65,0
DA:67,0
DA:81,0
DA:89,19
DA:90,0
DA:91,0
DA:92,0
DA:95,0
DA:101,0
DA:102,0
DA:109,0
DA:110,0
DA:117,0
DA:122,0
DA:125,0
DA:136,0
DA:141,0
DA:142,0
DA:150,19
DA:151,0
DA:152,0
DA:153,0
DA:156,0
DA:158,0
DA:159,0
DA:166,0
DA:167,0
DA:174,0
DA:175,0
DA:176,0
DA:178,0
DA:180,0
DA:185,0
DA:193,19
DA:194,0
DA:195,0
DA:198,0
DA:200,0
DA:201,0
DA:208,0
DA:209,0
DA:216,0
DA:218,0
DA:223,0
DA:224,0
DA:231,19
LF:65
LH:9
BRDA:16,0,0,0
BRDA:16,0,1,0
BRDA:30,1,0,0
BRDA:30,1,1,0
BRDA:52,2,0,0
BRDA:52,3,0,0
BRDA:52,4,0,0
BRDA:101,5,0,0
BRDA:101,5,1,0
BRDA:109,6,0,0
BRDA:109,6,1,0
BRDA:109,7,0,0
BRDA:109,7,1,0
BRDA:158,8,0,0
BRDA:158,8,1,0
BRDA:166,9,0,0
BRDA:166,9,1,0
BRDA:174,10,0,0
BRDA:174,10,1,0
BRDA:175,11,0,0
BRDA:175,11,1,0
BRDA:176,12,0,0
BRDA:176,12,1,0
BRDA:200,13,0,0
BRDA:200,13,1,0
BRDA:208,14,0,0
BRDA:208,14,1,0
BRDA:208,15,0,0
BRDA:208,15,1,0
BRF:29
BRH:0
end_of_record
TN:
SF:src\controllers\auth\auth.controller.js
FN:12,(anonymous_0)
FN:58,(anonymous_1)
FN:110,(anonymous_2)
FN:139,(anonymous_3)
FN:167,(anonymous_4)
FN:200,(anonymous_5)
FNF:6
FNH:3
FNDA:8,(anonymous_0)
FNDA:8,(anonymous_1)
FNDA:0,(anonymous_2)
FNDA:2,(anonymous_3)
FNDA:0,(anonymous_4)
FNDA:0,(anonymous_5)
DA:1,19
DA:2,19
DA:3,19
DA:4,19
DA:5,19
DA:6,19
DA:7,19
DA:12,19
DA:13,8
DA:14,8
DA:17,8
DA:18,8
DA:19,0
DA:23,8
DA:33,0
DA:39,0
DA:51,8
DA:58,19
DA:59,8
DA:60,8
DA:63,8
DA:64,0
DA:68,8
DA:69,8
DA:70,5
DA:74,3
DA:75,3
DA:76,0
DA:80,3
DA:81,3
DA:84,3
DA:90,3
DA:103,5
DA:110,19
DA:111,0
DA:112,0
DA:114,0
DA:115,0
DA:118,0
DA:132,0
DA:139,19
DA:140,2
DA:141,2
DA:143,2
DA:144,2
DA:145,2
DA:149,0
DA:150,0
DA:154,0
DA:160,2
DA:167,19
DA:168,0
DA:170,0
DA:175,0
DA:180,0
DA:181,0
DA:185,0
DA:186,0
DA:187,0
DA:188,0
DA:190,0
DA:195,0
DA:200,19
DA:201,0
LF:64
LH:38
BRDA:18,0,0,0
BRDA:18,0,1,8
BRDA:29,1,0,8
BRDA:29,1,1,5
BRDA:63,2,0,0
BRDA:63,2,1,8
BRDA:63,3,0,8
BRDA:63,3,1,8
BRDA:69,4,0,5
BRDA:69,4,1,3
BRDA:75,5,0,0
BRDA:75,5,1,3
BRDA:96,6,0,3
BRDA:96,6,1,0
BRDA:97,7,0,3
BRDA:97,7,1,0
BRDA:98,8,0,3
BRDA:98,8,1,0
BRDA:99,9,0,3
BRDA:99,9,1,3
BRDA:114,10,0,0
BRDA:114,10,1,0
BRDA:144,11,0,2
BRDA:144,11,1,0
BRDA:180,12,0,0
BRDA:180,12,1,0
BRF:26
BRH:15
end_of_record
TN:
SF:src\controllers\auth\user.controller.js
FN:7,(anonymous_0)
FN:49,(anonymous_1)
FNF:2
FNH:0
FNDA:0,(anonymous_0)
FNDA:0,(anonymous_1)
DA:1,19
DA:2,19
DA:7,19
DA:8,0
DA:9,0
DA:12,0
DA:21,0
DA:27,0
DA:39,0
DA:49,19
DA:50,0
DA:51,0
DA:54,0
DA:55,0
DA:62,0
DA:63,0
DA:64,0
DA:71,0
DA:72,0
DA:73,0
DA:80,0
DA:86,0
DA:98,0
LF:23
LH:4
BRDA:54,0,0,0
BRDA:54,0,1,0
BRDA:54,1,0,0
BRDA:54,1,1,0
BRDA:63,2,0,0
BRDA:63,2,1,0
BRDA:72,3,0,0
BRDA:72,3,1,0
BRF:8
BRH:0
end_of_record
TN:
SF:src\controllers\partner\partner.controller.js
FN:10,(anonymous_0)
FN:19,(anonymous_1)
FN:34,(anonymous_2)
FN:43,(anonymous_3)
FN:45,(anonymous_4)
FN:58,(anonymous_5)
FN:69,(anonymous_6)
FN:74,(anonymous_7)
FN:76,(anonymous_8)
FN:91,(anonymous_9)
FN:104,(anonymous_10)
FNF:11
FNH:0
FNDA:0,(anonymous_0)
FNDA:0,(anonymous_1)
FNDA:0,(anonymous_2)
FNDA:0,(anonymous_3)
FNDA:0,(anonymous_4)
FNDA:0,(anonymous_5)
FNDA:0,(anonymous_6)
FNDA:0,(anonymous_7)
FNDA:0,(anonymous_8)
FNDA:0,(anonymous_9)
FNDA:0,(anonymous_10)
DA:1,19
DA:2,19
DA:3,19
DA:4,19
DA:5,19
DA:6,19
DA:7,19
DA:10,19
DA:11,0
DA:12,0
DA:19,19
DA:20,0
DA:21,0
DA:27,0
DA:34,19
DA:35,0
DA:36,0
DA:43,19
DA:44,0
DA:45,0
DA:47,0
DA:51,0
DA:58,19
DA:59,0
DA:60,0
DA:62,0
DA:69,19
DA:70,0
DA:71,0
DA:73,0
DA:74,0
DA:76,0
DA:77,0
DA:78,0
DA:84,0
DA:91,19
DA:92,0
DA:93,0
DA:95,0
DA:97,0
DA:104,19
DA:105,0
DA:106,0
DA:108,0
DA:134,0
LF:45
LH:15
BRDA:93,0,0,0
BRDA:114,1,0,0
BRDA:114,1,1,0
BRDA:115,2,0,0
BRDA:115,2,1,0
BRF:5
BRH:0
end_of_record
TN:
SF:src\controllers\payment\payment.controller.js
FN:6,(anonymous_0)
FN:119,(anonymous_1)
FN:177,(anonymous_2)
FN:186,(anonymous_3)
FN:201,updateReservationStatus
FN:207,(anonymous_5)
FN:208,(anonymous_6)
FN:224,(anonymous_7)
FN:267,(anonymous_8)
FNF:9
FNH:0
FNDA:0,(anonymous_0)
FNDA:0,(anonymous_1)
FNDA:0,(anonymous_2)
FNDA:0,(anonymous_3)
FNDA:0,updateReservationStatus
FNDA:0,(anonymous_5)
FNDA:0,(anonymous_6)
FNDA:0,(anonymous_7)
FNDA:0,(anonymous_8)
DA:1,19
DA:2,19
DA:3,19
DA:6,19
DA:7,0
DA:8,0
DA:11,0
DA:12,0
DA:13,0
DA:20,0
DA:21,0
DA:28,0
DA:29,0
DA:36,0
DA:37,0
DA:45,0
DA:47,0
DA:48,0
DA:50,0
DA:51,0
DA:53,0
DA:54,0
DA:56,0
DA:57,0
DA:59,0
DA:60,0
DA:62,0
DA:63,0
DA:65,0
DA:72,0
DA:73,0
DA:80,0
DA:89,0
DA:103,0
DA:111,0
DA:119,19
DA:120,0
DA:121,0
DA:122,0
DA:124,0
DA:125,0
DA:126,0
DA:133,0
DA:139,0
DA:140,0
DA:141,0
DA:143,0
DA:146,0
DA:147,0
DA:148,0
DA:150,0
DA:156,0
DA:157,0
DA:158,0
DA:159,0
DA:164,0
DA:169,0
DA:177,19
DA:178,0
DA:179,0
DA:186,0
DA:188,0
DA:193,0
DA:202,0
DA:203,0
DA:205,0
DA:207,0
DA:208,0
DA:210,0
DA:212,0
DA:213,0
DA:214,0
DA:216,0
DA:217,0
DA:220,0
DA:224,19
DA:225,0
DA:226,0
DA:227,0
DA:229,0
DA:230,0
DA:231,0
DA:238,0
DA:239,0
DA:246,0
DA:247,0
DA:248,0
DA:249,0
DA:252,0
DA:254,0
DA:259,0
DA:267,19
DA:268,0
DA:269,0
DA:272,0
DA:275,0
DA:278,0
DA:280,0
DA:283,0
DA:285,0
LF:100
LH:8
BRDA:12,0,0,0
BRDA:12,0,1,0
BRDA:20,1,0,0
BRDA:20,1,1,0
BRDA:28,2,0,0
BRDA:28,2,1,0
BRDA:36,3,0,0
BRDA:36,3,1,0
BRDA:45,4,0,0
BRDA:45,4,1,0
BRDA:45,4,2,0
BRDA:45,4,3,0
BRDA:45,4,4,0
BRDA:45,4,5,0
BRDA:45,4,6,0
BRDA:72,5,0,0
BRDA:72,5,1,0
BRDA:72,6,0,0
BRDA:72,6,1,0
BRDA:72,6,2,0
BRDA:125,7,0,0
BRDA:125,7,1,0
BRDA:140,8,0,0
BRDA:140,8,1,0
BRDA:146,9,0,0
BRDA:146,9,1,0
BRDA:148,10,0,0
BRDA:148,10,1,0
BRDA:156,11,0,0
BRDA:156,11,1,0
BRDA:203,12,0,0
BRDA:203,12,1,0
BRDA:210,13,0,0
BRDA:210,13,1,0
BRDA:210,14,0,0
BRDA:210,14,1,0
BRDA:214,15,0,0
BRDA:214,15,1,0
BRDA:214,16,0,0
BRDA:214,16,1,0
BRDA:230,17,0,0
BRDA:230,17,1,0
BRDA:238,18,0,0
BRDA:238,18,1,0
BRDA:272,19,0,0
BRDA:272,19,1,0
BRDA:272,19,2,0
BRF:47
BRH:0
end_of_record
TN:
SF:src\controllers\reservation\reservation.controller.js
FN:6,(anonymous_0)
FN:74,(anonymous_1)
FN:93,(anonymous_2)
FN:124,(anonymous_3)
FN:169,(anonymous_4)
FNF:5
FNH:0
FNDA:0,(anonymous_0)
FNDA:0,(anonymous_1)
FNDA:0,(anonymous_2)
FNDA:0,(anonymous_3)
FNDA:0,(anonymous_4)
DA:1,19
DA:2,19
DA:3,19
DA:6,19
DA:7,0
DA:8,0
DA:11,0
DA:12,0
DA:13,0
DA:20,0
DA:31,0
DA:32,0
DA:39,0
DA:40,0
DA:43,0
DA:54,0
DA:57,0
DA:58,0
DA:60,0
DA:66,0
DA:74,19
DA:75,0
DA:76,0
DA:80,0
DA:85,0
DA:93,19
DA:94,0
DA:95,0
DA:100,0
DA:101,0
DA:107,0
DA:111,0
DA:116,0
DA:124,19
DA:125,0
DA:126,0
DA:127,0
DA:129,0
DA:130,0
DA:137,0
DA:142,0
DA:143,0
DA:150,0
DA:151,0
DA:154,0
DA:156,0
DA:161,0
DA:169,19
DA:170,0
DA:171,0
DA:173,0
DA:174,0
DA:181,0
DA:182,0
DA:189,0
DA:190,0
DA:193,0
DA:196,0
DA:198,0
DA:201,0
DA:202,0
DA:209,0
DA:210,0
DA:211,0
DA:212,0
DA:215,0
DA:216,0
DA:218,0
DA:223,0
LF:69
LH:8
BRDA:12,0,0,0
BRDA:12,0,1,0
BRDA:31,1,0,0
BRDA:31,1,1,0
BRDA:100,2,0,0
BRDA:100,2,1,0
BRDA:129,3,0,0
BRDA:129,3,1,0
BRDA:142,4,0,0
BRDA:142,4,1,0
BRDA:173,5,0,0
BRDA:173,5,1,0
BRDA:181,6,0,0
BRDA:181,6,1,0
BRDA:201,7,0,0
BRDA:201,7,1,0
BRF:16
BRH:0
end_of_record
TN:
SF:src\controllers\residence\residence.controller.js
FN:9,(anonymous_0)
FN:27,(anonymous_1)
FN:65,(anonymous_2)
FN:87,(anonymous_3)
FN:122,(anonymous_4)
FN:149,(anonymous_5)
FN:193,(anonymous_6)
FN:200,(anonymous_7)
FN:211,(anonymous_8)
FN:222,(anonymous_9)
FN:237,(anonymous_10)
FNF:11
FNH:0
FNDA:0,(anonymous_0)
FNDA:0,(anonymous_1)
FNDA:0,(anonymous_2)
FNDA:0,(anonymous_3)
FNDA:0,(anonymous_4)
FNDA:0,(anonymous_5)
FNDA:0,(anonymous_6)
FNDA:0,(anonymous_7)
FNDA:0,(anonymous_8)
FNDA:0,(anonymous_9)
FNDA:0,(anonymous_10)
DA:1,19
DA:2,19
DA:3,19
DA:4,19
DA:9,19
DA:10,0
DA:11,0
DA:12,0
DA:14,0
DA:19,0
DA:20,0
DA:27,19
DA:28,0
DA:29,0
DA:30,0
DA:31,0
DA:33,0
DA:39,0
DA:41,0
DA:53,0
DA:54,0
DA:65,19
DA:66,0
DA:67,0
DA:70,0
DA:71,0
DA:74,0
DA:79,0
DA:80,0
DA:87,19
DA:88,0
DA:89,0
DA:91,0
DA:92,0
DA:96,0
DA:97,0
DA:100,0
DA:109,0
DA:114,0
DA:115,0
DA:122,19
DA:123,0
DA:124,0
DA:126,0
DA:127,0
DA:130,0
DA:131,0
DA:134,0
DA:136,0
DA:141,0
DA:142,0
DA:149,19
DA:150,0
DA:151,0
DA:152,0
DA:154,0
DA:155,0
DA:161,0
DA:162,0
DA:165,0
DA:166,0
DA:167,0
DA:168,0
DA:171,0
DA:172,0
DA:173,0
DA:176,0
DA:179,0
DA:185,0
DA:186,0
DA:193,19
DA:194,0
DA:195,0
DA:197,0
DA:199,0
DA:200,0
DA:201,0
DA:204,0
DA:208,0
DA:210,0
DA:211,0
DA:212,0
DA:215,0
DA:218,0
DA:219,0
DA:222,0
DA:227,0
DA:228,0
DA:230,0
DA:236,0
DA:237,0
DA:238,0
DA:241,0
DA:242,0
LF:94
LH:11
BRDA:29,0,0,0
BRDA:29,0,1,0
BRDA:30,1,0,0
BRDA:30,1,1,0
BRDA:70,2,0,0
BRDA:70,2,1,0
BRDA:91,3,0,0
BRDA:91,3,1,0
BRDA:96,4,0,0
BRDA:96,4,1,0
BRDA:96,5,0,0
BRDA:96,5,1,0
BRDA:126,6,0,0
BRDA:126,6,1,0
BRDA:130,7,0,0
BRDA:130,7,1,0
BRDA:130,8,0,0
BRDA:130,8,1,0
BRDA:154,9,0,0
BRDA:154,9,1,0
BRDA:161,10,0,0
BRDA:161,10,1,0
BRDA:165,11,0,0
BRDA:165,11,1,0
BRDA:165,12,0,0
BRDA:165,12,1,0
BRDA:167,13,0,0
BRDA:167,13,1,0
BRDA:168,14,0,0
BRDA:168,14,1,0
BRDA:171,15,0,0
BRDA:171,15,1,0
BRDA:197,16,0,0
BRDA:197,16,1,0
BRDA:199,17,0,0
BRDA:199,17,1,0
BRDA:208,18,0,0
BRDA:208,18,1,0
BRDA:208,19,0,0
BRDA:208,19,1,0
BRDA:210,20,0,0
BRDA:210,20,1,0
BRDA:218,21,0,0
BRDA:218,21,1,0
BRDA:218,22,0,0
BRDA:218,22,1,0
BRDA:236,23,0,0
BRDA:236,23,1,0
BRF:48
BRH:0
end_of_record
TN:
SF:src\controllers\superadmin\superadmin.controller.js
FN:12,(anonymous_0)
FN:20,(anonymous_1)
FN:28,(anonymous_2)
FN:42,(anonymous_3)
FN:56,(anonymous_4)
FN:71,(anonymous_5)
FN:79,(anonymous_6)
FN:88,(anonymous_7)
FN:96,(anonymous_8)
FN:116,(anonymous_9)
FN:150,(anonymous_10)
FN:159,(anonymous_11)
FN:181,(anonymous_12)
FN:190,(anonymous_13)
FN:200,(anonymous_14)
FN:215,(anonymous_15)
FN:232,(anonymous_16)
FN:240,(anonymous_17)
FN:248,(anonymous_18)
FNF:19
FNH:1
FNDA:0,(anonymous_0)
FNDA:0,(anonymous_1)
FNDA:0,(anonymous_2)
FNDA:0,(anonymous_3)
FNDA:0,(anonymous_4)
FNDA:0,(anonymous_5)
FNDA:0,(anonymous_6)
FNDA:0,(anonymous_7)
FNDA:1,(anonymous_8)
FNDA:0,(anonymous_9)
FNDA:0,(anonymous_10)
FNDA:0,(anonymous_11)
FNDA:0,(anonymous_12)
FNDA:0,(anonymous_13)
FNDA:0,(anonymous_14)
FNDA:0,(anonymous_15)
FNDA:0,(anonymous_16)
FNDA:0,(anonymous_17)
FNDA:0,(anonymous_18)
DA:1,19
DA:2,19
DA:3,19
DA:4,19
DA:5,19
DA:6,19
DA:7,19
DA:8,19
DA:9,19
DA:12,19
DA:13,0
DA:14,0
DA:20,19
DA:21,0
DA:22,0
DA:28,19
DA:29,0
DA:30,0
DA:31,0
DA:36,0
DA:42,19
DA:43,0
DA:44,0
DA:45,0
DA:50,0
DA:56,19
DA:57,0
DA:58,0
DA:59,0
DA:64,0
DA:71,19
DA:72,0
DA:73,0
DA:79,19
DA:80,0
DA:81,0
DA:88,19
DA:89,0
DA:90,0
DA:96,19
DA:97,1
DA:98,1
DA:100,1
DA:101,3
DA:106,3
DA:109,1
DA:116,19
DA:117,0
DA:118,0
DA:120,0
DA:121,0
DA:127,0
DA:128,0
DA:131,0
DA:136,0
DA:138,0
DA:150,19
DA:151,0
DA:152,0
DA:159,19
DA:160,0
DA:162,0
DA:167,0
DA:169,0
DA:181,19
DA:182,0
DA:183,0
DA:190,19
DA:191,0
DA:194,0
DA:200,19
DA:201,0
DA:203,0
DA:209,0
DA:215,19
DA:216,0
DA:218,0
DA:219,0
DA:225,0
DA:232,19
DA:233,0
DA:234,0
DA:240,19
DA:241,0
DA:242,0
DA:248,19
DA:249,0
DA:250,0
LF:88
LH:34
BRDA:30,0,0,0
BRDA:30,0,1,0
BRDA:44,1,0,0
BRDA:44,1,1,0
BRDA:58,2,0,0
BRDA:58,2,1,0
BRDA:117,3,0,0
BRDA:117,4,0,0
BRDA:120,5,0,0
BRDA:120,5,1,0
BRDA:120,6,0,0
BRDA:120,6,1,0
BRDA:127,7,0,0
BRDA:127,7,1,0
BRDA:160,8,0,0
BRDA:160,9,0,0
BRDA:218,10,0,0
BRDA:218,10,1,0
BRF:18
BRH:0
end_of_record
TN:
SF:src\lib\roleMiddleware.js
FN:9,(anonymous_0)
FN:21,(anonymous_1)
FN:33,(anonymous_2)
FN:45,(anonymous_3)
FN:57,(anonymous_4)
FN:58,(anonymous_5)
FN:89,(anonymous_6)
FN:90,(anonymous_7)
FNF:8
FNH:2
FNDA:1,(anonymous_0)
FNDA:2,(anonymous_1)
FNDA:0,(anonymous_2)
FNDA:0,(anonymous_3)
FNDA:0,(anonymous_4)
FNDA:0,(anonymous_5)
FNDA:0,(anonymous_6)
FNDA:0,(anonymous_7)
DA:1,19
DA:9,19
DA:10,1
DA:11,1
DA:13,0
DA:21,19
DA:22,2
DA:23,1
DA:25,1
DA:33,19
DA:34,0
DA:35,0
DA:37,0
DA:45,19
DA:46,0
DA:47,0
DA:49,0
DA:57,19
DA:58,0
DA:59,0
DA:60,0
DA:66,0
DA:67,0
DA:68,0
DA:70,0
DA:76,0
DA:77,0
DA:79,0
DA:89,19
DA:90,0
DA:91,0
DA:92,0
DA:94,0
DA:95,0
DA:101,0
DA:104,0
DA:106,0
DA:112,0
LF:38
LH:12
BRDA:10,0,0,1
BRDA:10,0,1,0
BRDA:10,1,0,1
BRDA:10,1,1,1
BRDA:22,2,0,1
BRDA:22,2,1,1
BRDA:22,3,0,2
BRDA:22,3,1,2
BRDA:22,3,2,1
BRDA:34,4,0,0
BRDA:34,4,1,0
BRDA:34,5,0,0
BRDA:34,5,1,0
BRDA:46,6,0,0
BRDA:46,6,1,0
BRDA:46,7,0,0
BRDA:46,7,1,0
BRDA:59,8,0,0
BRDA:59,8,1,0
BRDA:66,9,0,0
BRDA:66,9,1,0
BRDA:67,10,0,0
BRDA:67,10,1,0
BRDA:76,11,0,0
BRDA:76,11,1,0
BRDA:94,12,0,0
BRDA:94,12,1,0
BRDA:101,13,0,0
BRDA:101,13,1,0
BRDA:101,14,0,0
BRDA:101,14,1,0
BRDA:101,14,2,0
BRF:32
BRH:8
end_of_record
TN:
SF:src\middlewares\async.middleware.js
FN:5,(anonymous_0)
FN:5,(anonymous_1)
FNF:2
FNH:2
FNDA:1387,(anonymous_0)
FNDA:20,(anonymous_1)
DA:5,1387
DA:6,20
DA:8,19
LF:3
LH:3
BRF:0
BRH:0
end_of_record
TN:
SF:src\middlewares\auth.middleware.js
FN:5,(anonymous_0)
FN:45,(anonymous_1)
FN:46,(anonymous_2)
FNF:3
FNH:2
FNDA:3,(anonymous_0)
FNDA:38,(anonymous_1)
FNDA:0,(anonymous_2)
DA:1,19
DA:2,19
DA:5,19
DA:6,3
DA:10,3
DA:11,3
DA:15,3
DA:16,0
DA:22,3
DA:24,3
DA:27,3
DA:28,3
DA:30,0
DA:36,0
DA:37,0
DA:45,19
DA:46,38
DA:47,0
DA:48,0
DA:53,0
LF:20
LH:13
BRDA:10,0,0,3
BRDA:10,0,1,0
BRDA:10,1,0,3
BRDA:10,1,1,3
BRDA:15,2,0,0
BRDA:15,2,1,3
BRDA:47,3,0,0
BRDA:47,3,1,0
BRF:8
BRH:4
end_of_record
TN:
SF:src\middlewares\cache.middleware.js
FN:4,(anonymous_0)
FN:5,(anonymous_1)
FN:20,(anonymous_2)
FNF:3
FNH:1
FNDA:38,(anonymous_0)
FNDA:0,(anonymous_1)
FNDA:0,(anonymous_2)
DA:1,19
DA:2,19
DA:4,19
DA:5,38
DA:7,0
DA:8,0
DA:11,0
DA:12,0
DA:14,0
DA:15,0
DA:19,0
DA:20,0
DA:21,0
DA:22,0
DA:25,0
DA:29,19
LF:16
LH:5
BRDA:7,0,0,0
BRDA:7,0,1,0
BRDA:14,1,0,0
BRDA:14,1,1,0
BRDA:21,2,0,0
BRDA:21,2,1,0
BRF:6
BRH:0
end_of_record
TN:
SF:src\middlewares\security.middleware.js
FN:48,(anonymous_0)
FNF:1
FNH:0
FNDA:0,(anonymous_0)
DA:1,19
DA:2,19
DA:3,19
DA:4,19
DA:5,19
DA:8,19
DA:14,19
DA:48,19
DA:50,0
DA:60,0
DA:61,0
DA:63,0
DA:64,0
DA:65,0
DA:72,0
DA:73,0
DA:81,0
LF:17
LH:8
BRDA:40,0,0,19
BRDA:40,0,1,19
BRDA:60,1,0,0
BRDA:60,1,1,0
BRDA:61,2,0,0
BRDA:61,2,1,0
BRDA:64,3,0,0
BRDA:64,3,1,0
BRDA:72,4,0,0
BRDA:72,4,1,0
BRF:10
BRH:2
end_of_record
TN:
SF:src\middlewares\upload.middleware.js
FN:7,(anonymous_0)
FN:10,(anonymous_1)
FN:17,(anonymous_2)
FNF:3
FNH:0
FNDA:0,(anonymous_0)
FNDA:0,(anonymous_1)
FNDA:0,(anonymous_2)
DA:1,19
DA:2,19
DA:3,19
DA:6,19
DA:8,0
DA:11,0
DA:12,0
DA:17,19
DA:18,0
DA:19,0
DA:21,0
DA:25,19
DA:33,19
LF:13
LH:7
BRDA:18,0,0,0
BRDA:18,0,1,0
BRF:2
BRH:0
end_of_record
TN:
SF:src\models\activityLog.model.js
FNF:0
FNH:0
DA:1,19
DA:3,19
DA:46,19
DA:47,19
DA:48,19
DA:50,19
LF:6
LH:6
BRF:0
BRH:0
end_of_record
TN:
SF:src\models\blockedIP.model.js
FN:28,(anonymous_0)
FNF:1
FNH:0
FNDA:0,(anonymous_0)
DA:1,19
DA:3,19
DA:28,0
DA:37,19
DA:38,19
DA:40,19
LF:6
LH:5
BRF:0
BRH:0
end_of_record
TN:
SF:src\models\booking.model.js
FN:78,(anonymous_0)
FN:96,(anonymous_1)
FN:105,(anonymous_2)
FN:111,(anonymous_3)
FNF:4
FNH:0
FNDA:0,(anonymous_0)
FNDA:0,(anonymous_1)
FNDA:0,(anonymous_2)
FNDA:0,(anonymous_3)
DA:1,19
DA:3,19
DA:72,19
DA:73,19
DA:74,19
DA:75,19
DA:78,19
DA:79,0
DA:80,0
DA:88,0
DA:89,0
DA:92,0
DA:96,19
DA:97,0
DA:98,0
DA:99,0
DA:100,0
DA:101,0
DA:105,19
DA:106,0
DA:107,0
DA:111,19
DA:112,0
DA:113,0
DA:114,0
DA:120,0
DA:123,19
DA:125,19
LF:28
LH:12
BRDA:79,0,0,0
BRDA:79,0,1,0
BRDA:79,1,0,0
BRDA:79,1,1,0
BRDA:88,2,0,0
BRDA:88,2,1,0
BRDA:113,3,0,0
BRDA:113,3,1,0
BRF:8
BRH:0
end_of_record
TN:
SF:src\models\favorite.model.js
FN:27,(anonymous_0)
FN:33,(anonymous_1)
FN:45,(anonymous_2)
FN:51,(anonymous_3)
FNF:4
FNH:0
FNDA:0,(anonymous_0)
FNDA:0,(anonymous_1)
FNDA:0,(anonymous_2)
FNDA:0,(anonymous_3)
DA:1,19
DA:3,19
DA:21,19
DA:24,19
DA:27,19
DA:28,0
DA:33,19
DA:34,0
DA:36,0
DA:37,0
DA:38,0
DA:40,0
DA:41,0
DA:45,19
DA:46,0
DA:47,0
DA:51,19
DA:53,0
DA:54,0
DA:55,0
DA:57,0
DA:60,19
LF:22
LH:9
BRDA:36,0,0,0
BRDA:36,0,1,0
BRDA:54,1,0,0
BRDA:54,1,1,0
BRF:4
BRH:0
end_of_record
TN:
SF:src\models\loginAttempt.model.js
FNF:0
FNH:0
DA:1,20
DA:3,20
DA:36,20
DA:38,20
LF:4
LH:4
BRF:0
BRH:0
end_of_record
TN:
SF:src\models\notification.model.js
FNF:0
FNH:0
DA:1,19
DA:2,19
DA:4,19
DA:34,19
DA:35,19
DA:37,19
LF:6
LH:6
BRF:0
BRH:0
end_of_record
TN:
SF:src\models\partner.model.js
FNF:0
FNH:0
DA:1,19
DA:2,19
DA:4,19
DA:92,19
DA:93,19
DA:94,19
DA:95,19
DA:97,19
DA:99,19
LF:9
LH:9
BRF:0
BRH:0
end_of_record
TN:
SF:src\models\payment.model.js
FN:39,(anonymous_0)
FNF:1
FNH:0
FNDA:0,(anonymous_0)
DA:1,19
DA:3,19
DA:40,0
DA:66,19
DA:67,19
DA:68,19
DA:69,19
DA:70,19
DA:72,19
LF:9
LH:8
BRDA:40,0,0,0
BRDA:40,0,1,0
BRF:2
BRH:0
end_of_record
TN:
SF:src\models\reservation.model.js
FN:49,(anonymous_0)
FNF:1
FNH:0
FNDA:0,(anonymous_0)
DA:1,19
DA:3,19
DA:49,19
DA:50,0
DA:51,0
DA:53,0
DA:56,19
LF:7
LH:4
BRDA:50,0,0,0
BRDA:50,0,1,0
BRF:2
BRH:0
end_of_record
TN:
SF:src\models\residence.model.js
FNF:0
FNH:0
DA:1,19
DA:3,19
DA:87,19
DA:88,19
DA:94,19
DA:95,19
LF:6
LH:6
BRF:0
BRH:0
end_of_record
TN:
SF:src\models\review.model.js
FN:34,(anonymous_0)
FN:60,(anonymous_1)
FN:79,(anonymous_2)
FNF:3
FNH:0
FNDA:0,(anonymous_0)
FNDA:0,(anonymous_1)
FNDA:0,(anonymous_2)
DA:1,19
DA:3,19
DA:36,0
DA:56,19
DA:57,19
DA:60,19
DA:61,0
DA:62,0
DA:63,0
DA:71,0
DA:72,0
DA:75,0
DA:79,19
DA:80,0
DA:105,0
DA:112,19
LF:16
LH:7
BRDA:61,0,0,0
BRDA:61,0,1,0
BRDA:71,1,0,0
BRDA:71,1,1,0
BRDA:105,2,0,0
BRDA:105,2,1,0
BRF:6
BRH:0
end_of_record
TN:
SF:src\models\systemSetting.model.js
FN:46,(anonymous_0)
FNF:1
FNH:0
FNDA:0,(anonymous_0)
DA:1,19
DA:3,19
DA:46,19
DA:47,0
DA:48,0
DA:51,19
LF:6
LH:4
BRF:0
BRH:0
end_of_record
TN:
SF:src\models\transaction.model.js
FNF:0
FNH:0
DA:1,1
DA:3,1
DA:43,1
DA:44,1
DA:46,1
LF:5
LH:5
BRF:0
BRH:0
end_of_record
TN:
SF:src\models\user.model.js
FN:60,(anonymous_0)
FN:70,(anonymous_1)
FN:75,(anonymous_2)
FNF:3
FNH:2
FNDA:43,(anonymous_0)
FNDA:3,(anonymous_1)
FNDA:0,(anonymous_2)
DA:1,19
DA:2,19
DA:3,19
DA:5,19
DA:60,19
DA:61,43
DA:62,3
DA:65,43
DA:66,43
DA:70,19
DA:71,3
DA:75,19
DA:77,0
DA:80,0
DA:86,0
DA:88,0
DA:91,19
DA:93,19
LF:18
LH:14
BRDA:61,0,0,3
BRDA:61,0,1,40
BRF:2
BRH:2
end_of_record
TN:
SF:src\routes\admin.routes.js
FNF:0
FNH:0
DA:1,19
DA:2,19
DA:3,19
DA:4,19
DA:5,19
DA:8,19
DA:9,19
DA:10,19
DA:13,19
DA:14,19
DA:15,19
DA:16,19
DA:17,19
DA:20,19
DA:21,19
DA:22,19
DA:23,19
DA:26,19
DA:27,19
DA:28,19
DA:29,19
DA:30,19
DA:33,19
DA:34,19
DA:35,19
DA:38,19
DA:39,19
DA:40,19
DA:41,19
DA:42,19
DA:43,19
DA:45,19
LF:32
LH:32
BRF:0
BRH:0
end_of_record
TN:
SF:src\routes\auth.routes.js
FNF:0
FNH:0
DA:1,19
DA:2,19
DA:9,19
DA:10,19
DA:54,19
DA:84,19
DA:110,19
DA:136,19
DA:139,19
DA:141,19
LF:10
LH:10
BRF:0
BRH:0
end_of_record
TN:
SF:src\routes\favorite.routes.js
FNF:0
FNH:0
DA:1,19
DA:2,19
DA:3,19
DA:4,19
DA:54,19
DA:74,19
DA:101,19
DA:123,19
DA:153,19
DA:155,19
LF:10
LH:10
BRF:0
BRH:0
end_of_record
TN:
SF:src\routes\notification.routes.js
FNF:0
FNH:0
DA:1,19
DA:8,19
DA:10,19
DA:11,19
DA:13,19
DA:16,19
DA:20,19
DA:23,19
DA:27,19
DA:30,19
DA:33,19
LF:11
LH:11
BRF:0
BRH:0
end_of_record
TN:
SF:src\routes\partner.routes.js
FNF:0
FNH:0
DA:1,19
DA:2,19
DA:3,19
DA:4,19
DA:5,19
DA:8,19
DA:11,19
DA:12,19
DA:15,19
DA:18,19
DA:21,19
DA:22,19
DA:23,19
DA:24,19
DA:26,19
LF:15
LH:15
BRF:0
BRH:0
end_of_record
TN:
SF:src\routes\payment.routes.js
FNF:0
FNH:0
DA:1,19
DA:2,19
DA:3,19
DA:4,19
DA:7,19
DA:8,19
DA:9,19
DA:10,19
DA:13,19
DA:15,19
LF:10
LH:10
BRF:0
BRH:0
end_of_record
TN:
SF:src\routes\reservation.routes.js
FNF:0
FNH:0
DA:1,19
DA:2,19
DA:3,19
DA:10,19
DA:13,19
DA:16,19
DA:19,19
DA:22,19
DA:25,19
DA:28,19
DA:30,19
LF:11
LH:11
BRF:0
BRH:0
end_of_record
TN:
SF:src\routes\residence.routes.js
FNF:0
FNH:0
DA:1,19
DA:2,19
DA:3,19
DA:4,19
DA:13,19
DA:16,19
DA:17,19
DA:18,19
DA:21,19
DA:22,19
DA:24,19
DA:25,19
DA:26,19
DA:29,19
DA:31,19
LF:15
LH:15
BRF:0
BRH:0
end_of_record
TN:
SF:src\routes\review.routes.js
FNF:0
FNH:0
DA:1,19
DA:2,19
DA:9,19
DA:10,19
DA:71,19
DA:95,19
DA:126,19
DA:161,19
DA:183,19
DA:185,19
LF:10
LH:10
BRF:0
BRH:0
end_of_record
TN:
SF:src\routes\superadmin.routes.js
FNF:0
FNH:0
DA:1,19
DA:2,19
DA:3,19
DA:4,19
DA:5,19
DA:8,19
DA:9,19
DA:12,19
DA:13,19
DA:16,19
DA:17,19
DA:20,19
DA:21,19
DA:24,19
DA:25,19
DA:26,19
DA:28,19
LF:17
LH:17
BRF:0
BRH:0
end_of_record
TN:
SF:src\routes\user.routes.js
FNF:0
FNH:0
DA:1,19
DA:2,19
DA:3,19
DA:6,19
DA:7,19
DA:9,19
LF:6
LH:6
BRF:0
BRH:0
end_of_record
TN:
SF:src\services\availability.service.js
FN:6,(anonymous_0)
FN:27,(anonymous_1)
FN:35,(anonymous_2)
FN:43,(anonymous_3)
FN:77,(anonymous_4)
FN:79,(anonymous_5)
FN:86,(anonymous_6)
FN:97,(anonymous_7)
FN:107,(anonymous_8)
FNF:9
FNH:0
FNDA:0,(anonymous_0)
FNDA:0,(anonymous_1)
FNDA:0,(anonymous_2)
FNDA:0,(anonymous_3)
FNDA:0,(anonymous_4)
FNDA:0,(anonymous_5)
FNDA:0,(anonymous_6)
FNDA:0,(anonymous_7)
FNDA:0,(anonymous_8)
DA:1,19
DA:2,19
DA:7,0
DA:8,0
DA:11,0
DA:23,0
DA:24,0
DA:27,0
DA:28,0
DA:29,0
DA:32,0
DA:36,0
DA:37,0
DA:44,0
DA:46,0
DA:47,0
DA:50,0
DA:51,0
DA:52,0
DA:55,0
DA:56,0
DA:60,0
DA:61,0
DA:68,0
DA:69,0
DA:74,0
DA:77,0
DA:78,0
DA:79,0
DA:81,0
DA:82,0
DA:87,0
DA:89,0
DA:90,0
DA:93,0
DA:94,0
DA:97,0
DA:98,0
DA:99,0
DA:102,0
DA:103,0
DA:108,0
DA:109,0
DA:110,0
DA:114,0
DA:120,0
DA:121,0
DA:122,0
DA:123,0
DA:125,0
DA:126,0
DA:130,0
DA:137,19
LF:53
LH:3
BRDA:24,0,0,0
BRDA:24,0,1,0
BRDA:29,1,0,0
BRDA:29,1,1,0
BRDA:33,2,0,0
BRDA:33,2,1,0
BRDA:37,3,0,0
BRDA:37,3,1,0
BRDA:46,4,0,0
BRDA:46,4,1,0
BRDA:68,5,0,0
BRDA:68,5,1,0
BRDA:74,6,0,0
BRDA:74,6,1,0
BRDA:89,7,0,0
BRDA:89,7,1,0
BRDA:97,8,0,0
BRDA:97,8,1,0
BRDA:99,9,0,0
BRDA:99,9,1,0
BRDA:109,10,0,0
BRDA:109,10,1,0
BRDA:131,11,0,0
BRDA:131,11,1,0
BRF:24
BRH:0
end_of_record
TN:
SF:src\services\date.service.js
FN:4,(anonymous_0)
FN:14,(anonymous_1)
FN:25,(anonymous_2)
FN:36,(anonymous_3)
FN:47,(anonymous_4)
FN:58,(anonymous_5)
FN:67,(anonymous_6)
FN:77,(anonymous_7)
FN:87,(anonymous_8)
FN:96,(anonymous_9)
FN:106,(anonymous_10)
FN:116,(anonymous_11)
FN:125,(anonymous_12)
FNF:13
FNH:1
FNDA:19,(anonymous_0)
FNDA:0,(anonymous_1)
FNDA:0,(anonymous_2)
FNDA:0,(anonymous_3)
FNDA:0,(anonymous_4)
FNDA:0,(anonymous_5)
FNDA:0,(anonymous_6)
FNDA:0,(anonymous_7)
FNDA:0,(anonymous_8)
FNDA:0,(anonymous_9)
FNDA:0,(anonymous_10)
FNDA:0,(anonymous_11)
FNDA:0,(anonymous_12)
DA:1,19
DA:5,19
DA:15,0
DA:26,0
DA:37,0
DA:48,0
DA:59,0
DA:68,0
DA:78,0
DA:88,0
DA:97,0
DA:107,0
DA:117,0
DA:126,0
DA:130,19
LF:15
LH:3
BRDA:14,0,0,0
BRDA:25,1,0,0
BRDA:36,2,0,0
BRDA:47,3,0,0
BRDA:77,4,0,0
BRDA:87,5,0,0
BRF:6
BRH:0
end_of_record
TN:
SF:src\services\email.service.js
FN:4,(anonymous_0)
FN:16,(anonymous_1)
FN:28,(anonymous_2)
FN:66,(anonymous_3)
FN:79,(anonymous_4)
FN:98,(anonymous_5)
FN:118,(anonymous_6)
FN:131,(anonymous_7)
FNF:8
FNH:1
FNDA:19,(anonymous_0)
FNDA:0,(anonymous_1)
FNDA:0,(anonymous_2)
FNDA:0,(anonymous_3)
FNDA:0,(anonymous_4)
FNDA:0,(anonymous_5)
FNDA:0,(anonymous_6)
FNDA:0,(anonymous_7)
DA:1,19
DA:5,19
DA:17,0
DA:24,0
DA:29,0
DA:30,0
DA:33,0
DA:35,0
DA:36,0
DA:38,0
DA:39,0
DA:41,0
DA:42,0
DA:44,0
DA:45,0
DA:48,0
DA:67,0
DA:80,0
DA:99,0
DA:101,0
DA:119,0
DA:134,0
DA:136,0
DA:137,0
DA:147,0
DA:150,0
DA:151,0
DA:160,0
DA:163,0
DA:171,19
LF:30
LH:3
BRDA:33,0,0,0
BRDA:33,0,1,0
BRDA:33,0,2,0
BRDA:33,0,3,0
BRDA:134,1,0,0
BRDA:134,1,1,0
BRF:6
BRH:0
end_of_record
TN:
SF:src\services\notification.service.js
FN:7,(anonymous_0)
FN:32,(anonymous_1)
FN:50,(anonymous_2)
FN:59,(anonymous_3)
FN:67,(anonymous_4)
FN:75,(anonymous_5)
FN:83,(anonymous_6)
FN:91,(anonymous_7)
FN:118,(anonymous_8)
FN:123,(anonymous_9)
FN:125,(anonymous_10)
FN:134,(anonymous_11)
FNF:12
FNH:0
FNDA:0,(anonymous_0)
FNDA:0,(anonymous_1)
FNDA:0,(anonymous_2)
FNDA:0,(anonymous_3)
FNDA:0,(anonymous_4)
FNDA:0,(anonymous_5)
FNDA:0,(anonymous_6)
FNDA:0,(anonymous_7)
FNDA:0,(anonymous_8)
FNDA:0,(anonymous_9)
FNDA:0,(anonymous_10)
FNDA:0,(anonymous_11)
DA:1,19
DA:2,19
DA:3,19
DA:8,0
DA:9,0
DA:18,0
DA:19,0
DA:21,0
DA:24,0
DA:26,0
DA:27,0
DA:33,0
DA:35,0
DA:36,0
DA:41,0
DA:51,0
DA:60,0
DA:68,0
DA:76,0
DA:85,0
DA:87,0
DA:94,0
DA:96,0
DA:97,0
DA:99,0
DA:100,0
DA:102,0
DA:103,0
DA:105,0
DA:109,0
DA:112,0
DA:114,0
DA:119,0
DA:124,0
DA:126,0
DA:130,0
DA:135,0
DA:136,0
DA:138,0
DA:145,19
LF:40
LH:4
BRDA:7,0,0,0
BRDA:19,1,0,0
BRDA:19,1,1,0
BRDA:19,2,0,0
BRDA:19,2,1,0
BRDA:32,3,0,0
BRDA:32,4,0,0
BRDA:83,5,0,0
BRDA:91,6,0,0
BRDA:94,7,0,0
BRDA:94,7,1,0
BRDA:94,7,2,0
BRDA:94,7,3,0
BRDA:118,8,0,0
BRDA:123,9,0,0
BRDA:134,10,0,0
BRF:16
BRH:0
end_of_record
TN:
SF:src\services\payment.service.js
FN:12,(anonymous_0)
FN:23,(anonymous_1)
FN:32,(anonymous_2)
FN:51,(anonymous_3)
FN:63,(anonymous_4)
FN:75,(anonymous_5)
FN:87,(anonymous_6)
FN:99,(anonymous_7)
FN:111,(anonymous_8)
FN:112,(anonymous_9)
FN:113,(anonymous_10)
FN:127,(anonymous_11)
FN:129,(anonymous_12)
FN:130,(anonymous_13)
FNF:14
FNH:1
FNDA:18,(anonymous_0)
FNDA:0,(anonymous_1)
FNDA:0,(anonymous_2)
FNDA:0,(anonymous_3)
FNDA:0,(anonymous_4)
FNDA:0,(anonymous_5)
FNDA:0,(anonymous_6)
FNDA:0,(anonymous_7)
FNDA:0,(anonymous_8)
FNDA:0,(anonymous_9)
FNDA:0,(anonymous_10)
FNDA:0,(anonymous_11)
FNDA:0,(anonymous_12)
FNDA:0,(anonymous_13)
DA:3,18
DA:4,18
DA:5,0
DA:8,0
DA:13,18
DA:24,0
DA:25,0
DA:26,0
DA:28,0
DA:33,0
DA:34,0
DA:36,0
DA:43,0
DA:53,0
DA:54,0
DA:65,0
DA:66,0
DA:77,0
DA:78,0
DA:89,0
DA:90,0
DA:101,0
DA:102,0
DA:112,0
DA:113,0
DA:114,0
DA:129,0
DA:130,0
DA:131,0
DA:140,18
LF:30
LH:4
BRDA:4,0,0,0
BRDA:4,0,1,18
BRDA:25,1,0,0
BRDA:25,1,1,0
BRDA:33,2,0,0
BRDA:33,2,1,0
BRF:6
BRH:1
end_of_record
TN:
SF:src\services\socket.service.js
FN:8,(anonymous_0)
FN:18,(anonymous_1)
FN:21,(anonymous_2)
FN:26,(anonymous_3)
FN:31,(anonymous_4)
FN:39,(anonymous_5)
FN:49,(anonymous_6)
FN:55,(anonymous_7)
FN:62,(anonymous_8)
FN:70,(anonymous_9)
FNF:10
FNH:0
FNDA:0,(anonymous_0)
FNDA:0,(anonymous_1)
FNDA:0,(anonymous_2)
FNDA:0,(anonymous_3)
FNDA:0,(anonymous_4)
FNDA:0,(anonymous_5)
FNDA:0,(anonymous_6)
FNDA:0,(anonymous_7)
FNDA:0,(anonymous_8)
FNDA:0,(anonymous_9)
DA:1,19
DA:2,19
DA:3,19
DA:9,0
DA:11,0
DA:18,0
DA:19,0
DA:21,0
DA:22,0
DA:23,0
DA:26,0
DA:27,0
DA:28,0
DA:31,0
DA:32,0
DA:36,0
DA:40,0
DA:42,0
DA:43,0
DA:49,0
DA:50,0
DA:53,0
DA:55,0
DA:58,0
DA:63,0
DA:65,0
DA:71,0
DA:73,0
DA:79,19
LF:29
LH:4
BRDA:9,0,0,0
BRDA:9,0,1,0
BRDA:13,1,0,0
BRDA:13,1,1,0
BRDA:40,2,0,0
BRDA:40,2,1,0
BRDA:63,3,0,0
BRDA:63,3,1,0
BRDA:71,4,0,0
BRDA:71,4,1,0
BRF:10
BRH:0
end_of_record
TN:
SF:src\services\stats.service.js
FN:9,(anonymous_0)
FN:17,(anonymous_1)
FN:43,(anonymous_2)
FN:67,(anonymous_3)
FN:101,(anonymous_4)
FN:148,(anonymous_5)
FN:157,(anonymous_6)
FN:175,(anonymous_7)
FN:210,(anonymous_8)
FNF:9
FNH:1
FNDA:0,(anonymous_0)
FNDA:0,(anonymous_1)
FNDA:0,(anonymous_2)
FNDA:0,(anonymous_3)
FNDA:0,(anonymous_4)
FNDA:0,(anonymous_5)
FNDA:0,(anonymous_6)
FNDA:1,(anonymous_7)
FNDA:0,(anonymous_8)
DA:1,19
DA:2,19
DA:3,19
DA:4,19
DA:5,19
DA:10,0
DA:18,0
DA:39,0
DA:44,0
DA:49,0
DA:50,0
DA:52,0
DA:63,0
DA:69,0
DA:71,0
DA:93,0
DA:102,0
DA:103,0
DA:106,0
DA:108,0
DA:110,0
DA:126,0
DA:146,0
DA:148,0
DA:158,0
DA:159,0
DA:160,0
DA:162,0
DA:164,0
DA:166,0
DA:168,0
DA:170,0
DA:176,1
DA:200,1
DA:211,0
DA:212,0
DA:215,0
DA:217,0
DA:262,0
DA:274,19
LF:40
LH:8
BRDA:9,0,0,0
BRDA:17,1,0,0
BRDA:49,2,0,0
BRDA:49,2,1,0
BRDA:50,3,0,0
BRDA:50,3,1,0
BRDA:63,4,0,0
BRDA:63,4,1,0
BRDA:69,5,0,0
BRDA:69,5,1,0
BRDA:96,6,0,0
BRDA:96,6,1,0
BRDA:101,7,0,0
BRDA:102,8,0,0
BRDA:102,8,1,0
BRDA:103,9,0,0
BRDA:103,9,1,0
BRDA:106,10,0,0
BRDA:106,10,1,0
BRDA:162,11,0,0
BRDA:162,11,1,0
BRDA:162,11,2,0
BRDA:162,11,3,0
BRDA:203,12,0,1
BRDA:203,12,1,1
BRDA:204,13,0,1
BRDA:204,13,1,1
BRDA:205,14,0,1
BRDA:205,14,1,1
BRDA:211,15,0,0
BRDA:211,15,1,0
BRDA:212,16,0,0
BRDA:212,16,1,0
BRDA:215,17,0,0
BRDA:215,17,1,0
BRDA:264,18,0,0
BRDA:264,18,1,0
BRDA:265,19,0,0
BRDA:265,19,1,0
BRF:39
BRH:6
end_of_record
TN:
SF:src\services\superadmin.service.js
FN:13,(anonymous_0)
FN:17,(anonymous_1)
FN:21,(anonymous_2)
FN:25,(anonymous_3)
FN:33,(anonymous_4)
FN:38,(anonymous_5)
FN:42,(anonymous_6)
FN:67,(anonymous_7)
FN:79,(anonymous_8)
FN:88,(anonymous_9)
FN:92,(anonymous_10)
FN:101,(anonymous_11)
FN:106,(anonymous_12)
FN:142,(anonymous_13)
FN:170,(anonymous_14)
FNF:15
FNH:0
FNDA:0,(anonymous_0)
FNDA:0,(anonymous_1)
FNDA:0,(anonymous_2)
FNDA:0,(anonymous_3)
FNDA:0,(anonymous_4)
FNDA:0,(anonymous_5)
FNDA:0,(anonymous_6)
FNDA:0,(anonymous_7)
FNDA:0,(anonymous_8)
FNDA:0,(anonymous_9)
FNDA:0,(anonymous_10)
FNDA:0,(anonymous_11)
FNDA:0,(anonymous_12)
FNDA:0,(anonymous_13)
FNDA:0,(anonymous_14)
DA:1,19
DA:2,19
DA:3,19
DA:4,19
DA:5,19
DA:6,19
DA:7,19
DA:8,19
DA:9,19
DA:14,0
DA:18,0
DA:22,0
DA:26,0
DA:34,0
DA:39,0
DA:43,0
DA:45,0
DA:47,0
DA:58,0
DA:59,0
DA:60,0
DA:61,0
DA:63,0
DA:68,0
DA:69,0
DA:70,0
DA:71,0
DA:72,0
DA:74,0
DA:80,0
DA:81,0
DA:82,0
DA:83,0
DA:85,0
DA:89,0
DA:93,0
DA:94,0
DA:102,0
DA:113,0
DA:121,0
DA:147,0
DA:153,0
DA:171,0
DA:172,0
DA:178,0
DA:211,0
DA:225,19
LF:47
LH:10
BRDA:45,0,0,0
BRDA:45,0,1,0
BRDA:59,1,0,0
BRDA:59,1,1,0
BRDA:60,2,0,0
BRDA:60,2,1,0
BRDA:61,3,0,0
BRDA:61,3,1,0
BRDA:67,4,0,0
BRDA:69,5,0,0
BRDA:69,5,1,0
BRDA:70,6,0,0
BRDA:70,6,1,0
BRDA:71,7,0,0
BRDA:71,7,1,0
BRDA:72,8,0,0
BRDA:72,8,1,0
BRDA:79,9,0,0
BRDA:81,10,0,0
BRDA:81,10,1,0
BRDA:82,11,0,0
BRDA:82,11,1,0
BRDA:83,12,0,0
BRDA:83,12,1,0
BRDA:134,13,0,0
BRDA:134,13,1,0
BRDA:213,14,0,0
BRDA:213,14,1,0
BRDA:214,15,0,0
BRDA:214,15,1,0
BRF:30
BRH:0
end_of_record
TN:
SF:src\utils\apiError.js
FN:2,(anonymous_0)
FNF:1
FNH:1
FNDA:22,(anonymous_0)
DA:3,22
DA:4,22
DA:5,22
DA:6,22
DA:8,22
DA:12,19
LF:6
LH:6
BRDA:5,0,0,7
BRDA:5,0,1,15
BRF:2
BRH:2
end_of_record
TN:
SF:src\utils\auth.js
FN:9,(anonymous_0)
FN:22,(anonymous_1)
FN:31,(anonymous_2)
FN:42,(anonymous_3)
FNF:4
FNH:1
FNDA:6,(anonymous_0)
FNDA:0,(anonymous_1)
FNDA:0,(anonymous_2)
FNDA:0,(anonymous_3)
DA:1,3
DA:2,3
DA:9,3
DA:10,6
DA:22,3
DA:23,0
DA:31,3
DA:32,0
DA:33,0
DA:42,3
DA:43,0
DA:46,3
LF:12
LH:8
BRDA:12,0,0,6
BRDA:12,0,1,0
BRDA:23,1,0,0
BRDA:23,1,1,0
BRF:4
BRH:1
end_of_record
TN:
SF:src\utils\cleanup.js
FN:9,cleanupTempFiles
FNF:1
FNH:0
FNDA:0,cleanupTempFiles
DA:1,1
DA:2,1
DA:10,0
DA:12,0
DA:15,0
DA:16,0
DA:17,0
DA:19,0
DA:20,0
DA:21,0
DA:22,0
DA:23,0
DA:25,0
DA:26,0
DA:29,0
DA:33,0
DA:34,0
DA:35,0
DA:37,0
DA:41,1
LF:20
LH:3
BRDA:9,0,0,0
BRDA:9,1,0,0
BRDA:25,2,0,0
BRDA:25,2,1,0
BRDA:33,3,0,0
BRDA:33,3,1,0
BRF:6
BRH:0
end_of_record
TN:
SF:src\utils\constants.js
FNF:0
FNH:0
DA:2,19
DA:10,19
DA:19,19
DA:27,19
DA:34,19
DA:56,19
DA:63,19
DA:72,19
DA:83,19
DA:91,19
DA:99,19
DA:108,19
DA:120,19
DA:127,19
LF:14
LH:14
BRF:0
BRH:0
end_of_record
TN:
SF:src\utils\jwt.js
FN:3,(anonymous_0)
FN:9,(anonymous_1)
FNF:2
FNH:1
FNDA:22,(anonymous_0)
FNDA:0,(anonymous_1)
DA:1,5
DA:3,5
DA:4,22
DA:9,5
DA:10,0
DA:13,5
LF:6
LH:5
BRF:0
BRH:0
end_of_record
TN:
SF:src\utils\logger.js
FN:49,(anonymous_0)
FN:61,(anonymous_1)
FN:70,(anonymous_2)
FN:79,(anonymous_3)
FN:87,(anonymous_4)
FNF:5
FNH:1
FNDA:35,(anonymous_0)
FNDA:0,(anonymous_1)
FNDA:0,(anonymous_2)
FNDA:0,(anonymous_3)
FNDA:0,(anonymous_4)
DA:1,19
DA:2,19
DA:3,19
DA:4,19
DA:6,19
DA:9,19
DA:15,19
DA:38,19
DA:39,19
DA:48,19
DA:50,35
DA:55,19
DA:58,19
DA:61,19
DA:62,0
DA:70,19
DA:71,0
DA:79,19
DA:80,0
DA:87,19
DA:88,0
DA:95,19
LF:22
LH:18
BRDA:16,0,0,19
BRDA:16,0,1,19
BRDA:38,1,0,19
BRDA:38,1,1,0
BRDA:61,2,0,0
BRDA:70,3,0,0
BRDA:79,4,0,0
BRDA:87,5,0,0
BRF:8
BRH:3
end_of_record
